#! /c/Source/iverilog-install/bin/vvp
:ivl_version "12.0 (devel)" "(s20150603-1110-g18392a46)";
:ivl_delay_selection "TYPICAL";
:vpi_time_precision + 0;
:vpi_module "C:\iverilog\lib\ivl\system.vpi";
:vpi_module "C:\iverilog\lib\ivl\vhdl_sys.vpi";
:vpi_module "C:\iverilog\lib\ivl\vhdl_textio.vpi";
:vpi_module "C:\iverilog\lib\ivl\v2005_math.vpi";
:vpi_module "C:\iverilog\lib\ivl\va_math.vpi";
S_0000015d1a5fa430 .scope module, "mux_2x1_tb" "mux_2x1_tb" 2 3;
 .timescale 0 0;
v0000015d1a612fc0_0 .var "a", 0 0;
v0000015d1a613060_0 .var "b", 0 0;
v0000015d1a5fb4b0_0 .var "sel", 0 0;
v0000015d1a5fb550_0 .net "y", 0 0, L_0000015d1a68cd40;  1 drivers
S_0000015d1a5fa5c0 .scope module, "DUT" "mux_2x1" 2 8, 3 2 0, S_0000015d1a5fa430;
 .timescale 0 0;
    .port_info 0 /OUTPUT 1 "y";
    .port_info 1 /INPUT 1 "a";
    .port_info 2 /INPUT 1 "b";
    .port_info 3 /INPUT 1 "sel";
L_0000015d1a613100 .functor AND 1, v0000015d1a5fb4b0_0, v0000015d1a612fc0_0, C4<1>, C4<1>;
L_0000015d1a613490 .functor NOT 1, v0000015d1a5fb4b0_0, C4<0>, C4<0>, C4<0>;
L_0000015d1a6136b0 .functor AND 1, L_0000015d1a613490, v0000015d1a613060_0, C4<1>, C4<1>;
L_0000015d1a68cd40 .functor OR 1, L_0000015d1a613100, L_0000015d1a6136b0, C4<0>, C4<0>;
v0000015d1a5fa750_0 .net *"_ivl_0", 0 0, L_0000015d1a613100;  1 drivers
v0000015d1a645e10_0 .net *"_ivl_2", 0 0, L_0000015d1a613490;  1 drivers
v0000015d1a612ca0_0 .net *"_ivl_4", 0 0, L_0000015d1a6136b0;  1 drivers
v0000015d1a612d40_0 .net "a", 0 0, v0000015d1a612fc0_0;  1 drivers
v0000015d1a612de0_0 .net "b", 0 0, v0000015d1a613060_0;  1 drivers
v0000015d1a612e80_0 .net "sel", 0 0, v0000015d1a5fb4b0_0;  1 drivers
v0000015d1a612f20_0 .net "y", 0 0, L_0000015d1a68cd40;  alias, 1 drivers
    .scope S_0000015d1a5fa430;
T_0 ;
    %vpi_call 2 12 "$monitor", "T=%0t, a=%0b, b=%0b, sel=%0b, y=%0b", $time, v0000015d1a612fc0_0, v0000015d1a613060_0, v0000015d1a5fb4b0_0, v0000015d1a5fb550_0 {0 0 0};
    %pushi/vec4 0, 0, 1;
    %store/vec4 v0000015d1a612fc0_0, 0, 1;
    %pushi/vec4 0, 0, 1;
    %store/vec4 v0000015d1a613060_0, 0, 1;
    %pushi/vec4 0, 0, 1;
    %store/vec4 v0000015d1a5fb4b0_0, 0, 1;
    %delay 10, 0;
    %pushi/vec4 0, 0, 1;
    %store/vec4 v0000015d1a612fc0_0, 0, 1;
    %pushi/vec4 0, 0, 1;
    %store/vec4 v0000015d1a613060_0, 0, 1;
    %pushi/vec4 1, 0, 1;
    %store/vec4 v0000015d1a5fb4b0_0, 0, 1;
    %delay 10, 0;
    %pushi/vec4 0, 0, 1;
    %store/vec4 v0000015d1a612fc0_0, 0, 1;
    %pushi/vec4 1, 0, 1;
    %store/vec4 v0000015d1a613060_0, 0, 1;
    %pushi/vec4 0, 0, 1;
    %store/vec4 v0000015d1a5fb4b0_0, 0, 1;
    %delay 10, 0;
    %pushi/vec4 0, 0, 1;
    %store/vec4 v0000015d1a612fc0_0, 0, 1;
    %pushi/vec4 1, 0, 1;
    %store/vec4 v0000015d1a613060_0, 0, 1;
    %pushi/vec4 1, 0, 1;
    %store/vec4 v0000015d1a5fb4b0_0, 0, 1;
    %delay 10, 0;
    %pushi/vec4 1, 0, 1;
    %store/vec4 v0000015d1a612fc0_0, 0, 1;
    %pushi/vec4 0, 0, 1;
    %store/vec4 v0000015d1a613060_0, 0, 1;
    %pushi/vec4 0, 0, 1;
    %store/vec4 v0000015d1a5fb4b0_0, 0, 1;
    %delay 10, 0;
    %pushi/vec4 1, 0, 1;
    %store/vec4 v0000015d1a612fc0_0, 0, 1;
    %pushi/vec4 0, 0, 1;
    %store/vec4 v0000015d1a613060_0, 0, 1;
    %pushi/vec4 1, 0, 1;
    %store/vec4 v0000015d1a5fb4b0_0, 0, 1;
    %delay 10, 0;
    %pushi/vec4 1, 0, 1;
    %store/vec4 v0000015d1a612fc0_0, 0, 1;
    %pushi/vec4 1, 0, 1;
    %store/vec4 v0000015d1a613060_0, 0, 1;
    %pushi/vec4 0, 0, 1;
    %store/vec4 v0000015d1a5fb4b0_0, 0, 1;
    %delay 10, 0;
    %pushi/vec4 1, 0, 1;
    %store/vec4 v0000015d1a612fc0_0, 0, 1;
    %pushi/vec4 1, 0, 1;
    %store/vec4 v0000015d1a613060_0, 0, 1;
    %pushi/vec4 1, 0, 1;
    %store/vec4 v0000015d1a5fb4b0_0, 0, 1;
    %end;
    .thread T_0;
# The file index is used to find the file name in the following table.
:file_names 4;
    "N/A";
    "<interactive>";
    "mux_2x1_tb.v";
    "./mux_2x1.v";
