#! /c/Source/iverilog-install/bin/vvp
:ivl_version "12.0 (devel)" "(s20150603-1110-g18392a46)";
:ivl_delay_selection "TYPICAL";
:vpi_time_precision + 0;
:vpi_module "C:\iverilog\lib\ivl\system.vpi";
:vpi_module "C:\iverilog\lib\ivl\vhdl_sys.vpi";
:vpi_module "C:\iverilog\lib\ivl\vhdl_textio.vpi";
:vpi_module "C:\iverilog\lib\ivl\v2005_math.vpi";
:vpi_module "C:\iverilog\lib\ivl\va_math.vpi";
S_000002af35dab9d0 .scope module, "tb" "tb" 2 3;
 .timescale 0 0;
v000002af35e66960_0 .var "clk", 0 0;
v000002af35e66a00_0 .net "out", 3 0, v000002af35e33120_0;  1 drivers
v000002af35e66aa0_0 .var "rst", 0 0;
v000002af35e66b40_0 .var "up", 0 0;
S_000002af35e667d0 .scope module, "c0" "counter" 2 10, 3 1 0, S_000002af35dab9d0;
 .timescale 0 0;
    .port_info 0 /INPUT 1 "clk";
    .port_info 1 /INPUT 1 "rst";
    .port_info 2 /INPUT 1 "up";
    .port_info 3 /OUTPUT 4 "out";
v000002af35e333d0_0 .net "clk", 0 0, v000002af35e66960_0;  1 drivers
v000002af35e33120_0 .var "out", 3 0;
v000002af35dab610_0 .net "rst", 0 0, v000002af35e66aa0_0;  1 drivers
v000002af35dabb60_0 .net "up", 0 0, v000002af35e66b40_0;  1 drivers
E_000002af35da9ab0 .event posedge, v000002af35e333d0_0;
    .scope S_000002af35e667d0;
T_0 ;
    %pushi/vec4 0, 0, 4;
    %assign/vec4 v000002af35e33120_0, 0;
    %end;
    .thread T_0;
    .scope S_000002af35e667d0;
T_1 ;
    %wait E_000002af35da9ab0;
    %load/vec4 v000002af35dab610_0;
    %flag_set/vec4 8;
    %jmp/0xz  T_1.0, 8;
    %pushi/vec4 0, 0, 4;
    %assign/vec4 v000002af35e33120_0, 0;
    %jmp T_1.1;
T_1.0 ;
    %load/vec4 v000002af35e33120_0;
    %pad/u 32;
    %cmpi/u 0, 0, 32;
    %jmp/0xz  T_1.2, 5;
    %pushi/vec4 15, 0, 4;
    %store/vec4 v000002af35e33120_0, 0, 4;
    %jmp T_1.3;
T_1.2 ;
    %load/vec4 v000002af35dabb60_0;
    %flag_set/vec4 8;
    %jmp/0xz  T_1.4, 8;
    %load/vec4 v000002af35e33120_0;
    %addi 1, 0, 4;
    %assign/vec4 v000002af35e33120_0, 0;
    %jmp T_1.5;
T_1.4 ;
    %load/vec4 v000002af35e33120_0;
    %subi 1, 0, 4;
    %assign/vec4 v000002af35e33120_0, 0;
T_1.5 ;
T_1.3 ;
T_1.1 ;
    %jmp T_1;
    .thread T_1;
    .scope S_000002af35dab9d0;
T_2 ;
    %delay 5, 0;
    %load/vec4 v000002af35e66960_0;
    %inv;
    %store/vec4 v000002af35e66960_0, 0, 1;
    %jmp T_2;
    .thread T_2;
    .scope S_000002af35dab9d0;
T_3 ;
    %vpi_call 2 15 "$monitor", "out=%4b", v000002af35e66a00_0 {0 0 0};
    %end;
    .thread T_3;
    .scope S_000002af35dab9d0;
T_4 ;
    %vpi_call 2 18 "$dumpfile", "tb.vcd" {0 0 0};
    %vpi_call 2 19 "$dumpvars", 32'sb00000000000000000000000000000000, S_000002af35dab9d0 {0 0 0};
    %end;
    .thread T_4;
    .scope S_000002af35dab9d0;
T_5 ;
    %pushi/vec4 0, 0, 1;
    %assign/vec4 v000002af35e66960_0, 0;
    %pushi/vec4 0, 0, 1;
    %assign/vec4 v000002af35e66aa0_0, 0;
    %pushi/vec4 1, 0, 1;
    %assign/vec4 v000002af35e66b40_0, 0;
    %delay 150, 0;
    %pushi/vec4 1, 0, 1;
    %assign/vec4 v000002af35e66aa0_0, 0;
    %vpi_call 2 30 "$display", "Down" {0 0 0};
    %pushi/vec4 0, 0, 1;
    %assign/vec4 v000002af35e66b40_0, 0;
    %delay 10, 0;
    %pushi/vec4 0, 0, 1;
    %assign/vec4 v000002af35e66aa0_0, 0;
    %delay 150, 0;
    %pushi/vec4 1, 0, 1;
    %assign/vec4 v000002af35e66aa0_0, 0;
    %delay 20, 0;
    %vpi_call 2 36 "$finish" {0 0 0};
    %end;
    .thread T_5;
# The file index is used to find the file name in the following table.
:file_names 4;
    "N/A";
    "<interactive>";
    "tb.v";
    "./b.v";
