#! /c/Source/iverilog-install/bin/vvp
:ivl_version "12.0 (devel)" "(s20150603-1110-g18392a46)";
:ivl_delay_selection "TYPICAL";
:vpi_time_precision + 0;
:vpi_module "C:\iverilog\lib\ivl\system.vpi";
:vpi_module "C:\iverilog\lib\ivl\vhdl_sys.vpi";
:vpi_module "C:\iverilog\lib\ivl\vhdl_textio.vpi";
:vpi_module "C:\iverilog\lib\ivl\v2005_math.vpi";
:vpi_module "C:\iverilog\lib\ivl\va_math.vpi";
S_000001341f692df0 .scope module, "tb" "tb" 2 1;
 .timescale 0 0;
v000001341f693a00_0 .var/i "count", 31 0;
v000001341f67eed0_0 .var "found", 0 0;
v000001341f692f80_0 .var "num", 7 0;
    .scope S_000001341f692df0;
T_0 ;
    %pushi/vec4 100, 0, 8;
    %store/vec4 v000001341f692f80_0, 0, 8;
    %pushi/vec4 0, 0, 32;
    %store/vec4 v000001341f693a00_0, 0, 32;
    %pushi/vec4 0, 0, 1;
    %store/vec4 v000001341f67eed0_0, 0, 1;
    %end;
    .thread T_0;
    .scope S_000001341f692df0;
T_1 ;
T_1.0 ;
    %pushi/vec4 0, 0, 32;
    %load/vec4 v000001341f692f80_0;
    %pad/u 32;
    %cmp/u;
    %flag_get/vec4 5;
    %load/vec4 v000001341f67eed0_0;
    %pad/u 32;
    %pushi/vec4 1, 0, 32;
    %cmp/ne;
    %flag_get/vec4 4;
    %and;
    %flag_set/vec4 8;
    %jmp/0xz T_1.1, 8;
    %load/vec4 v000001341f692f80_0;
    %parti/s 1, 0, 2;
    %pad/u 32;
    %cmpi/e 1, 0, 32;
    %jmp/0xz  T_1.2, 4;
    %load/vec4 v000001341f693a00_0;
    %addi 1, 0, 32;
    %vpi_call 2 17 "$display", S<0,vec4,s32> {1 0 0};
    %pushi/vec4 1, 0, 1;
    %store/vec4 v000001341f67eed0_0, 0, 1;
T_1.2 ;
    %load/vec4 v000001341f692f80_0;
    %ix/load 4, 1, 0;
    %flag_set/imm 4, 0;
    %shiftr 4;
    %store/vec4 v000001341f692f80_0, 0, 8;
    %load/vec4 v000001341f693a00_0;
    %addi 1, 0, 32;
    %store/vec4 v000001341f693a00_0, 0, 32;
    %jmp T_1.0;
T_1.1 ;
    %end;
    .thread T_1;
    .scope S_000001341f692df0;
T_2 ;
    %vpi_call 2 28 "$dumpfile", "a.vcd" {0 0 0};
    %vpi_call 2 29 "$dumpvars", 32'sb00000000000000000000000000000000, S_000001341f692df0 {0 0 0};
    %end;
    .thread T_2;
# The file index is used to find the file name in the following table.
:file_names 3;
    "N/A";
    "<interactive>";
    "a.v";
