#! /c/Source/iverilog-install/bin/vvp
:ivl_version "12.0 (devel)" "(s20150603-1110-g18392a46)";
:ivl_delay_selection "TYPICAL";
:vpi_time_precision + 0;
:vpi_module "C:\iverilog\lib\ivl\system.vpi";
:vpi_module "C:\iverilog\lib\ivl\vhdl_sys.vpi";
:vpi_module "C:\iverilog\lib\ivl\vhdl_textio.vpi";
:vpi_module "C:\iverilog\lib\ivl\v2005_math.vpi";
:vpi_module "C:\iverilog\lib\ivl\va_math.vpi";
S_000002974dfd2df0 .scope module, "jkff" "jkff" 2 1;
 .timescale 0 0;
    .port_info 0 /INPUT 1 "j";
    .port_info 1 /INPUT 1 "k";
    .port_info 2 /INPUT 1 "rst";
    .port_info 3 /INPUT 1 "clk";
    .port_info 4 /OUTPUT 1 "q";
o000002974e006fd8 .functor BUFZ 1, C4<z>; HiZ drive
v000002974dfd3370_0 .net "clk", 0 0, o000002974e006fd8;  0 drivers
o000002974e007008 .functor BUFZ 1, C4<z>; HiZ drive
v000002974dfd2f80_0 .net "j", 0 0, o000002974e007008;  0 drivers
o000002974e007038 .functor BUFZ 1, C4<z>; HiZ drive
v000002974dfd3020_0 .net "k", 0 0, o000002974e007038;  0 drivers
v000002974dfd30c0_0 .var "q", 0 0;
o000002974e007098 .functor BUFZ 1, C4<z>; HiZ drive
v000002974df4e150_0 .net "rst", 0 0, o000002974e007098;  0 drivers
E_000002974df49400 .event posedge, v000002974dfd3370_0;
    .scope S_000002974dfd2df0;
T_0 ;
    %wait E_000002974df49400;
    %load/vec4 v000002974df4e150_0;
    %nor/r;
    %flag_set/vec4 8;
    %jmp/0xz  T_0.0, 8;
    %pushi/vec4 0, 0, 1;
    %assign/vec4 v000002974dfd30c0_0, 0;
    %jmp T_0.1;
T_0.0 ;
    %load/vec4 v000002974dfd2f80_0;
    %load/vec4 v000002974dfd3020_0;
    %concat/vec4; draw_concat_vec4
    %dup/vec4;
    %pushi/vec4 0, 0, 2;
    %cmp/u;
    %jmp/1 T_0.2, 6;
    %dup/vec4;
    %pushi/vec4 1, 0, 2;
    %cmp/u;
    %jmp/1 T_0.3, 6;
    %dup/vec4;
    %pushi/vec4 2, 0, 2;
    %cmp/u;
    %jmp/1 T_0.4, 6;
    %dup/vec4;
    %pushi/vec4 3, 0, 2;
    %cmp/u;
    %jmp/1 T_0.5, 6;
    %jmp T_0.6;
T_0.2 ;
    %load/vec4 v000002974dfd30c0_0;
    %assign/vec4 v000002974dfd30c0_0, 0;
    %jmp T_0.6;
T_0.3 ;
    %pushi/vec4 0, 0, 1;
    %assign/vec4 v000002974dfd30c0_0, 0;
    %jmp T_0.6;
T_0.4 ;
    %pushi/vec4 1, 0, 1;
    %assign/vec4 v000002974dfd30c0_0, 0;
    %jmp T_0.6;
T_0.5 ;
    %load/vec4 v000002974dfd30c0_0;
    %inv;
    %assign/vec4 v000002974dfd30c0_0, 0;
    %jmp T_0.6;
T_0.6 ;
    %pop/vec4 1;
T_0.1 ;
    %jmp T_0;
    .thread T_0;
# The file index is used to find the file name in the following table.
:file_names 3;
    "N/A";
    "<interactive>";
    "a.v";
