#! /c/Source/iverilog-install/bin/vvp
:ivl_version "12.0 (devel)" "(s20150603-1110-g18392a46)";
:ivl_delay_selection "TYPICAL";
:vpi_time_precision + 0;
:vpi_module "C:\iverilog\lib\ivl\system.vpi";
:vpi_module "C:\iverilog\lib\ivl\vhdl_sys.vpi";
:vpi_module "C:\iverilog\lib\ivl\vhdl_textio.vpi";
:vpi_module "C:\iverilog\lib\ivl\v2005_math.vpi";
:vpi_module "C:\iverilog\lib\ivl\va_math.vpi";
S_000001fdbc0bb8b0 .scope module, "tb" "tb" 2 3;
 .timescale 0 0;
v000001fdbc176740_0 .var "clk", 0 0;
v000001fdbc0ba510_0 .net "q", 0 0, v000001fdbc1435f0_0;  1 drivers
v000001fdbc0ba5b0_0 .var "t", 0 0;
S_000001fdbc0bba40 .scope module, "jk0" "tff" 2 12, 3 1 0, S_000001fdbc0bb8b0;
 .timescale 0 0;
    .port_info 0 /INPUT 1 "t";
    .port_info 1 /INPUT 1 "clk";
    .port_info 2 /OUTPUT 1 "q";
v000001fdbc0bbbd0_0 .net "clk", 0 0, v000001fdbc176740_0;  1 drivers
v000001fdbc1435f0_0 .var "q", 0 0;
v000001fdbc1433d0_0 .net "t", 0 0, v000001fdbc0ba5b0_0;  1 drivers
E_000001fdbc0bcef0 .event posedge, v000001fdbc0bbbd0_0;
    .scope S_000001fdbc0bba40;
T_0 ;
    %pushi/vec4 0, 0, 1;
    %assign/vec4 v000001fdbc1435f0_0, 0;
    %end;
    .thread T_0;
    .scope S_000001fdbc0bba40;
T_1 ;
    %wait E_000001fdbc0bcef0;
    %load/vec4 v000001fdbc1433d0_0;
    %dup/vec4;
    %pushi/vec4 0, 0, 1;
    %cmp/u;
    %jmp/1 T_1.0, 6;
    %dup/vec4;
    %pushi/vec4 1, 0, 1;
    %cmp/u;
    %jmp/1 T_1.1, 6;
    %jmp T_1.2;
T_1.0 ;
    %load/vec4 v000001fdbc1435f0_0;
    %assign/vec4 v000001fdbc1435f0_0, 0;
    %jmp T_1.2;
T_1.1 ;
    %load/vec4 v000001fdbc1435f0_0;
    %inv;
    %assign/vec4 v000001fdbc1435f0_0, 0;
    %jmp T_1.2;
T_1.2 ;
    %pop/vec4 1;
    %jmp T_1;
    .thread T_1;
    .scope S_000001fdbc0bb8b0;
T_2 ;
    %pushi/vec4 0, 0, 1;
    %assign/vec4 v000001fdbc176740_0, 0;
    %end;
    .thread T_2;
    .scope S_000001fdbc0bb8b0;
T_3 ;
    %delay 5, 0;
    %load/vec4 v000001fdbc176740_0;
    %inv;
    %store/vec4 v000001fdbc176740_0, 0, 1;
    %jmp T_3;
    .thread T_3;
    .scope S_000001fdbc0bb8b0;
T_4 ;
    %pushi/vec4 0, 0, 1;
    %assign/vec4 v000001fdbc0ba5b0_0, 0;
    %delay 10, 0;
    %pushi/vec4 1, 0, 1;
    %assign/vec4 v000001fdbc0ba5b0_0, 0;
    %delay 10, 0;
    %vpi_call 2 17 "$finish" {0 0 0};
    %end;
    .thread T_4;
    .scope S_000001fdbc0bb8b0;
T_5 ;
    %vpi_call 2 22 "$dumpfile", "tb.vcd" {0 0 0};
    %vpi_call 2 23 "$dumpvars", 32'sb00000000000000000000000000000000, S_000001fdbc0bb8b0 {0 0 0};
    %end;
    .thread T_5;
    .scope S_000001fdbc0bb8b0;
T_6 ;
    %vpi_call 2 28 "$monitor", "T=%0t, t=%0b q=%0b", $time, v000001fdbc0ba5b0_0, v000001fdbc0ba510_0 {0 0 0};
    %end;
    .thread T_6;
# The file index is used to find the file name in the following table.
:file_names 4;
    "N/A";
    "<interactive>";
    "tb.v";
    "./a.v";
