#! /c/Source/iverilog-install/bin/vvp
:ivl_version "12.0 (devel)" "(s20150603-1110-g18392a46)";
:ivl_delay_selection "TYPICAL";
:vpi_time_precision + 0;
:vpi_module "C:\iverilog\lib\ivl\system.vpi";
:vpi_module "C:\iverilog\lib\ivl\vhdl_sys.vpi";
:vpi_module "C:\iverilog\lib\ivl\vhdl_textio.vpi";
:vpi_module "C:\iverilog\lib\ivl\v2005_math.vpi";
:vpi_module "C:\iverilog\lib\ivl\va_math.vpi";
S_0000025be4e5ba00 .scope module, "tb" "tb" 2 2;
 .timescale 0 0;
v0000025be4f126f0_0 .var "a", 0 0;
v0000025be4f125b0_0 .var "b", 0 0;
v0000025be4f12150_0 .var "c", 0 0;
v0000025be4f12010_0 .net "carr", 0 0, L_0000025be4f19ab0;  1 drivers
v0000025be4f12470_0 .net "s", 0 0, L_0000025be4f197a0;  1 drivers
S_0000025be4e5d500 .scope module, "f0" "full_adder" 2 7, 3 3 0, S_0000025be4e5ba00;
 .timescale 0 0;
    .port_info 0 /OUTPUT 1 "cout";
    .port_info 1 /OUTPUT 1 "s";
    .port_info 2 /INPUT 1 "a";
    .port_info 3 /INPUT 1 "b";
    .port_info 4 /INPUT 1 "c";
L_0000025be4f19ab0 .functor OR 1, L_0000025be4f19650, L_0000025be4f199d0, C4<0>, C4<0>;
v0000025be4ee2fe0_0 .net "a", 0 0, v0000025be4f126f0_0;  1 drivers
v0000025be4ee3080_0 .net "b", 0 0, v0000025be4f125b0_0;  1 drivers
v0000025be4ee3120_0 .net "c", 0 0, v0000025be4f12150_0;  1 drivers
v0000025be4ee31c0_0 .net "cout", 0 0, L_0000025be4f19ab0;  alias, 1 drivers
v0000025be4f12650_0 .net "cout1", 0 0, L_0000025be4f19650;  1 drivers
v0000025be4f12830_0 .net "cout2", 0 0, L_0000025be4f199d0;  1 drivers
v0000025be4f12330_0 .net "s", 0 0, L_0000025be4f197a0;  alias, 1 drivers
v0000025be4f12790_0 .net "sum1", 0 0, L_0000025be4f19960;  1 drivers
S_0000025be4e5d690 .scope module, "h0" "half_adder" 3 7, 4 1 0, S_0000025be4e5d500;
 .timescale 0 0;
    .port_info 0 /OUTPUT 1 "cout";
    .port_info 1 /OUTPUT 1 "s";
    .port_info 2 /INPUT 1 "a";
    .port_info 3 /INPUT 1 "b";
L_0000025be4f19650 .functor AND 1, v0000025be4f126f0_0, v0000025be4f125b0_0, C4<1>, C4<1>;
L_0000025be4f19960 .functor XOR 1, v0000025be4f126f0_0, v0000025be4f125b0_0, C4<0>, C4<0>;
v0000025be4ee3430_0 .net "a", 0 0, v0000025be4f126f0_0;  alias, 1 drivers
v0000025be4ee3650_0 .net "b", 0 0, v0000025be4f125b0_0;  alias, 1 drivers
v0000025be4f16320_0 .net "cout", 0 0, L_0000025be4f19650;  alias, 1 drivers
v0000025be4e5b6c0_0 .net "s", 0 0, L_0000025be4f19960;  alias, 1 drivers
S_0000025be4e5d820 .scope module, "h1" "half_adder" 3 8, 4 1 0, S_0000025be4e5d500;
 .timescale 0 0;
    .port_info 0 /OUTPUT 1 "cout";
    .port_info 1 /OUTPUT 1 "s";
    .port_info 2 /INPUT 1 "a";
    .port_info 3 /INPUT 1 "b";
L_0000025be4f199d0 .functor AND 1, L_0000025be4f19960, v0000025be4f12150_0, C4<1>, C4<1>;
L_0000025be4f197a0 .functor XOR 1, L_0000025be4f19960, v0000025be4f12150_0, C4<0>, C4<0>;
v0000025be4ee2d60_0 .net "a", 0 0, L_0000025be4f19960;  alias, 1 drivers
v0000025be4ee2e00_0 .net "b", 0 0, v0000025be4f12150_0;  alias, 1 drivers
v0000025be4ee2ea0_0 .net "cout", 0 0, L_0000025be4f199d0;  alias, 1 drivers
v0000025be4ee2f40_0 .net "s", 0 0, L_0000025be4f197a0;  alias, 1 drivers
    .scope S_0000025be4e5ba00;
T_0 ;
    %vpi_call 2 11 "$dumpfile", "tb.vcd" {0 0 0};
    %vpi_call 2 12 "$dumpvars", 32'sb00000000000000000000000000000000, S_0000025be4e5ba00 {0 0 0};
    %vpi_call 2 13 "$monitor", "%0t, a=%0b,b=%0b,cin=%0b, sum=%0b,carry=%0b", $time, v0000025be4f126f0_0, v0000025be4f125b0_0, v0000025be4f12150_0, v0000025be4f12470_0, v0000025be4f12010_0 {0 0 0};
    %pushi/vec4 0, 0, 3;
    %split/vec4 1;
    %store/vec4 v0000025be4f12150_0, 0, 1;
    %split/vec4 1;
    %store/vec4 v0000025be4f125b0_0, 0, 1;
    %store/vec4 v0000025be4f126f0_0, 0, 1;
    %delay 10, 0;
    %pushi/vec4 1, 0, 3;
    %split/vec4 1;
    %store/vec4 v0000025be4f12150_0, 0, 1;
    %split/vec4 1;
    %store/vec4 v0000025be4f125b0_0, 0, 1;
    %store/vec4 v0000025be4f126f0_0, 0, 1;
    %delay 10, 0;
    %pushi/vec4 2, 0, 3;
    %split/vec4 1;
    %store/vec4 v0000025be4f12150_0, 0, 1;
    %split/vec4 1;
    %store/vec4 v0000025be4f125b0_0, 0, 1;
    %store/vec4 v0000025be4f126f0_0, 0, 1;
    %delay 10, 0;
    %pushi/vec4 3, 0, 3;
    %split/vec4 1;
    %store/vec4 v0000025be4f12150_0, 0, 1;
    %split/vec4 1;
    %store/vec4 v0000025be4f125b0_0, 0, 1;
    %store/vec4 v0000025be4f126f0_0, 0, 1;
    %delay 10, 0;
    %pushi/vec4 4, 0, 3;
    %split/vec4 1;
    %store/vec4 v0000025be4f12150_0, 0, 1;
    %split/vec4 1;
    %store/vec4 v0000025be4f125b0_0, 0, 1;
    %store/vec4 v0000025be4f126f0_0, 0, 1;
    %delay 10, 0;
    %pushi/vec4 5, 0, 3;
    %split/vec4 1;
    %store/vec4 v0000025be4f12150_0, 0, 1;
    %split/vec4 1;
    %store/vec4 v0000025be4f125b0_0, 0, 1;
    %store/vec4 v0000025be4f126f0_0, 0, 1;
    %delay 10, 0;
    %pushi/vec4 6, 0, 3;
    %split/vec4 1;
    %store/vec4 v0000025be4f12150_0, 0, 1;
    %split/vec4 1;
    %store/vec4 v0000025be4f125b0_0, 0, 1;
    %store/vec4 v0000025be4f126f0_0, 0, 1;
    %delay 10, 0;
    %pushi/vec4 7, 0, 3;
    %split/vec4 1;
    %store/vec4 v0000025be4f12150_0, 0, 1;
    %split/vec4 1;
    %store/vec4 v0000025be4f125b0_0, 0, 1;
    %store/vec4 v0000025be4f126f0_0, 0, 1;
    %delay 10, 0;
    %vpi_call 2 24 "$finish" {0 0 0};
    %end;
    .thread T_0;
# The file index is used to find the file name in the following table.
:file_names 5;
    "N/A";
    "<interactive>";
    "tb.v";
    "./full_adder.v";
    "./half_adder.v";
