#! /c/Source/iverilog-install/bin/vvp
:ivl_version "12.0 (devel)" "(s20150603-1110-g18392a46)";
:ivl_delay_selection "TYPICAL";
:vpi_time_precision + 0;
:vpi_module "C:\iverilog\lib\ivl\system.vpi";
:vpi_module "C:\iverilog\lib\ivl\vhdl_sys.vpi";
:vpi_module "C:\iverilog\lib\ivl\vhdl_textio.vpi";
:vpi_module "C:\iverilog\lib\ivl\v2005_math.vpi";
:vpi_module "C:\iverilog\lib\ivl\va_math.vpi";
S_0000029f6e022df0 .scope module, "tb" "tb" 2 1;
 .timescale 0 0;
v0000029f6e023830_0 .var/i "i", 31 0;
v0000029f6e00b480_0 .var "num", 7 0;
    .scope S_0000029f6e022df0;
T_0 ;
    %pushi/vec4 0, 0, 32;
    %store/vec4 v0000029f6e023830_0, 0, 32;
T_0.0 ;
    %load/vec4 v0000029f6e023830_0;
    %cmpi/s 8, 0, 32;
    %jmp/0xz T_0.1, 5;
    %load/vec4 v0000029f6e023830_0;
    %pushi/vec4 2, 0, 32;
    %mod/s;
    %cmpi/e 0, 0, 32;
    %jmp/0xz  T_0.2, 4;
    %pushi/vec4 0, 0, 1;
    %ix/getv/s 4, v0000029f6e023830_0;
    %store/vec4 v0000029f6e00b480_0, 4, 1;
    %jmp T_0.3;
T_0.2 ;
    %pushi/vec4 1, 0, 1;
    %ix/getv/s 4, v0000029f6e023830_0;
    %store/vec4 v0000029f6e00b480_0, 4, 1;
T_0.3 ;
    %load/vec4 v0000029f6e023830_0;
    %addi 1, 0, 32;
    %store/vec4 v0000029f6e023830_0, 0, 32;
    %jmp T_0.0;
T_0.1 ;
    %end;
    .thread T_0;
    .scope S_0000029f6e022df0;
T_1 ;
    %vpi_call 2 16 "$monitor", "num=%8b", v0000029f6e00b480_0 {0 0 0};
    %end;
    .thread T_1;
    .scope S_0000029f6e022df0;
T_2 ;
    %vpi_call 2 19 "$dumpfile", "a.vcd" {0 0 0};
    %vpi_call 2 20 "$dumpvars", 32'sb00000000000000000000000000000000, S_0000029f6e022df0 {0 0 0};
    %end;
    .thread T_2;
# The file index is used to find the file name in the following table.
:file_names 3;
    "N/A";
    "<interactive>";
    "a.v";
