#! /c/Source/iverilog-install/bin/vvp
:ivl_version "12.0 (devel)" "(s20150603-1110-g18392a46)";
:ivl_delay_selection "TYPICAL";
:vpi_time_precision + 0;
:vpi_module "C:\iverilog\lib\ivl\system.vpi";
:vpi_module "C:\iverilog\lib\ivl\vhdl_sys.vpi";
:vpi_module "C:\iverilog\lib\ivl\vhdl_textio.vpi";
:vpi_module "C:\iverilog\lib\ivl\v2005_math.vpi";
:vpi_module "C:\iverilog\lib\ivl\va_math.vpi";
S_0000014cf3d85a50 .scope module, "and_tb" "and_tb" 2 3;
 .timescale 0 0;
v0000014cf3d85e10_0 .var "a", 0 0;
v0000014cf3ccb700_0 .var "b", 0 0;
v0000014cf3ccb7a0_0 .net "out", 0 0, L_0000014cf3d85eb0;  1 drivers
S_0000014cf3d85be0 .scope module, "and1" "andGate" 2 9, 3 1 0, S_0000014cf3d85a50;
 .timescale 0 0;
    .port_info 0 /INPUT 1 "a";
    .port_info 1 /INPUT 1 "b";
    .port_info 2 /OUTPUT 1 "out";
L_0000014cf3d85eb0 .functor AND 1, v0000014cf3d85e10_0, v0000014cf3ccb700_0, C4<1>, C4<1>;
v0000014cf3d535f0_0 .net "a", 0 0, v0000014cf3d85e10_0;  1 drivers
v0000014cf3d53120_0 .net "b", 0 0, v0000014cf3ccb700_0;  1 drivers
v0000014cf3d85d70_0 .net "out", 0 0, L_0000014cf3d85eb0;  alias, 1 drivers
    .scope S_0000014cf3d85a50;
T_0 ;
    %vpi_call 2 13 "$dumpfile", "and.vcd" {0 0 0};
    %vpi_call 2 14 "$dumpvars", 32'sb00000000000000000000000000000000, S_0000014cf3d85a50 {0 0 0};
    %vpi_call 2 16 "$monitor", "T =%0t, a =%0b , b = %0b , out = %0b", $time, v0000014cf3d85e10_0, v0000014cf3ccb700_0, v0000014cf3ccb7a0_0 {0 0 0};
    %pushi/vec4 0, 0, 1;
    %store/vec4 v0000014cf3d85e10_0, 0, 1;
    %pushi/vec4 0, 0, 1;
    %store/vec4 v0000014cf3ccb700_0, 0, 1;
    %delay 10, 0;
    %pushi/vec4 0, 0, 1;
    %store/vec4 v0000014cf3d85e10_0, 0, 1;
    %pushi/vec4 1, 0, 1;
    %store/vec4 v0000014cf3ccb700_0, 0, 1;
    %delay 10, 0;
    %pushi/vec4 1, 0, 1;
    %store/vec4 v0000014cf3d85e10_0, 0, 1;
    %pushi/vec4 0, 0, 1;
    %store/vec4 v0000014cf3ccb700_0, 0, 1;
    %delay 10, 0;
    %pushi/vec4 1, 0, 1;
    %store/vec4 v0000014cf3d85e10_0, 0, 1;
    %pushi/vec4 1, 0, 1;
    %store/vec4 v0000014cf3ccb700_0, 0, 1;
    %delay 10, 0;
    %vpi_call 2 23 "$finish" {0 0 0};
    %end;
    .thread T_0;
# The file index is used to find the file name in the following table.
:file_names 4;
    "N/A";
    "<interactive>";
    "and_tb.v";
    "./and.v";
