#! /c/Source/iverilog-install/bin/vvp
:ivl_version "12.0 (devel)" "(s20150603-1110-g18392a46)";
:ivl_delay_selection "TYPICAL";
:vpi_time_precision + 0;
:vpi_module "C:\iverilog\lib\ivl\system.vpi";
:vpi_module "C:\iverilog\lib\ivl\vhdl_sys.vpi";
:vpi_module "C:\iverilog\lib\ivl\vhdl_textio.vpi";
:vpi_module "C:\iverilog\lib\ivl\v2005_math.vpi";
:vpi_module "C:\iverilog\lib\ivl\va_math.vpi";
S_0000021a2f8e9f50 .scope module, "pic1_tb" "pic1_tb" 2 3;
 .timescale 0 0;
v0000021a2f814ac0_0 .var "m", 3 0;
v0000021a2f814b60_0 .net "out", 0 0, L_0000021a2f814d70;  1 drivers
S_0000021a2f8160b0 .scope module, "p0" "pic1" 2 8, 3 1 0, S_0000021a2f8e9f50;
 .timescale 0 0;
    .port_info 0 /INPUT 4 "m";
    .port_info 1 /OUTPUT 1 "out1";
L_0000021a2f814c00 .functor AND 1, L_0000021a2f8581a0, L_0000021a2f8586a0, C4<1>, C4<1>;
L_0000021a2f814c70 .functor AND 1, L_0000021a2f858420, L_0000021a2f858b00, C4<1>, C4<1>;
L_0000021a2f814d70 .functor OR 1, L_0000021a2f814c00, L_0000021a2f814c70, C4<0>, C4<0>;
v0000021a2f7e3540_0 .net *"_ivl_2", 0 0, L_0000021a2f8581a0;  1 drivers
v0000021a2f7e3760_0 .net *"_ivl_4", 0 0, L_0000021a2f8586a0;  1 drivers
v0000021a2f7e3120_0 .net *"_ivl_7", 0 0, L_0000021a2f858420;  1 drivers
v0000021a2f816240_0 .net *"_ivl_9", 0 0, L_0000021a2f858b00;  1 drivers
v0000021a2f8162e0_0 .net "m", 3 0, v0000021a2f814ac0_0;  1 drivers
v0000021a2f816380_0 .net "out1", 0 0, L_0000021a2f814d70;  alias, 1 drivers
v0000021a2f816420_0 .net "s0", 0 0, L_0000021a2f814c00;  1 drivers
v0000021a2f8164c0_0 .net "s1", 0 0, L_0000021a2f814c70;  1 drivers
L_0000021a2f8581a0 .part v0000021a2f814ac0_0, 0, 1;
L_0000021a2f8586a0 .part v0000021a2f814ac0_0, 1, 1;
L_0000021a2f858420 .part v0000021a2f814ac0_0, 2, 1;
L_0000021a2f858b00 .part v0000021a2f814ac0_0, 3, 1;
    .scope S_0000021a2f8e9f50;
T_0 ;
    %pushi/vec4 0, 0, 4;
    %store/vec4 v0000021a2f814ac0_0, 0, 4;
    %vpi_call 2 14 "$monitor", "T =%0t, m =%4b, out = %0b", $time, v0000021a2f814ac0_0, v0000021a2f814b60_0 {0 0 0};
    %pushi/vec4 15, 0, 4;
    %store/vec4 v0000021a2f814ac0_0, 0, 4;
    %delay 10, 0;
    %pushi/vec4 2, 0, 4;
    %store/vec4 v0000021a2f814ac0_0, 0, 4;
    %delay 10, 0;
    %pushi/vec4 4, 0, 4;
    %store/vec4 v0000021a2f814ac0_0, 0, 4;
    %delay 10, 0;
    %pushi/vec4 8, 0, 4;
    %store/vec4 v0000021a2f814ac0_0, 0, 4;
    %delay 10, 0;
    %vpi_call 2 21 "$finish" {0 0 0};
    %end;
    .thread T_0;
# The file index is used to find the file name in the following table.
:file_names 4;
    "N/A";
    "<interactive>";
    "pic1_tb.v";
    "./pic1.v";
