#! /c/Source/iverilog-install/bin/vvp
:ivl_version "12.0 (devel)" "(s20150603-1110-g18392a46)";
:ivl_delay_selection "TYPICAL";
:vpi_time_precision + 0;
:vpi_module "C:\iverilog\lib\ivl\system.vpi";
:vpi_module "C:\iverilog\lib\ivl\vhdl_sys.vpi";
:vpi_module "C:\iverilog\lib\ivl\vhdl_textio.vpi";
:vpi_module "C:\iverilog\lib\ivl\v2005_math.vpi";
:vpi_module "C:\iverilog\lib\ivl\va_math.vpi";
S_000001d0f89b5b20 .scope module, "not_tb" "not_tb" 2 3;
 .timescale 0 0;
v000001d0f89830a0_0 .var "a", 0 0;
v000001d0f8a78590_0 .net "out", 0 0, L_000001d0f89834b0;  1 drivers
S_000001d0f89b5cb0 .scope module, "n0" "notGate" 2 8, 3 1 0, S_000001d0f89b5b20;
 .timescale 0 0;
    .port_info 0 /INPUT 1 "a";
    .port_info 1 /OUTPUT 1 "out";
L_000001d0f89834b0 .functor NOT 1, v000001d0f89830a0_0, C4<0>, C4<0>, C4<0>;
v000001d0f89b5e40_0 .net "a", 0 0, v000001d0f89830a0_0;  1 drivers
v000001d0f8983290_0 .net "out", 0 0, L_000001d0f89834b0;  alias, 1 drivers
    .scope S_000001d0f89b5b20;
T_0 ;
    %vpi_call 2 14 "$monitor", "T =%0t, a =%0b, out =%0b", $time, v000001d0f89830a0_0, v000001d0f8a78590_0 {0 0 0};
    %pushi/vec4 0, 0, 1;
    %store/vec4 v000001d0f89830a0_0, 0, 1;
    %delay 10, 0;
    %pushi/vec4 1, 0, 1;
    %store/vec4 v000001d0f89830a0_0, 0, 1;
    %delay 10, 0;
    %end;
    .thread T_0;
# The file index is used to find the file name in the following table.
:file_names 4;
    "N/A";
    "<interactive>";
    "not_tb.v";
    "./not.v";
