#! /c/Source/iverilog-install/bin/vvp
:ivl_version "12.0 (devel)" "(s20150603-1110-g18392a46)";
:ivl_delay_selection "TYPICAL";
:vpi_time_precision + 0;
:vpi_module "C:\iverilog\lib\ivl\system.vpi";
:vpi_module "C:\iverilog\lib\ivl\vhdl_sys.vpi";
:vpi_module "C:\iverilog\lib\ivl\vhdl_textio.vpi";
:vpi_module "C:\iverilog\lib\ivl\v2005_math.vpi";
:vpi_module "C:\iverilog\lib\ivl\va_math.vpi";
S_0000022bdbb42df0 .scope module, "shifter" "shifter" 2 1;
 .timescale 0 0;
    .port_info 0 /OUTPUT 8 "out";
    .port_info 1 /INPUT 1 "rst";
    .port_info 2 /INPUT 1 "right";
    .port_info 3 /INPUT 1 "left";
    .port_info 4 /INPUT 1 "data";
    .port_info 5 /INPUT 1 "clk";
o0000022bdbb76fa8 .functor BUFZ 1, C4<z>; HiZ drive
v0000022bdbb434e0_0 .net "clk", 0 0, o0000022bdbb76fa8;  0 drivers
o0000022bdbb76fd8 .functor BUFZ 1, C4<z>; HiZ drive
v0000022bdbb42f80_0 .net "data", 0 0, o0000022bdbb76fd8;  0 drivers
o0000022bdbb77008 .functor BUFZ 1, C4<z>; HiZ drive
v0000022bdbb43020_0 .net "left", 0 0, o0000022bdbb77008;  0 drivers
v0000022bdbb430c0_0 .var "out", 7 0;
o0000022bdbb77068 .functor BUFZ 1, C4<z>; HiZ drive
v0000022bdbc5ba60_0 .net "right", 0 0, o0000022bdbb77068;  0 drivers
o0000022bdbb77098 .functor BUFZ 1, C4<z>; HiZ drive
v0000022bdbc5bb00_0 .net "rst", 0 0, o0000022bdbb77098;  0 drivers
E_0000022bdbc5c0b0 .event posedge, v0000022bdbb434e0_0;
    .scope S_0000022bdbb42df0;
T_0 ;
    %wait E_0000022bdbc5c0b0;
    %load/vec4 v0000022bdbc5bb00_0;
    %flag_set/vec4 8;
    %jmp/0xz  T_0.0, 8;
    %pushi/vec4 0, 0, 8;
    %store/vec4 v0000022bdbb430c0_0, 0, 8;
    %jmp T_0.1;
T_0.0 ;
    %load/vec4 v0000022bdbc5ba60_0;
    %flag_set/vec4 8;
    %jmp/0xz  T_0.2, 8;
    %load/vec4 v0000022bdbb430c0_0;
    %ix/load 4, 1, 0;
    %flag_set/imm 4, 0;
    %shiftr 4;
    %store/vec4 v0000022bdbb430c0_0, 0, 8;
    %load/vec4 v0000022bdbb42f80_0;
    %ix/load 4, 7, 0;
    %flag_set/imm 4, 0;
    %store/vec4 v0000022bdbb430c0_0, 4, 1;
    %jmp T_0.3;
T_0.2 ;
    %load/vec4 v0000022bdbb430c0_0;
    %ix/load 4, 1, 0;
    %flag_set/imm 4, 0;
    %shiftl 4;
    %store/vec4 v0000022bdbb430c0_0, 0, 8;
    %load/vec4 v0000022bdbb42f80_0;
    %ix/load 4, 0, 0;
    %flag_set/imm 4, 0;
    %store/vec4 v0000022bdbb430c0_0, 4, 1;
T_0.3 ;
T_0.1 ;
    %jmp T_0;
    .thread T_0;
# The file index is used to find the file name in the following table.
:file_names 3;
    "N/A";
    "<interactive>";
    "c.v";
