#! /c/Source/iverilog-install/bin/vvp
:ivl_version "12.0 (devel)" "(s20150603-1110-g18392a46)";
:ivl_delay_selection "TYPICAL";
:vpi_time_precision + 0;
:vpi_module "C:\iverilog\lib\ivl\system.vpi";
:vpi_module "C:\iverilog\lib\ivl\vhdl_sys.vpi";
:vpi_module "C:\iverilog\lib\ivl\vhdl_textio.vpi";
:vpi_module "C:\iverilog\lib\ivl\v2005_math.vpi";
:vpi_module "C:\iverilog\lib\ivl\va_math.vpi";
S_00000232a7a4b060 .scope module, "tb" "tb" 2 3;
 .timescale 0 0;
v00000232a7a4b420_0 .var "clk", 0 0;
v00000232a7ad2d20_0 .var "data", 0 0;
v00000232a7ad2dc0_0 .net "out", 7 0, v00000232a7a4ded0_0;  1 drivers
v00000232a7ad2e60_0 .var "right", 0 0;
v00000232a7ad2f00_0 .var "rst", 0 0;
S_00000232a7a4b1f0 .scope module, "s0" "shifter" 2 11, 3 1 0, S_00000232a7a4b060;
 .timescale 0 0;
    .port_info 0 /OUTPUT 8 "out";
    .port_info 1 /INPUT 1 "rst";
    .port_info 2 /INPUT 1 "right";
    .port_info 3 /INPUT 1 "data";
    .port_info 4 /INPUT 1 "clk";
v00000232a7ad3540_0 .net "clk", 0 0, v00000232a7a4b420_0;  1 drivers
v00000232a7ad3760_0 .net "data", 0 0, v00000232a7ad2d20_0;  1 drivers
v00000232a7a4ded0_0 .var "out", 7 0;
v00000232a7a4b940_0 .net "right", 0 0, v00000232a7ad2e60_0;  1 drivers
v00000232a7a4b380_0 .net "rst", 0 0, v00000232a7ad2f00_0;  1 drivers
E_00000232a7af6c10 .event posedge, v00000232a7ad3540_0;
    .scope S_00000232a7a4b1f0;
T_0 ;
    %pushi/vec4 230, 0, 8;
    %assign/vec4 v00000232a7a4ded0_0, 0;
    %end;
    .thread T_0;
    .scope S_00000232a7a4b1f0;
T_1 ;
    %wait E_00000232a7af6c10;
    %load/vec4 v00000232a7a4b380_0;
    %flag_set/vec4 8;
    %jmp/0xz  T_1.0, 8;
    %pushi/vec4 0, 0, 8;
    %store/vec4 v00000232a7a4ded0_0, 0, 8;
    %jmp T_1.1;
T_1.0 ;
    %load/vec4 v00000232a7a4b940_0;
    %flag_set/vec4 8;
    %jmp/0xz  T_1.2, 8;
    %load/vec4 v00000232a7a4ded0_0;
    %ix/load 4, 1, 0;
    %flag_set/imm 4, 0;
    %shiftr 4;
    %store/vec4 v00000232a7a4ded0_0, 0, 8;
    %load/vec4 v00000232a7ad3760_0;
    %ix/load 4, 7, 0;
    %flag_set/imm 4, 0;
    %store/vec4 v00000232a7a4ded0_0, 4, 1;
    %jmp T_1.3;
T_1.2 ;
    %load/vec4 v00000232a7a4ded0_0;
    %ix/load 4, 1, 0;
    %flag_set/imm 4, 0;
    %shiftl 4;
    %store/vec4 v00000232a7a4ded0_0, 0, 8;
    %load/vec4 v00000232a7ad3760_0;
    %ix/load 4, 0, 0;
    %flag_set/imm 4, 0;
    %store/vec4 v00000232a7a4ded0_0, 4, 1;
T_1.3 ;
T_1.1 ;
    %jmp T_1;
    .thread T_1;
    .scope S_00000232a7a4b060;
T_2 ;
    %delay 5, 0;
    %load/vec4 v00000232a7a4b420_0;
    %inv;
    %store/vec4 v00000232a7a4b420_0, 0, 1;
    %jmp T_2;
    .thread T_2;
    .scope S_00000232a7a4b060;
T_3 ;
    %vpi_call 2 17 "$monitor", "T=%0t, data=%0b, right=%0b, out=%8b", $time, v00000232a7ad2d20_0, v00000232a7ad2e60_0, v00000232a7ad2dc0_0 {0 0 0};
    %end;
    .thread T_3;
    .scope S_00000232a7a4b060;
T_4 ;
    %vpi_call 2 20 "$dumpfile", "tb.vcd" {0 0 0};
    %vpi_call 2 21 "$dumpvars", 32'sb00000000000000000000000000000000, S_00000232a7a4b060 {0 0 0};
    %end;
    .thread T_4;
    .scope S_00000232a7a4b060;
T_5 ;
    %pushi/vec4 0, 0, 1;
    %assign/vec4 v00000232a7a4b420_0, 0;
    %pushi/vec4 0, 0, 1;
    %assign/vec4 v00000232a7ad2d20_0, 0;
    %pushi/vec4 0, 0, 1;
    %assign/vec4 v00000232a7ad2e60_0, 0;
    %delay 20, 0;
    %pushi/vec4 0, 0, 1;
    %assign/vec4 v00000232a7ad2e60_0, 0;
    %pushi/vec4 1, 0, 1;
    %assign/vec4 v00000232a7ad2d20_0, 0;
    %delay 20, 0;
    %pushi/vec4 0, 0, 1;
    %assign/vec4 v00000232a7ad2e60_0, 0;
    %pushi/vec4 0, 0, 1;
    %assign/vec4 v00000232a7ad2d20_0, 0;
    %delay 20, 0;
    %pushi/vec4 0, 0, 1;
    %assign/vec4 v00000232a7ad2e60_0, 0;
    %pushi/vec4 1, 0, 1;
    %assign/vec4 v00000232a7ad2d20_0, 0;
    %delay 20, 0;
    %pushi/vec4 0, 0, 1;
    %assign/vec4 v00000232a7ad2e60_0, 0;
    %pushi/vec4 1, 0, 1;
    %assign/vec4 v00000232a7ad2d20_0, 0;
    %delay 20, 0;
    %pushi/vec4 1, 0, 1;
    %assign/vec4 v00000232a7ad2e60_0, 0;
    %pushi/vec4 0, 0, 1;
    %assign/vec4 v00000232a7ad2d20_0, 0;
    %delay 20, 0;
    %pushi/vec4 1, 0, 1;
    %assign/vec4 v00000232a7ad2e60_0, 0;
    %pushi/vec4 0, 0, 1;
    %assign/vec4 v00000232a7ad2d20_0, 0;
    %delay 20, 0;
    %pushi/vec4 1, 0, 1;
    %assign/vec4 v00000232a7ad2e60_0, 0;
    %pushi/vec4 1, 0, 1;
    %assign/vec4 v00000232a7ad2d20_0, 0;
    %delay 20, 0;
    %pushi/vec4 1, 0, 1;
    %assign/vec4 v00000232a7ad2e60_0, 0;
    %pushi/vec4 1, 0, 1;
    %assign/vec4 v00000232a7ad2d20_0, 0;
    %delay 20, 0;
    %vpi_call 2 41 "$finish" {0 0 0};
    %end;
    .thread T_5;
# The file index is used to find the file name in the following table.
:file_names 4;
    "N/A";
    "<interactive>";
    "tb.v";
    "./c.v";
