#! /c/Source/iverilog-install/bin/vvp
:ivl_version "12.0 (devel)" "(s20150603-1110-g18392a46)";
:ivl_delay_selection "TYPICAL";
:vpi_time_precision + 0;
:vpi_module "C:\iverilog\lib\ivl\system.vpi";
:vpi_module "C:\iverilog\lib\ivl\vhdl_sys.vpi";
:vpi_module "C:\iverilog\lib\ivl\vhdl_textio.vpi";
:vpi_module "C:\iverilog\lib\ivl\v2005_math.vpi";
:vpi_module "C:\iverilog\lib\ivl\va_math.vpi";
S_000002a5e9d16280 .scope module, "tb" "tb" 2 3;
 .timescale 0 0;
v000002a5e9d14be0_0 .net "a0", 0 0, L_000002a5e9db1040;  1 drivers
v000002a5e9d146e0_0 .net "a1", 0 0, L_000002a5e9d14aa0;  1 drivers
v000002a5e9d148c0_0 .var "y1", 0 0;
v000002a5e9d14d20_0 .var "y2", 0 0;
v000002a5e9d14960_0 .var "y3", 0 0;
S_000002a5e9d16410 .scope module, "e0" "encoder" 2 12, 3 1 0, S_000002a5e9d16280;
 .timescale 0 0;
    .port_info 0 /OUTPUT 1 "a0";
    .port_info 1 /OUTPUT 1 "a1";
    .port_info 2 /INPUT 1 "y3";
    .port_info 3 /INPUT 1 "y2";
    .port_info 4 /INPUT 1 "y1";
L_000002a5e9d68048 .functor BUFT 1, C4<1>, C4<0>, C4<0>, C4<0>;
v000002a5e9d165a0_0 .net/2u *"_ivl_0", 0 0, L_000002a5e9d68048;  1 drivers
v000002a5e9d14b40_0 .net *"_ivl_10", 0 0, L_000002a5e9d14a00;  1 drivers
L_000002a5e9d68168 .functor BUFT 1, C4<1>, C4<0>, C4<0>, C4<0>;
v000002a5e9d14460_0 .net/2u *"_ivl_14", 0 0, L_000002a5e9d68168;  1 drivers
L_000002a5e9d681b0 .functor BUFT 1, C4<1>, C4<0>, C4<0>, C4<0>;
v000002a5e9d14c80_0 .net/2u *"_ivl_16", 0 0, L_000002a5e9d681b0;  1 drivers
v000002a5e9d15040_0 .net *"_ivl_18", 0 0, L_000002a5e9d14fa0;  1 drivers
L_000002a5e9d68090 .functor BUFT 1, C4<1>, C4<0>, C4<0>, C4<0>;
v000002a5e9d14500_0 .net/2u *"_ivl_2", 0 0, L_000002a5e9d68090;  1 drivers
L_000002a5e9d681f8 .functor BUFT 1, C4<1>, C4<0>, C4<0>, C4<0>;
v000002a5e9d14320_0 .net/2u *"_ivl_20", 0 0, L_000002a5e9d681f8;  1 drivers
L_000002a5e9d68240 .functor BUFT 1, C4<0>, C4<0>, C4<0>, C4<0>;
v000002a5e9d14820_0 .net/2u *"_ivl_22", 0 0, L_000002a5e9d68240;  1 drivers
v000002a5e9d14e60_0 .net *"_ivl_24", 0 0, L_000002a5e9db0a00;  1 drivers
v000002a5e9d14280_0 .net *"_ivl_4", 0 0, L_000002a5e9d14f00;  1 drivers
L_000002a5e9d680d8 .functor BUFT 1, C4<1>, C4<0>, C4<0>, C4<0>;
v000002a5e9d14dc0_0 .net/2u *"_ivl_6", 0 0, L_000002a5e9d680d8;  1 drivers
L_000002a5e9d68120 .functor BUFT 1, C4<0>, C4<0>, C4<0>, C4<0>;
v000002a5e9d143c0_0 .net/2u *"_ivl_8", 0 0, L_000002a5e9d68120;  1 drivers
v000002a5e9d145a0_0 .net "a0", 0 0, L_000002a5e9db1040;  alias, 1 drivers
v000002a5e9d141e0_0 .net "a1", 0 0, L_000002a5e9d14aa0;  alias, 1 drivers
v000002a5e9d14780_0 .net "y1", 0 0, v000002a5e9d148c0_0;  1 drivers
v000002a5e9d14640_0 .net "y2", 0 0, v000002a5e9d14d20_0;  1 drivers
v000002a5e9d150e0_0 .net "y3", 0 0, v000002a5e9d14960_0;  1 drivers
L_000002a5e9d14f00 .functor MUXZ 1, L_000002a5e9d68090, L_000002a5e9d68048, v000002a5e9d14d20_0, C4<>;
L_000002a5e9d14a00 .functor MUXZ 1, L_000002a5e9d68120, L_000002a5e9d680d8, v000002a5e9d14d20_0, C4<>;
L_000002a5e9d14aa0 .functor MUXZ 1, L_000002a5e9d14a00, L_000002a5e9d14f00, v000002a5e9d14960_0, C4<>;
L_000002a5e9d14fa0 .functor MUXZ 1, L_000002a5e9d681b0, L_000002a5e9d68168, v000002a5e9d148c0_0, C4<>;
L_000002a5e9db0a00 .functor MUXZ 1, L_000002a5e9d68240, L_000002a5e9d681f8, v000002a5e9d148c0_0, C4<>;
L_000002a5e9db1040 .functor MUXZ 1, L_000002a5e9db0a00, L_000002a5e9d14fa0, v000002a5e9d14960_0, C4<>;
    .scope S_000002a5e9d16280;
T_0 ;
    %vpi_call 2 16 "$dumpfile", "tb.vcd" {0 0 0};
    %vpi_call 2 17 "$dumpvars", 32'sb00000000000000000000000000000000, S_000002a5e9d16280 {0 0 0};
    %vpi_call 2 19 "$monitor", "%0t, a1=%0b,a0=%0b, y3=%0b,y2=%0b,y1=%0b", $time, v000002a5e9d146e0_0, v000002a5e9d14be0_0, v000002a5e9d14960_0, v000002a5e9d14d20_0, v000002a5e9d148c0_0 {0 0 0};
    %pushi/vec4 0, 0, 3;
    %split/vec4 1;
    %store/vec4 v000002a5e9d148c0_0, 0, 1;
    %split/vec4 1;
    %store/vec4 v000002a5e9d14d20_0, 0, 1;
    %store/vec4 v000002a5e9d14960_0, 0, 1;
    %delay 10, 0;
    %pushi/vec4 1, 0, 3;
    %split/vec4 1;
    %store/vec4 v000002a5e9d148c0_0, 0, 1;
    %split/vec4 1;
    %store/vec4 v000002a5e9d14d20_0, 0, 1;
    %store/vec4 v000002a5e9d14960_0, 0, 1;
    %delay 10, 0;
    %pushi/vec4 2, 0, 3;
    %split/vec4 1;
    %store/vec4 v000002a5e9d148c0_0, 0, 1;
    %split/vec4 1;
    %store/vec4 v000002a5e9d14d20_0, 0, 1;
    %store/vec4 v000002a5e9d14960_0, 0, 1;
    %delay 10, 0;
    %pushi/vec4 3, 0, 3;
    %split/vec4 1;
    %store/vec4 v000002a5e9d148c0_0, 0, 1;
    %split/vec4 1;
    %store/vec4 v000002a5e9d14d20_0, 0, 1;
    %store/vec4 v000002a5e9d14960_0, 0, 1;
    %delay 10, 0;
    %pushi/vec4 4, 0, 3;
    %split/vec4 1;
    %store/vec4 v000002a5e9d148c0_0, 0, 1;
    %split/vec4 1;
    %store/vec4 v000002a5e9d14d20_0, 0, 1;
    %store/vec4 v000002a5e9d14960_0, 0, 1;
    %delay 10, 0;
    %pushi/vec4 5, 0, 3;
    %split/vec4 1;
    %store/vec4 v000002a5e9d148c0_0, 0, 1;
    %split/vec4 1;
    %store/vec4 v000002a5e9d14d20_0, 0, 1;
    %store/vec4 v000002a5e9d14960_0, 0, 1;
    %delay 10, 0;
    %pushi/vec4 6, 0, 3;
    %split/vec4 1;
    %store/vec4 v000002a5e9d148c0_0, 0, 1;
    %split/vec4 1;
    %store/vec4 v000002a5e9d14d20_0, 0, 1;
    %store/vec4 v000002a5e9d14960_0, 0, 1;
    %delay 10, 0;
    %pushi/vec4 7, 0, 3;
    %split/vec4 1;
    %store/vec4 v000002a5e9d148c0_0, 0, 1;
    %split/vec4 1;
    %store/vec4 v000002a5e9d14d20_0, 0, 1;
    %store/vec4 v000002a5e9d14960_0, 0, 1;
    %delay 10, 0;
    %vpi_call 2 30 "$finish" {0 0 0};
    %end;
    .thread T_0;
# The file index is used to find the file name in the following table.
:file_names 4;
    "N/A";
    "<interactive>";
    "tb.v";
    "./4x2_encoder.v";
