#! /c/Source/iverilog-install/bin/vvp
:ivl_version "12.0 (devel)" "(s20150603-1110-g18392a46)";
:ivl_delay_selection "TYPICAL";
:vpi_time_precision + 0;
:vpi_module "C:\iverilog\lib\ivl\system.vpi";
:vpi_module "C:\iverilog\lib\ivl\vhdl_sys.vpi";
:vpi_module "C:\iverilog\lib\ivl\vhdl_textio.vpi";
:vpi_module "C:\iverilog\lib\ivl\v2005_math.vpi";
:vpi_module "C:\iverilog\lib\ivl\va_math.vpi";
S_0000020cbfb7ba00 .scope module, "tb" "tb" 2 2;
 .timescale 0 0;
v0000020cbfa921d0_0 .var "a", 0 0;
v0000020cbfa92810_0 .var "b", 0 0;
v0000020cbfa92b30_0 .var "c", 0 0;
v0000020cbfa91eb0_0 .net "carr", 0 0, L_0000020cbfa933b0;  1 drivers
v0000020cbfa91d70_0 .net "s", 0 0, L_0000020cbfa92e00;  1 drivers
S_0000020cbfa85a40 .scope module, "f0" "full_adder" 2 11, 3 3 0, S_0000020cbfb7ba00;
 .timescale 0 0;
    .port_info 0 /OUTPUT 1 "cout";
    .port_info 1 /OUTPUT 1 "s";
    .port_info 2 /INPUT 1 "a";
    .port_info 3 /INPUT 1 "b";
    .port_info 4 /INPUT 1 "c";
L_0000020cbfa933b0 .functor OR 1, L_0000020cbfa997a0, L_0000020cbfa93810, C4<0>, C4<0>;
v0000020cbfa961f0_0 .net "a", 0 0, v0000020cbfa921d0_0;  1 drivers
v0000020cbfa96290_0 .net "b", 0 0, v0000020cbfa92810_0;  1 drivers
v0000020cbfa96330_0 .net "c", 0 0, v0000020cbfa92b30_0;  1 drivers
v0000020cbfa62d60_0 .net "cout", 0 0, L_0000020cbfa933b0;  alias, 1 drivers
v0000020cbfa923b0_0 .net "cout1", 0 0, L_0000020cbfa997a0;  1 drivers
v0000020cbfa929f0_0 .net "cout2", 0 0, L_0000020cbfa93810;  1 drivers
v0000020cbfa91e10_0 .net "s", 0 0, L_0000020cbfa92e00;  alias, 1 drivers
v0000020cbfa92a90_0 .net "sum1", 0 0, L_0000020cbfa99880;  1 drivers
S_0000020cbfa85bd0 .scope module, "h0" "half_adder" 3 10, 4 1 0, S_0000020cbfa85a40;
 .timescale 0 0;
    .port_info 0 /OUTPUT 1 "cout";
    .port_info 1 /OUTPUT 1 "s";
    .port_info 2 /INPUT 1 "a";
    .port_info 3 /INPUT 1 "b";
L_0000020cbfa997a0 .functor AND 1, v0000020cbfa921d0_0, v0000020cbfa92810_0, C4<1>, C4<1>;
L_0000020cbfa99880 .functor XOR 1, v0000020cbfa921d0_0, v0000020cbfa92810_0, C4<0>, C4<0>;
v0000020cbfa63430_0 .net "a", 0 0, v0000020cbfa921d0_0;  alias, 1 drivers
v0000020cbfa63650_0 .net "b", 0 0, v0000020cbfa92810_0;  alias, 1 drivers
v0000020cbfb7da20_0 .net "cout", 0 0, L_0000020cbfa997a0;  alias, 1 drivers
v0000020cbfb7b6c0_0 .net "s", 0 0, L_0000020cbfa99880;  alias, 1 drivers
S_0000020cbfa95f20 .scope module, "h1" "half_adder" 3 11, 4 1 0, S_0000020cbfa85a40;
 .timescale 0 0;
    .port_info 0 /OUTPUT 1 "cout";
    .port_info 1 /OUTPUT 1 "s";
    .port_info 2 /INPUT 1 "a";
    .port_info 3 /INPUT 1 "b";
L_0000020cbfa93810 .functor AND 1, L_0000020cbfa99880, v0000020cbfa92b30_0, C4<1>, C4<1>;
L_0000020cbfa92e00 .functor XOR 1, L_0000020cbfa99880, v0000020cbfa92b30_0, C4<0>, C4<0>;
v0000020cbfa85d60_0 .net "a", 0 0, L_0000020cbfa99880;  alias, 1 drivers
v0000020cbfa85e00_0 .net "b", 0 0, v0000020cbfa92b30_0;  alias, 1 drivers
v0000020cbfa960b0_0 .net "cout", 0 0, L_0000020cbfa93810;  alias, 1 drivers
v0000020cbfa96150_0 .net "s", 0 0, L_0000020cbfa92e00;  alias, 1 drivers
    .scope S_0000020cbfb7ba00;
T_0 ;
    %vpi_call 2 15 "$dumpfile", "tb.vcd" {0 0 0};
    %vpi_call 2 16 "$dumpvars", 32'sb00000000000000000000000000000000, S_0000020cbfb7ba00 {0 0 0};
    %vpi_call 2 17 "$monitor", "%0t, a=%0b,b=%0b,c=%0b, s=%0b,c=%0b", $time, v0000020cbfa921d0_0, v0000020cbfa92810_0, v0000020cbfa92b30_0, v0000020cbfa91d70_0, v0000020cbfa91eb0_0 {0 0 0};
    %pushi/vec4 0, 0, 3;
    %split/vec4 1;
    %store/vec4 v0000020cbfa92b30_0, 0, 1;
    %split/vec4 1;
    %store/vec4 v0000020cbfa92810_0, 0, 1;
    %store/vec4 v0000020cbfa921d0_0, 0, 1;
    %delay 10, 0;
    %pushi/vec4 1, 0, 3;
    %split/vec4 1;
    %store/vec4 v0000020cbfa92b30_0, 0, 1;
    %split/vec4 1;
    %store/vec4 v0000020cbfa92810_0, 0, 1;
    %store/vec4 v0000020cbfa921d0_0, 0, 1;
    %delay 10, 0;
    %pushi/vec4 2, 0, 3;
    %split/vec4 1;
    %store/vec4 v0000020cbfa92b30_0, 0, 1;
    %split/vec4 1;
    %store/vec4 v0000020cbfa92810_0, 0, 1;
    %store/vec4 v0000020cbfa921d0_0, 0, 1;
    %delay 10, 0;
    %pushi/vec4 3, 0, 3;
    %split/vec4 1;
    %store/vec4 v0000020cbfa92b30_0, 0, 1;
    %split/vec4 1;
    %store/vec4 v0000020cbfa92810_0, 0, 1;
    %store/vec4 v0000020cbfa921d0_0, 0, 1;
    %delay 10, 0;
    %pushi/vec4 4, 0, 3;
    %split/vec4 1;
    %store/vec4 v0000020cbfa92b30_0, 0, 1;
    %split/vec4 1;
    %store/vec4 v0000020cbfa92810_0, 0, 1;
    %store/vec4 v0000020cbfa921d0_0, 0, 1;
    %delay 10, 0;
    %pushi/vec4 5, 0, 3;
    %split/vec4 1;
    %store/vec4 v0000020cbfa92b30_0, 0, 1;
    %split/vec4 1;
    %store/vec4 v0000020cbfa92810_0, 0, 1;
    %store/vec4 v0000020cbfa921d0_0, 0, 1;
    %delay 10, 0;
    %pushi/vec4 6, 0, 3;
    %split/vec4 1;
    %store/vec4 v0000020cbfa92b30_0, 0, 1;
    %split/vec4 1;
    %store/vec4 v0000020cbfa92810_0, 0, 1;
    %store/vec4 v0000020cbfa921d0_0, 0, 1;
    %delay 10, 0;
    %pushi/vec4 7, 0, 3;
    %split/vec4 1;
    %store/vec4 v0000020cbfa92b30_0, 0, 1;
    %split/vec4 1;
    %store/vec4 v0000020cbfa92810_0, 0, 1;
    %store/vec4 v0000020cbfa921d0_0, 0, 1;
    %delay 10, 0;
    %vpi_call 2 28 "$finish" {0 0 0};
    %end;
    .thread T_0;
# The file index is used to find the file name in the following table.
:file_names 5;
    "N/A";
    "<interactive>";
    "tb.v";
    "./full_adder.v";
    "./half_adder.v";
