#! /c/Source/iverilog-install/bin/vvp
:ivl_version "12.0 (devel)" "(s20150603-1110-g18392a46)";
:ivl_delay_selection "TYPICAL";
:vpi_time_precision + 0;
:vpi_module "C:\iverilog\lib\ivl\system.vpi";
:vpi_module "C:\iverilog\lib\ivl\vhdl_sys.vpi";
:vpi_module "C:\iverilog\lib\ivl\vhdl_textio.vpi";
:vpi_module "C:\iverilog\lib\ivl\v2005_math.vpi";
:vpi_module "C:\iverilog\lib\ivl\va_math.vpi";
S_000001c004fb6ae0 .scope module, "mux_4x1_tb" "mux_4x1_tb" 2 3;
 .timescale 0 0;
v000001c00500c2a0_0 .var "i", 3 0;
v000001c00500c480_0 .net "out", 0 0, L_000001c00500c520;  1 drivers
v000001c00500bc60_0 .var "s", 1 0;
S_000001c004fb6c70 .scope module, "m0" "mux_4x1" 2 10, 3 1 0, S_000001c004fb6ae0;
 .timescale 0 0;
    .port_info 0 /INPUT 4 "i";
    .port_info 1 /INPUT 2 "s";
    .port_info 2 /OUTPUT 1 "out";
v000001c004f93540_0 .net *"_ivl_1", 0 0, L_000001c00500c200;  1 drivers
v000001c004fc6280_0 .net *"_ivl_11", 0 0, L_000001c00500b940;  1 drivers
v000001c004fb6e00_0 .net *"_ivl_13", 0 0, L_000001c00500ba80;  1 drivers
v000001c004fb6800_0 .net *"_ivl_15", 0 0, L_000001c00500c160;  1 drivers
v000001c004fb68a0_0 .net *"_ivl_16", 0 0, L_000001c00500c3e0;  1 drivers
v000001c004f92d20_0 .net *"_ivl_3", 0 0, L_000001c00500c020;  1 drivers
v000001c00500bd00_0 .net *"_ivl_5", 0 0, L_000001c00500b8a0;  1 drivers
v000001c00500bda0_0 .net *"_ivl_7", 0 0, L_000001c00500c340;  1 drivers
v000001c00500b9e0_0 .net *"_ivl_8", 0 0, L_000001c00500bf80;  1 drivers
v000001c00500be40_0 .net "i", 3 0, v000001c00500c2a0_0;  1 drivers
v000001c00500c0c0_0 .net "out", 0 0, L_000001c00500c520;  alias, 1 drivers
v000001c00500c700_0 .net "s", 1 0, v000001c00500bc60_0;  1 drivers
L_000001c00500c200 .part v000001c00500bc60_0, 1, 1;
L_000001c00500c020 .part v000001c00500bc60_0, 0, 1;
L_000001c00500b8a0 .part v000001c00500c2a0_0, 3, 1;
L_000001c00500c340 .part v000001c00500c2a0_0, 2, 1;
L_000001c00500bf80 .functor MUXZ 1, L_000001c00500c340, L_000001c00500b8a0, L_000001c00500c020, C4<>;
L_000001c00500b940 .part v000001c00500bc60_0, 0, 1;
L_000001c00500ba80 .part v000001c00500c2a0_0, 1, 1;
L_000001c00500c160 .part v000001c00500c2a0_0, 0, 1;
L_000001c00500c3e0 .functor MUXZ 1, L_000001c00500c160, L_000001c00500ba80, L_000001c00500b940, C4<>;
L_000001c00500c520 .functor MUXZ 1, L_000001c00500c3e0, L_000001c00500bf80, L_000001c00500c200, C4<>;
    .scope S_000001c004fb6ae0;
T_0 ;
    %pushi/vec4 13, 0, 4;
    %store/vec4 v000001c00500c2a0_0, 0, 4;
    %vpi_call 2 16 "$dumpfile", "mux_4x1.vcd" {0 0 0};
    %vpi_call 2 17 "$dumpvars", 32'sb00000000000000000000000000000000, S_000001c004fb6ae0 {0 0 0};
    %vpi_call 2 18 "$monitor", "T =%0t, i =%4b, s=%2b, out = %0b", $time, v000001c00500c2a0_0, v000001c00500bc60_0, v000001c00500c480_0 {0 0 0};
    %pushi/vec4 0, 0, 2;
    %store/vec4 v000001c00500bc60_0, 0, 2;
    %delay 10, 0;
    %pushi/vec4 1, 0, 2;
    %store/vec4 v000001c00500bc60_0, 0, 2;
    %delay 10, 0;
    %pushi/vec4 2, 0, 2;
    %store/vec4 v000001c00500bc60_0, 0, 2;
    %delay 10, 0;
    %pushi/vec4 3, 0, 2;
    %store/vec4 v000001c00500bc60_0, 0, 2;
    %delay 10, 0;
    %vpi_call 2 25 "$finish" {0 0 0};
    %end;
    .thread T_0;
# The file index is used to find the file name in the following table.
:file_names 4;
    "N/A";
    "<interactive>";
    "mux_4x1_tb.v";
    "./mux_4x1.v";
