#! /c/Source/iverilog-install/bin/vvp
:ivl_version "12.0 (devel)" "(s20150603-1110-g18392a46)";
:ivl_delay_selection "TYPICAL";
:vpi_time_precision + 0;
:vpi_module "C:\iverilog\lib\ivl\system.vpi";
:vpi_module "C:\iverilog\lib\ivl\vhdl_sys.vpi";
:vpi_module "C:\iverilog\lib\ivl\vhdl_textio.vpi";
:vpi_module "C:\iverilog\lib\ivl\v2005_math.vpi";
:vpi_module "C:\iverilog\lib\ivl\va_math.vpi";
S_0000022fa57fd570 .scope module, "tb" "tb" 2 3;
 .timescale 0 0;
v0000022fa58964e0_0 .var "a0", 0 0;
v0000022fa5897340_0 .var "a1", 0 0;
v0000022fa5897700_0 .net "y0", 0 0, L_0000022fa5896760;  1 drivers
v0000022fa58977a0_0 .net "y1", 0 0, L_0000022fa5896440;  1 drivers
v0000022fa5897d40_0 .net "y2", 0 0, L_0000022fa5897b60;  1 drivers
v0000022fa5896300_0 .net "y3", 0 0, L_0000022fa5897de0;  1 drivers
S_0000022fa57fd700 .scope module, "d0" "decoder" 2 13, 3 1 0, S_0000022fa57fd570;
 .timescale 0 0;
    .port_info 0 /OUTPUT 1 "y3";
    .port_info 1 /OUTPUT 1 "y2";
    .port_info 2 /OUTPUT 1 "y1";
    .port_info 3 /OUTPUT 1 "y0";
    .port_info 4 /INPUT 1 "a1";
    .port_info 5 /INPUT 1 "a0";
L_0000022fa583bca0 .functor NOT 1, v0000022fa5897340_0, C4<0>, C4<0>, C4<0>;
L_0000022fa583b760 .functor NOT 1, v0000022fa58964e0_0, C4<0>, C4<0>, C4<0>;
L_0000022fa583b7d0 .functor NOT 1, v0000022fa58964e0_0, C4<0>, C4<0>, C4<0>;
L_0000022fa583bb50 .functor NOT 1, v0000022fa5897340_0, C4<0>, C4<0>, C4<0>;
L_0000022fa583bdf0 .functor NOT 1, v0000022fa58964e0_0, C4<0>, C4<0>, C4<0>;
L_0000022fa583b840 .functor NOT 1, v0000022fa58964e0_0, C4<0>, C4<0>, C4<0>;
v0000022fa5835e50_0 .net *"_ivl_0", 0 0, L_0000022fa583bca0;  1 drivers
v0000022fa5835f90_0 .net *"_ivl_10", 0 0, L_0000022fa583b7d0;  1 drivers
L_0000022fa58980d8 .functor BUFT 1, C4<0>, C4<0>, C4<0>, C4<0>;
v0000022fa5836030_0 .net/2u *"_ivl_12", 0 0, L_0000022fa58980d8;  1 drivers
L_0000022fa5898120 .functor BUFT 1, C4<0>, C4<0>, C4<0>, C4<0>;
v0000022fa5836210_0 .net/2u *"_ivl_14", 0 0, L_0000022fa5898120;  1 drivers
v0000022fa5896ee0_0 .net *"_ivl_16", 0 0, L_0000022fa58978e0;  1 drivers
v0000022fa5896e40_0 .net *"_ivl_2", 0 0, L_0000022fa583b760;  1 drivers
v0000022fa5896c60_0 .net *"_ivl_20", 0 0, L_0000022fa583bb50;  1 drivers
L_0000022fa5898168 .functor BUFT 1, C4<1>, C4<0>, C4<0>, C4<0>;
v0000022fa5896260_0 .net/2u *"_ivl_22", 0 0, L_0000022fa5898168;  1 drivers
L_0000022fa58981b0 .functor BUFT 1, C4<0>, C4<0>, C4<0>, C4<0>;
v0000022fa5896d00_0 .net/2u *"_ivl_24", 0 0, L_0000022fa58981b0;  1 drivers
v0000022fa5896da0_0 .net *"_ivl_26", 0 0, L_0000022fa5897a20;  1 drivers
L_0000022fa58981f8 .functor BUFT 1, C4<0>, C4<0>, C4<0>, C4<0>;
v0000022fa5897520_0 .net/2u *"_ivl_28", 0 0, L_0000022fa58981f8;  1 drivers
L_0000022fa5898240 .functor BUFT 1, C4<0>, C4<0>, C4<0>, C4<0>;
v0000022fa5896580_0 .net/2u *"_ivl_30", 0 0, L_0000022fa5898240;  1 drivers
v0000022fa5897660_0 .net *"_ivl_32", 0 0, L_0000022fa5897ac0;  1 drivers
v0000022fa5896800_0 .net *"_ivl_36", 0 0, L_0000022fa583bdf0;  1 drivers
L_0000022fa5898288 .functor BUFT 1, C4<1>, C4<0>, C4<0>, C4<0>;
v0000022fa5897480_0 .net/2u *"_ivl_38", 0 0, L_0000022fa5898288;  1 drivers
L_0000022fa5898048 .functor BUFT 1, C4<1>, C4<0>, C4<0>, C4<0>;
v0000022fa5896620_0 .net/2u *"_ivl_4", 0 0, L_0000022fa5898048;  1 drivers
L_0000022fa58982d0 .functor BUFT 1, C4<0>, C4<0>, C4<0>, C4<0>;
v0000022fa5896940_0 .net/2u *"_ivl_40", 0 0, L_0000022fa58982d0;  1 drivers
v0000022fa58968a0_0 .net *"_ivl_42", 0 0, L_0000022fa5897f20;  1 drivers
v0000022fa5896080_0 .net *"_ivl_44", 0 0, L_0000022fa583b840;  1 drivers
L_0000022fa5898318 .functor BUFT 1, C4<0>, C4<0>, C4<0>, C4<0>;
v0000022fa58973e0_0 .net/2u *"_ivl_46", 0 0, L_0000022fa5898318;  1 drivers
L_0000022fa5898360 .functor BUFT 1, C4<0>, C4<0>, C4<0>, C4<0>;
v0000022fa5897160_0 .net/2u *"_ivl_48", 0 0, L_0000022fa5898360;  1 drivers
v0000022fa5897c00_0 .net *"_ivl_50", 0 0, L_0000022fa5897ca0;  1 drivers
L_0000022fa58983a8 .functor BUFT 1, C4<1>, C4<0>, C4<0>, C4<0>;
v0000022fa5896a80_0 .net/2u *"_ivl_54", 0 0, L_0000022fa58983a8;  1 drivers
L_0000022fa58983f0 .functor BUFT 1, C4<0>, C4<0>, C4<0>, C4<0>;
v0000022fa5896120_0 .net/2u *"_ivl_56", 0 0, L_0000022fa58983f0;  1 drivers
v0000022fa58961c0_0 .net *"_ivl_58", 0 0, L_0000022fa58966c0;  1 drivers
L_0000022fa5898090 .functor BUFT 1, C4<0>, C4<0>, C4<0>, C4<0>;
v0000022fa5896f80_0 .net/2u *"_ivl_6", 0 0, L_0000022fa5898090;  1 drivers
L_0000022fa5898438 .functor BUFT 1, C4<0>, C4<0>, C4<0>, C4<0>;
v0000022fa58975c0_0 .net/2u *"_ivl_60", 0 0, L_0000022fa5898438;  1 drivers
L_0000022fa5898480 .functor BUFT 1, C4<0>, C4<0>, C4<0>, C4<0>;
v0000022fa58969e0_0 .net/2u *"_ivl_62", 0 0, L_0000022fa5898480;  1 drivers
v0000022fa5897e80_0 .net *"_ivl_64", 0 0, L_0000022fa58963a0;  1 drivers
v0000022fa5896b20_0 .net *"_ivl_8", 0 0, L_0000022fa5897840;  1 drivers
v0000022fa5896bc0_0 .net "a0", 0 0, v0000022fa58964e0_0;  1 drivers
v0000022fa5897980_0 .net "a1", 0 0, v0000022fa5897340_0;  1 drivers
v0000022fa5897020_0 .net "y0", 0 0, L_0000022fa5896760;  alias, 1 drivers
v0000022fa58970c0_0 .net "y1", 0 0, L_0000022fa5896440;  alias, 1 drivers
v0000022fa5897200_0 .net "y2", 0 0, L_0000022fa5897b60;  alias, 1 drivers
v0000022fa58972a0_0 .net "y3", 0 0, L_0000022fa5897de0;  alias, 1 drivers
L_0000022fa5897840 .functor MUXZ 1, L_0000022fa5898090, L_0000022fa5898048, L_0000022fa583b760, C4<>;
L_0000022fa58978e0 .functor MUXZ 1, L_0000022fa5898120, L_0000022fa58980d8, L_0000022fa583b7d0, C4<>;
L_0000022fa5897de0 .functor MUXZ 1, L_0000022fa58978e0, L_0000022fa5897840, L_0000022fa583bca0, C4<>;
L_0000022fa5897a20 .functor MUXZ 1, L_0000022fa58981b0, L_0000022fa5898168, v0000022fa58964e0_0, C4<>;
L_0000022fa5897ac0 .functor MUXZ 1, L_0000022fa5898240, L_0000022fa58981f8, v0000022fa58964e0_0, C4<>;
L_0000022fa5897b60 .functor MUXZ 1, L_0000022fa5897ac0, L_0000022fa5897a20, L_0000022fa583bb50, C4<>;
L_0000022fa5897f20 .functor MUXZ 1, L_0000022fa58982d0, L_0000022fa5898288, L_0000022fa583bdf0, C4<>;
L_0000022fa5897ca0 .functor MUXZ 1, L_0000022fa5898360, L_0000022fa5898318, L_0000022fa583b840, C4<>;
L_0000022fa5896440 .functor MUXZ 1, L_0000022fa5897ca0, L_0000022fa5897f20, v0000022fa5897340_0, C4<>;
L_0000022fa58966c0 .functor MUXZ 1, L_0000022fa58983f0, L_0000022fa58983a8, v0000022fa58964e0_0, C4<>;
L_0000022fa58963a0 .functor MUXZ 1, L_0000022fa5898480, L_0000022fa5898438, v0000022fa58964e0_0, C4<>;
L_0000022fa5896760 .functor MUXZ 1, L_0000022fa58963a0, L_0000022fa58966c0, v0000022fa5897340_0, C4<>;
    .scope S_0000022fa57fd570;
T_0 ;
    %vpi_call 2 17 "$dumpfile", "tb.vcd" {0 0 0};
    %vpi_call 2 18 "$dumpvars", 32'sb00000000000000000000000000000000, S_0000022fa57fd570 {0 0 0};
    %vpi_call 2 20 "$monitor", "%0t, a1=%0b,a0=%0b, y3=%0b,y2=%0b,y1=%0b,y0=%0b", $time, v0000022fa5897340_0, v0000022fa58964e0_0, v0000022fa5896300_0, v0000022fa5897d40_0, v0000022fa58977a0_0, v0000022fa5897700_0 {0 0 0};
    %pushi/vec4 0, 0, 2;
    %split/vec4 1;
    %store/vec4 v0000022fa58964e0_0, 0, 1;
    %store/vec4 v0000022fa5897340_0, 0, 1;
    %delay 10, 0;
    %pushi/vec4 1, 0, 2;
    %split/vec4 1;
    %store/vec4 v0000022fa58964e0_0, 0, 1;
    %store/vec4 v0000022fa5897340_0, 0, 1;
    %delay 10, 0;
    %pushi/vec4 2, 0, 2;
    %split/vec4 1;
    %store/vec4 v0000022fa58964e0_0, 0, 1;
    %store/vec4 v0000022fa5897340_0, 0, 1;
    %delay 10, 0;
    %pushi/vec4 3, 0, 2;
    %split/vec4 1;
    %store/vec4 v0000022fa58964e0_0, 0, 1;
    %store/vec4 v0000022fa5897340_0, 0, 1;
    %delay 10, 0;
    %vpi_call 2 27 "$finish" {0 0 0};
    %end;
    .thread T_0;
# The file index is used to find the file name in the following table.
:file_names 4;
    "N/A";
    "<interactive>";
    "tb.v";
    "./2x4_decoder.v";
