#! /c/Source/iverilog-install/bin/vvp
:ivl_version "12.0 (devel)" "(s20150603-1110-g18392a46)";
:ivl_delay_selection "TYPICAL";
:vpi_time_precision + 0;
:vpi_module "C:\iverilog\lib\ivl\system.vpi";
:vpi_module "C:\iverilog\lib\ivl\vhdl_sys.vpi";
:vpi_module "C:\iverilog\lib\ivl\vhdl_textio.vpi";
:vpi_module "C:\iverilog\lib\ivl\v2005_math.vpi";
:vpi_module "C:\iverilog\lib\ivl\va_math.vpi";
S_0000016b80732ce0 .scope module, "test" "test" 2 1;
 .timescale 0 0;
v0000016b80733930_0 .var/i "a", 31 0;
v0000016b80732e70_0 .var/i "b", 31 0;
    .scope S_0000016b80732ce0;
T_0 ;
    %pushi/vec4 2, 0, 32;
    %store/vec4 v0000016b80733930_0, 0, 32;
    %pushi/vec4 7, 0, 32;
    %store/vec4 v0000016b80732e70_0, 0, 32;
    %end;
    .thread T_0;
    .scope S_0000016b80732ce0;
T_1 ;
    %delay 10, 0;
    %load/vec4 v0000016b80732e70_0;
    %assign/vec4 v0000016b80733930_0, 0;
    %load/vec4 v0000016b80733930_0;
    %assign/vec4 v0000016b80732e70_0, 0;
    %end;
    .thread T_1;
    .scope S_0000016b80732ce0;
T_2 ;
    %vpi_call 2 19 "$monitor", "T=%0t, a=%0d, b=%0d", $time, v0000016b80733930_0, v0000016b80732e70_0 {0 0 0};
    %end;
    .thread T_2;
# The file index is used to find the file name in the following table.
:file_names 3;
    "N/A";
    "<interactive>";
    "swap.v";
