#! /c/Source/iverilog-install/bin/vvp
:ivl_version "12.0 (devel)" "(s20150603-1110-g18392a46)";
:ivl_delay_selection "TYPICAL";
:vpi_time_precision + 0;
:vpi_module "C:\iverilog\lib\ivl\system.vpi";
:vpi_module "C:\iverilog\lib\ivl\vhdl_sys.vpi";
:vpi_module "C:\iverilog\lib\ivl\vhdl_textio.vpi";
:vpi_module "C:\iverilog\lib\ivl\v2005_math.vpi";
:vpi_module "C:\iverilog\lib\ivl\va_math.vpi";
S_000001de871bb7a0 .scope module, "tb" "tb" 2 2;
 .timescale 0 0;
v000001de872041c0_0 .var "i", 3 0;
v000001de872049e0_0 .net "out", 0 0, L_000001de8720a410;  1 drivers
L_000001de87203e00 .part v000001de872041c0_0, 3, 1;
L_000001de87204260 .part v000001de872041c0_0, 2, 1;
L_000001de87204940 .part v000001de872041c0_0, 1, 1;
L_000001de87203ea0 .part v000001de872041c0_0, 0, 1;
S_000001de871bb930 .scope module, "p0" "prime" 2 8, 3 1 0, S_000001de871bb7a0;
 .timescale 0 0;
    .port_info 0 /OUTPUT 1 "out";
    .port_info 1 /INPUT 1 "a";
    .port_info 2 /INPUT 1 "b";
    .port_info 3 /INPUT 1 "c";
    .port_info 4 /INPUT 1 "d";
L_000001de8720a560 .functor NOT 1, L_000001de87203e00, C4<0>, C4<0>, C4<0>;
L_000001de8720a3a0 .functor NOT 1, L_000001de87204260, C4<0>, C4<0>, C4<0>;
L_000001de8720a640 .functor NOT 1, L_000001de87204940, C4<0>, C4<0>, C4<0>;
L_000001de8720a6b0 .functor NOT 1, L_000001de87203ea0, C4<0>, C4<0>, C4<0>;
L_000001de8720a790 .functor AND 1, L_000001de8720a560, L_000001de8720a3a0, L_000001de87204940, C4<1>;
L_000001de8720a8e0 .functor AND 1, L_000001de8720a3a0, L_000001de87204940, L_000001de87203ea0, C4<1>;
L_000001de8720a250 .functor AND 1, L_000001de87204260, L_000001de8720a640, L_000001de87203ea0, C4<1>;
L_000001de8720a870 .functor AND 1, L_000001de8720a560, L_000001de87204940, L_000001de87203ea0, C4<1>;
L_000001de8720a410 .functor OR 1, L_000001de8720a790, L_000001de8720a8e0, L_000001de8720a250, L_000001de8720a870;
v000001de871d35f0_0 .net "a", 0 0, L_000001de87203e00;  1 drivers
v000001de871d33d0_0 .net "b", 0 0, L_000001de87204260;  1 drivers
v000001de871bd860_0 .net "c", 0 0, L_000001de87204940;  1 drivers
v000001de871bb600_0 .net "d", 0 0, L_000001de87203ea0;  1 drivers
v000001de87203f40_0 .net "nota", 0 0, L_000001de8720a560;  1 drivers
v000001de87204080_0 .net "notb", 0 0, L_000001de8720a3a0;  1 drivers
v000001de87204120_0 .net "notc", 0 0, L_000001de8720a640;  1 drivers
v000001de87204c60_0 .net "notd", 0 0, L_000001de8720a6b0;  1 drivers
v000001de87204300_0 .net "out", 0 0, L_000001de8720a410;  alias, 1 drivers
v000001de872043a0_0 .net "out1", 0 0, L_000001de8720a790;  1 drivers
v000001de87204d00_0 .net "out2", 0 0, L_000001de8720a8e0;  1 drivers
v000001de872046c0_0 .net "out3", 0 0, L_000001de8720a250;  1 drivers
v000001de87204bc0_0 .net "out4", 0 0, L_000001de8720a870;  1 drivers
    .scope S_000001de871bb7a0;
T_0 ;
    %vpi_call 2 12 "$dumpfile", "tb.vcd" {0 0 0};
    %vpi_call 2 13 "$dumpvars", 32'sb00000000000000000000000000000000, S_000001de871bb7a0 {0 0 0};
    %vpi_call 2 14 "$monitor", "T= %0t, i=%b : out=%b", $time, v000001de872041c0_0, v000001de872049e0_0 {0 0 0};
    %pushi/vec4 0, 0, 4;
    %store/vec4 v000001de872041c0_0, 0, 4;
    %delay 10, 0;
    %pushi/vec4 1, 0, 4;
    %store/vec4 v000001de872041c0_0, 0, 4;
    %delay 10, 0;
    %pushi/vec4 2, 0, 4;
    %store/vec4 v000001de872041c0_0, 0, 4;
    %delay 10, 0;
    %pushi/vec4 3, 0, 4;
    %store/vec4 v000001de872041c0_0, 0, 4;
    %delay 10, 0;
    %pushi/vec4 4, 0, 4;
    %store/vec4 v000001de872041c0_0, 0, 4;
    %delay 10, 0;
    %pushi/vec4 5, 0, 4;
    %store/vec4 v000001de872041c0_0, 0, 4;
    %delay 10, 0;
    %pushi/vec4 6, 0, 4;
    %store/vec4 v000001de872041c0_0, 0, 4;
    %delay 10, 0;
    %pushi/vec4 7, 0, 4;
    %store/vec4 v000001de872041c0_0, 0, 4;
    %delay 10, 0;
    %pushi/vec4 8, 0, 4;
    %store/vec4 v000001de872041c0_0, 0, 4;
    %delay 10, 0;
    %pushi/vec4 9, 0, 4;
    %store/vec4 v000001de872041c0_0, 0, 4;
    %delay 10, 0;
    %pushi/vec4 10, 0, 4;
    %store/vec4 v000001de872041c0_0, 0, 4;
    %delay 10, 0;
    %pushi/vec4 11, 0, 4;
    %store/vec4 v000001de872041c0_0, 0, 4;
    %delay 10, 0;
    %pushi/vec4 12, 0, 4;
    %store/vec4 v000001de872041c0_0, 0, 4;
    %delay 10, 0;
    %pushi/vec4 13, 0, 4;
    %store/vec4 v000001de872041c0_0, 0, 4;
    %delay 10, 0;
    %pushi/vec4 14, 0, 4;
    %store/vec4 v000001de872041c0_0, 0, 4;
    %delay 10, 0;
    %pushi/vec4 15, 0, 4;
    %store/vec4 v000001de872041c0_0, 0, 4;
    %delay 10, 0;
    %vpi_call 2 33 "$finish" {0 0 0};
    %end;
    .thread T_0;
# The file index is used to find the file name in the following table.
:file_names 4;
    "N/A";
    "<interactive>";
    "tb.v";
    "./prime.v";
