#! /c/Source/iverilog-install/bin/vvp
:ivl_version "12.0 (devel)" "(s20150603-1110-g18392a46)";
:ivl_delay_selection "TYPICAL";
:vpi_time_precision + 0;
:vpi_module "C:\iverilog\lib\ivl\system.vpi";
:vpi_module "C:\iverilog\lib\ivl\vhdl_sys.vpi";
:vpi_module "C:\iverilog\lib\ivl\vhdl_textio.vpi";
:vpi_module "C:\iverilog\lib\ivl\v2005_math.vpi";
:vpi_module "C:\iverilog\lib\ivl\va_math.vpi";
S_000001f87b12c000 .scope module, "mux_4x1_tb" "mux_4x1_tb" 2 3;
 .timescale 0 0;
v000001f87b185540_0 .var "i", 3 0;
v000001f87b185400_0 .net "out", 0 0, L_000001f87b185b30;  1 drivers
v000001f87b184960_0 .var "s", 1 0;
S_000001f87b12c190 .scope module, "m0" "mux_4x1" 2 10, 3 1 0, S_000001f87b12c000;
 .timescale 0 0;
    .port_info 0 /INPUT 4 "i";
    .port_info 1 /INPUT 2 "s";
    .port_info 2 /OUTPUT 1 "out";
L_000001f87b12aff0 .functor NOT 1, L_000001f87b184140, C4<0>, C4<0>, C4<0>;
L_000001f87b12b220 .functor AND 1, L_000001f87b1841e0, L_000001f87b12aff0, C4<1>, C4<1>;
L_000001f87b12b290 .functor NOT 1, L_000001f87b184aa0, C4<0>, C4<0>, C4<0>;
L_000001f87b12b4c0 .functor AND 1, L_000001f87b12b220, L_000001f87b12b290, C4<1>, C4<1>;
L_000001f87b12b610 .functor AND 1, L_000001f87b183920, L_000001f87b1855e0, C4<1>, C4<1>;
L_000001f87b12b680 .functor NOT 1, L_000001f87b185680, C4<0>, C4<0>, C4<0>;
L_000001f87b12b370 .functor AND 1, L_000001f87b12b610, L_000001f87b12b680, C4<1>, C4<1>;
L_000001f87b12b060 .functor NOT 1, L_000001f87b183e20, C4<0>, C4<0>, C4<0>;
L_000001f87b12af80 .functor AND 1, L_000001f87b184d20, L_000001f87b12b060, C4<1>, C4<1>;
L_000001f87b12b0d0 .functor AND 1, L_000001f87b12af80, L_000001f87b1839c0, C4<1>, C4<1>;
L_000001f87b12b450 .functor AND 1, L_000001f87b1845a0, L_000001f87b184320, C4<1>, C4<1>;
L_000001f87b12b300 .functor AND 1, L_000001f87b12b450, L_000001f87b1843c0, C4<1>, C4<1>;
L_000001f87b185b30 .functor OR 1, L_000001f87b12b4c0, L_000001f87b12b370, L_000001f87b12b0d0, L_000001f87b12b300;
v000001f87b127230_0 .net *"_ivl_1", 0 0, L_000001f87b1841e0;  1 drivers
v000001f87b127690_0 .net *"_ivl_10", 0 0, L_000001f87b12b290;  1 drivers
v000001f87b127050_0 .net *"_ivl_15", 0 0, L_000001f87b183920;  1 drivers
v000001f87b1277d0_0 .net *"_ivl_17", 0 0, L_000001f87b1855e0;  1 drivers
v000001f87b127870_0 .net *"_ivl_18", 0 0, L_000001f87b12b610;  1 drivers
v000001f87b127af0_0 .net *"_ivl_21", 0 0, L_000001f87b185680;  1 drivers
v000001f87b126fb0_0 .net *"_ivl_22", 0 0, L_000001f87b12b680;  1 drivers
v000001f87b127910_0 .net *"_ivl_27", 0 0, L_000001f87b184d20;  1 drivers
v000001f87b127190_0 .net *"_ivl_29", 0 0, L_000001f87b183e20;  1 drivers
v000001f87b1279b0_0 .net *"_ivl_3", 0 0, L_000001f87b184140;  1 drivers
v000001f87b127cd0_0 .net *"_ivl_30", 0 0, L_000001f87b12b060;  1 drivers
v000001f87b127b90_0 .net *"_ivl_32", 0 0, L_000001f87b12af80;  1 drivers
v000001f87b127c30_0 .net *"_ivl_35", 0 0, L_000001f87b1839c0;  1 drivers
v000001f87b183ec0_0 .net *"_ivl_39", 0 0, L_000001f87b1845a0;  1 drivers
v000001f87b185220_0 .net *"_ivl_4", 0 0, L_000001f87b12aff0;  1 drivers
v000001f87b183880_0 .net *"_ivl_41", 0 0, L_000001f87b184320;  1 drivers
v000001f87b184c80_0 .net *"_ivl_42", 0 0, L_000001f87b12b450;  1 drivers
v000001f87b1848c0_0 .net *"_ivl_45", 0 0, L_000001f87b1843c0;  1 drivers
v000001f87b184be0_0 .net *"_ivl_6", 0 0, L_000001f87b12b220;  1 drivers
v000001f87b184280_0 .net *"_ivl_9", 0 0, L_000001f87b184aa0;  1 drivers
v000001f87b1846e0_0 .net "i", 3 0, v000001f87b185540_0;  1 drivers
v000001f87b184e60_0 .net "out", 0 0, L_000001f87b185b30;  alias, 1 drivers
v000001f87b1854a0_0 .net "s", 1 0, v000001f87b184960_0;  1 drivers
v000001f87b184000_0 .net "s0", 0 0, L_000001f87b12b4c0;  1 drivers
v000001f87b1840a0_0 .net "s1", 0 0, L_000001f87b12b370;  1 drivers
v000001f87b183f60_0 .net "s2", 0 0, L_000001f87b12b0d0;  1 drivers
v000001f87b184500_0 .net "s3", 0 0, L_000001f87b12b300;  1 drivers
L_000001f87b1841e0 .part v000001f87b185540_0, 0, 1;
L_000001f87b184140 .part v000001f87b184960_0, 0, 1;
L_000001f87b184aa0 .part v000001f87b184960_0, 1, 1;
L_000001f87b183920 .part v000001f87b185540_0, 1, 1;
L_000001f87b1855e0 .part v000001f87b184960_0, 0, 1;
L_000001f87b185680 .part v000001f87b184960_0, 1, 1;
L_000001f87b184d20 .part v000001f87b185540_0, 2, 1;
L_000001f87b183e20 .part v000001f87b184960_0, 0, 1;
L_000001f87b1839c0 .part v000001f87b184960_0, 1, 1;
L_000001f87b1845a0 .part v000001f87b185540_0, 3, 1;
L_000001f87b184320 .part v000001f87b184960_0, 0, 1;
L_000001f87b1843c0 .part v000001f87b184960_0, 1, 1;
    .scope S_000001f87b12c000;
T_0 ;
    %pushi/vec4 13, 0, 4;
    %store/vec4 v000001f87b185540_0, 0, 4;
    %vpi_call 2 16 "$monitor", "T =%0t, i =%4b, s=%2b, out = %0b", $time, v000001f87b185540_0, v000001f87b184960_0, v000001f87b185400_0 {0 0 0};
    %pushi/vec4 0, 0, 2;
    %store/vec4 v000001f87b184960_0, 0, 2;
    %delay 10, 0;
    %pushi/vec4 1, 0, 2;
    %store/vec4 v000001f87b184960_0, 0, 2;
    %delay 10, 0;
    %pushi/vec4 2, 0, 2;
    %store/vec4 v000001f87b184960_0, 0, 2;
    %delay 10, 0;
    %pushi/vec4 3, 0, 2;
    %store/vec4 v000001f87b184960_0, 0, 2;
    %delay 10, 0;
    %vpi_call 2 23 "$dumpfile", "mux_4x1.vcd" {0 0 0};
    %vpi_call 2 24 "$dumpvars", 32'sb00000000000000000000000000000000, S_000001f87b12c000 {0 0 0};
    %vpi_call 2 25 "$finish" {0 0 0};
    %end;
    .thread T_0;
# The file index is used to find the file name in the following table.
:file_names 4;
    "N/A";
    "<interactive>";
    "mux_4x1_tb.v";
    "./mux_4x1.v";
