#! /c/Source/iverilog-install/bin/vvp
:ivl_version "12.0 (devel)" "(s20150603-1110-g18392a46)";
:ivl_delay_selection "TYPICAL";
:vpi_time_precision + 0;
:vpi_module "C:\iverilog\lib\ivl\system.vpi";
:vpi_module "C:\iverilog\lib\ivl\vhdl_sys.vpi";
:vpi_module "C:\iverilog\lib\ivl\vhdl_textio.vpi";
:vpi_module "C:\iverilog\lib\ivl\v2005_math.vpi";
:vpi_module "C:\iverilog\lib\ivl\va_math.vpi";
S_000001cd4156b8e0 .scope module, "tb" "tb" 2 3;
 .timescale 0 0;
v000001cd415f2e60_0 .var "clk", 0 0;
v000001cd415f2f00_0 .var "data", 15 0;
v000001cd415f2fa0_0 .var "data_start", 0 0;
S_000001cd4156ba70 .scope module, "d0" "data_store" 2 8, 3 1 0, S_000001cd4156b8e0;
 .timescale 0 0;
    .port_info 0 /INPUT 1 "data_start";
    .port_info 1 /INPUT 16 "data";
    .port_info 2 /INPUT 1 "clk";
v000001cd415f3780 .array "buffer", 7 0, 15 0;
v000001cd4156b670_0 .net "clk", 0 0, v000001cd415f2e60_0;  1 drivers
v000001cd4156dfd0_0 .var/i "count", 31 0;
v000001cd4162b900_0 .net "data", 15 0, v000001cd415f2f00_0;  1 drivers
v000001cd415f2d20_0 .net "data_start", 0 0, v000001cd415f2fa0_0;  1 drivers
v000001cd415f2dc0_0 .var/i "i", 31 0;
E_000001cd4156b2f0 .event posedge, v000001cd4156b670_0;
    .scope S_000001cd4156ba70;
T_0 ;
    %wait E_000001cd4156b2f0;
    %load/vec4 v000001cd415f2d20_0;
    %flag_set/vec4 8;
    %jmp/0xz  T_0.0, 8;
    %pushi/vec4 0, 0, 32;
    %store/vec4 v000001cd415f2dc0_0, 0, 32;
    %pushi/vec4 8, 0, 32;
T_0.2 %dup/vec4;
    %pushi/vec4 0, 0, 32;
    %cmp/s;
    %jmp/1xz T_0.3, 5;
    %jmp/1 T_0.3, 4;
    %pushi/vec4 1, 0, 32;
    %sub;
    %wait E_000001cd4156b2f0;
    %load/vec4 v000001cd4162b900_0;
    %ix/getv/s 4, v000001cd415f2dc0_0;
    %store/vec4a v000001cd415f3780, 4, 0;
    %pushi/vec4 0, 0, 32;
    %store/vec4 v000001cd4156dfd0_0, 0, 32;
T_0.4 ;
    %load/vec4 v000001cd4156dfd0_0;
    %cmpi/s 15, 0, 32;
    %jmp/0xz T_0.5, 5;
    %vpi_call 3 17 "$display", &A<v000001cd415f3780, v000001cd4156dfd0_0 > {0 0 0};
    %load/vec4 v000001cd4156dfd0_0;
    %addi 1, 0, 32;
    %store/vec4 v000001cd4156dfd0_0, 0, 32;
    %jmp T_0.4;
T_0.5 ;
    %load/vec4 v000001cd415f2dc0_0;
    %addi 1, 0, 32;
    %store/vec4 v000001cd415f2dc0_0, 0, 32;
    %jmp T_0.2;
T_0.3 ;
    %pop/vec4 1;
T_0.0 ;
    %jmp T_0;
    .thread T_0;
    .scope S_000001cd4156b8e0;
T_1 ;
    %pushi/vec4 0, 0, 1;
    %store/vec4 v000001cd415f2e60_0, 0, 1;
    %end;
    .thread T_1;
    .scope S_000001cd4156b8e0;
T_2 ;
T_2.0 ;
    %delay 5, 0;
    %load/vec4 v000001cd415f2e60_0;
    %inv;
    %store/vec4 v000001cd415f2e60_0, 0, 1;
    %jmp T_2.0;
    %end;
    .thread T_2;
    .scope S_000001cd4156b8e0;
T_3 ;
    %pushi/vec4 1, 0, 1;
    %store/vec4 v000001cd415f2fa0_0, 0, 1;
    %pushi/vec4 10, 0, 16;
    %store/vec4 v000001cd415f2f00_0, 0, 16;
    %delay 9, 0;
    %pushi/vec4 9, 0, 16;
    %store/vec4 v000001cd415f2f00_0, 0, 16;
    %delay 9, 0;
    %pushi/vec4 8, 0, 16;
    %store/vec4 v000001cd415f2f00_0, 0, 16;
    %delay 9, 0;
    %pushi/vec4 7, 0, 16;
    %store/vec4 v000001cd415f2f00_0, 0, 16;
    %delay 9, 0;
    %pushi/vec4 6, 0, 16;
    %store/vec4 v000001cd415f2f00_0, 0, 16;
    %delay 9, 0;
    %pushi/vec4 5, 0, 16;
    %store/vec4 v000001cd415f2f00_0, 0, 16;
    %delay 9, 0;
    %pushi/vec4 4, 0, 16;
    %store/vec4 v000001cd415f2f00_0, 0, 16;
    %delay 9, 0;
    %pushi/vec4 3, 0, 16;
    %store/vec4 v000001cd415f2f00_0, 0, 16;
    %delay 9, 0;
    %pushi/vec4 2, 0, 16;
    %store/vec4 v000001cd415f2f00_0, 0, 16;
    %delay 9, 0;
    %pushi/vec4 1, 0, 16;
    %store/vec4 v000001cd415f2f00_0, 0, 16;
    %delay 9, 0;
    %pushi/vec4 1, 0, 16;
    %store/vec4 v000001cd415f2f00_0, 0, 16;
    %delay 9, 0;
    %pushi/vec4 1, 0, 16;
    %store/vec4 v000001cd415f2f00_0, 0, 16;
    %delay 9, 0;
    %pushi/vec4 13, 0, 16;
    %store/vec4 v000001cd415f2f00_0, 0, 16;
    %delay 9, 0;
    %pushi/vec4 12, 0, 16;
    %store/vec4 v000001cd415f2f00_0, 0, 16;
    %delay 9, 0;
    %pushi/vec4 1, 0, 16;
    %store/vec4 v000001cd415f2f00_0, 0, 16;
    %delay 9, 0;
    %pushi/vec4 2, 0, 16;
    %store/vec4 v000001cd415f2f00_0, 0, 16;
    %delay 9, 0;
    %pushi/vec4 2, 0, 16;
    %store/vec4 v000001cd415f2f00_0, 0, 16;
    %delay 9, 0;
    %pushi/vec4 1, 0, 16;
    %store/vec4 v000001cd415f2f00_0, 0, 16;
    %delay 9, 0;
    %end;
    .thread T_3;
    .scope S_000001cd4156b8e0;
T_4 ;
    %delay 100, 0;
    %vpi_call 2 58 "$finish" {0 0 0};
    %end;
    .thread T_4;
    .scope S_000001cd4156b8e0;
T_5 ;
    %vpi_call 2 61 "$dumpfile", "a.vcd" {0 0 0};
    %vpi_call 2 62 "$dumpvars", 32'sb00000000000000000000000000000000, S_000001cd4156b8e0 {0 0 0};
    %end;
    .thread T_5;
# The file index is used to find the file name in the following table.
:file_names 4;
    "N/A";
    "<interactive>";
    "tb.v";
    "./a.v";
