#! /c/Source/iverilog-install/bin/vvp
:ivl_version "12.0 (devel)" "(s20150603-1110-g18392a46)";
:ivl_delay_selection "TYPICAL";
:vpi_time_precision + 0;
:vpi_module "C:\iverilog\lib\ivl\system.vpi";
:vpi_module "C:\iverilog\lib\ivl\vhdl_sys.vpi";
:vpi_module "C:\iverilog\lib\ivl\vhdl_textio.vpi";
:vpi_module "C:\iverilog\lib\ivl\v2005_math.vpi";
:vpi_module "C:\iverilog\lib\ivl\va_math.vpi";
S_000001fb9f8960f0 .scope module, "tb" "tb" 2 3;
 .timescale 0 0;
v000001fb9f7db700_0 .net "a0", 0 0, L_000001fb9f7de530;  1 drivers
v000001fb9f7db7a0_0 .net "a1", 0 0, L_000001fb9f7dec30;  1 drivers
v000001fb9f7db840_0 .var "y1", 0 0;
v000001fb9f7db8e0_0 .var "y2", 0 0;
v000001fb9f7db980_0 .var "y3", 0 0;
S_000001fb9f896280 .scope module, "e0" "encoder" 2 12, 3 1 0, S_000001fb9f8960f0;
 .timescale 0 0;
    .port_info 0 /OUTPUT 1 "a0";
    .port_info 1 /OUTPUT 1 "a1";
    .port_info 2 /INPUT 1 "y3";
    .port_info 3 /INPUT 1 "y2";
    .port_info 4 /INPUT 1 "y1";
L_000001fb9f7dec30 .functor OR 1, v000001fb9f7db980_0, v000001fb9f7db8e0_0, C4<0>, C4<0>;
L_000001fb9f7de530 .functor OR 1, v000001fb9f7db980_0, v000001fb9f7db840_0, C4<0>, C4<0>;
v000001fb9f896410_0 .net "a0", 0 0, L_000001fb9f7de530;  alias, 1 drivers
v000001fb9f8633d0_0 .net "a1", 0 0, L_000001fb9f7dec30;  alias, 1 drivers
v000001fb9f7da070_0 .net "y1", 0 0, v000001fb9f7db840_0;  1 drivers
v000001fb9f863120_0 .net "y2", 0 0, v000001fb9f7db8e0_0;  1 drivers
v000001fb9f7db660_0 .net "y3", 0 0, v000001fb9f7db980_0;  1 drivers
    .scope S_000001fb9f8960f0;
T_0 ;
    %vpi_call 2 16 "$dumpfile", "tb.vcd" {0 0 0};
    %vpi_call 2 17 "$dumpvars", 32'sb00000000000000000000000000000000, S_000001fb9f8960f0 {0 0 0};
    %vpi_call 2 19 "$monitor", "%0t, a1=%0b,a0=%0b, y3=%0b,y2=%0b,y1=%0b", $time, v000001fb9f7db7a0_0, v000001fb9f7db700_0, v000001fb9f7db980_0, v000001fb9f7db8e0_0, v000001fb9f7db840_0 {0 0 0};
    %pushi/vec4 0, 0, 3;
    %split/vec4 1;
    %store/vec4 v000001fb9f7db840_0, 0, 1;
    %split/vec4 1;
    %store/vec4 v000001fb9f7db8e0_0, 0, 1;
    %store/vec4 v000001fb9f7db980_0, 0, 1;
    %delay 10, 0;
    %pushi/vec4 1, 0, 3;
    %split/vec4 1;
    %store/vec4 v000001fb9f7db840_0, 0, 1;
    %split/vec4 1;
    %store/vec4 v000001fb9f7db8e0_0, 0, 1;
    %store/vec4 v000001fb9f7db980_0, 0, 1;
    %delay 10, 0;
    %pushi/vec4 2, 0, 3;
    %split/vec4 1;
    %store/vec4 v000001fb9f7db840_0, 0, 1;
    %split/vec4 1;
    %store/vec4 v000001fb9f7db8e0_0, 0, 1;
    %store/vec4 v000001fb9f7db980_0, 0, 1;
    %delay 10, 0;
    %pushi/vec4 3, 0, 3;
    %split/vec4 1;
    %store/vec4 v000001fb9f7db840_0, 0, 1;
    %split/vec4 1;
    %store/vec4 v000001fb9f7db8e0_0, 0, 1;
    %store/vec4 v000001fb9f7db980_0, 0, 1;
    %delay 10, 0;
    %pushi/vec4 4, 0, 3;
    %split/vec4 1;
    %store/vec4 v000001fb9f7db840_0, 0, 1;
    %split/vec4 1;
    %store/vec4 v000001fb9f7db8e0_0, 0, 1;
    %store/vec4 v000001fb9f7db980_0, 0, 1;
    %delay 10, 0;
    %pushi/vec4 5, 0, 3;
    %split/vec4 1;
    %store/vec4 v000001fb9f7db840_0, 0, 1;
    %split/vec4 1;
    %store/vec4 v000001fb9f7db8e0_0, 0, 1;
    %store/vec4 v000001fb9f7db980_0, 0, 1;
    %delay 10, 0;
    %pushi/vec4 6, 0, 3;
    %split/vec4 1;
    %store/vec4 v000001fb9f7db840_0, 0, 1;
    %split/vec4 1;
    %store/vec4 v000001fb9f7db8e0_0, 0, 1;
    %store/vec4 v000001fb9f7db980_0, 0, 1;
    %delay 10, 0;
    %pushi/vec4 7, 0, 3;
    %split/vec4 1;
    %store/vec4 v000001fb9f7db840_0, 0, 1;
    %split/vec4 1;
    %store/vec4 v000001fb9f7db8e0_0, 0, 1;
    %store/vec4 v000001fb9f7db980_0, 0, 1;
    %delay 10, 0;
    %vpi_call 2 30 "$finish" {0 0 0};
    %end;
    .thread T_0;
# The file index is used to find the file name in the following table.
:file_names 4;
    "N/A";
    "<interactive>";
    "tb.v";
    "./4x2_encoder.v";
