#! /c/Source/iverilog-install/bin/vvp
:ivl_version "12.0 (devel)" "(s20150603-1110-g18392a46)";
:ivl_delay_selection "TYPICAL";
:vpi_time_precision + 0;
:vpi_module "C:\iverilog\lib\ivl\system.vpi";
:vpi_module "C:\iverilog\lib\ivl\vhdl_sys.vpi";
:vpi_module "C:\iverilog\lib\ivl\vhdl_textio.vpi";
:vpi_module "C:\iverilog\lib\ivl\v2005_math.vpi";
:vpi_module "C:\iverilog\lib\ivl\va_math.vpi";
S_000001bb647fa310 .scope module, "mux_2x1_tb" "mux_2x1_tb" 2 3;
 .timescale 0 0;
v000001bb648b6080_0 .var "a", 0 0;
v000001bb648b6120_0 .var "b", 0 0;
v000001bb648b61c0_0 .var "sel", 0 0;
v000001bb648b6260_0 .net "y", 0 0, v000001bb647fa4a0_0;  1 drivers
S_000001bb648b5ef0 .scope module, "DUT" "mux_2x1" 2 8, 3 1 0, S_000001bb647fa310;
 .timescale 0 0;
    .port_info 0 /OUTPUT 1 "out";
    .port_info 1 /INPUT 1 "a";
    .port_info 2 /INPUT 1 "b";
    .port_info 3 /INPUT 1 "sel";
v000001bb647fba80_0 .net "a", 0 0, v000001bb648b6080_0;  1 drivers
v000001bb648830a0_0 .net "b", 0 0, v000001bb648b6120_0;  1 drivers
v000001bb647fa4a0_0 .var "out", 0 0;
v000001bb647fa540_0 .net "sel", 0 0, v000001bb648b61c0_0;  1 drivers
E_000001bb648b9d30 .event anyedge, v000001bb647fa540_0, v000001bb648830a0_0, v000001bb647fba80_0;
    .scope S_000001bb648b5ef0;
T_0 ;
    %wait E_000001bb648b9d30;
    %load/vec4 v000001bb647fa540_0;
    %flag_set/vec4 8;
    %jmp/0xz  T_0.0, 8;
    %load/vec4 v000001bb647fba80_0;
    %store/vec4 v000001bb647fa4a0_0, 0, 1;
    %jmp T_0.1;
T_0.0 ;
    %load/vec4 v000001bb648830a0_0;
    %store/vec4 v000001bb647fa4a0_0, 0, 1;
T_0.1 ;
    %jmp T_0;
    .thread T_0, $push;
    .scope S_000001bb647fa310;
T_1 ;
    %vpi_call 2 12 "$monitor", "T=%0t, a=%0b, b=%0b, sel=%0b, y=%0b", $time, v000001bb648b6080_0, v000001bb648b6120_0, v000001bb648b61c0_0, v000001bb648b6260_0 {0 0 0};
    %pushi/vec4 0, 0, 1;
    %store/vec4 v000001bb648b6080_0, 0, 1;
    %pushi/vec4 0, 0, 1;
    %store/vec4 v000001bb648b6120_0, 0, 1;
    %pushi/vec4 0, 0, 1;
    %store/vec4 v000001bb648b61c0_0, 0, 1;
    %delay 10, 0;
    %pushi/vec4 0, 0, 1;
    %store/vec4 v000001bb648b6080_0, 0, 1;
    %pushi/vec4 0, 0, 1;
    %store/vec4 v000001bb648b6120_0, 0, 1;
    %pushi/vec4 1, 0, 1;
    %store/vec4 v000001bb648b61c0_0, 0, 1;
    %delay 10, 0;
    %pushi/vec4 0, 0, 1;
    %store/vec4 v000001bb648b6080_0, 0, 1;
    %pushi/vec4 1, 0, 1;
    %store/vec4 v000001bb648b6120_0, 0, 1;
    %pushi/vec4 0, 0, 1;
    %store/vec4 v000001bb648b61c0_0, 0, 1;
    %delay 10, 0;
    %pushi/vec4 0, 0, 1;
    %store/vec4 v000001bb648b6080_0, 0, 1;
    %pushi/vec4 1, 0, 1;
    %store/vec4 v000001bb648b6120_0, 0, 1;
    %pushi/vec4 1, 0, 1;
    %store/vec4 v000001bb648b61c0_0, 0, 1;
    %delay 10, 0;
    %pushi/vec4 1, 0, 1;
    %store/vec4 v000001bb648b6080_0, 0, 1;
    %pushi/vec4 0, 0, 1;
    %store/vec4 v000001bb648b6120_0, 0, 1;
    %pushi/vec4 0, 0, 1;
    %store/vec4 v000001bb648b61c0_0, 0, 1;
    %delay 10, 0;
    %pushi/vec4 1, 0, 1;
    %store/vec4 v000001bb648b6080_0, 0, 1;
    %pushi/vec4 0, 0, 1;
    %store/vec4 v000001bb648b6120_0, 0, 1;
    %pushi/vec4 1, 0, 1;
    %store/vec4 v000001bb648b61c0_0, 0, 1;
    %delay 10, 0;
    %pushi/vec4 1, 0, 1;
    %store/vec4 v000001bb648b6080_0, 0, 1;
    %pushi/vec4 1, 0, 1;
    %store/vec4 v000001bb648b6120_0, 0, 1;
    %pushi/vec4 0, 0, 1;
    %store/vec4 v000001bb648b61c0_0, 0, 1;
    %delay 10, 0;
    %pushi/vec4 1, 0, 1;
    %store/vec4 v000001bb648b6080_0, 0, 1;
    %pushi/vec4 1, 0, 1;
    %store/vec4 v000001bb648b6120_0, 0, 1;
    %pushi/vec4 1, 0, 1;
    %store/vec4 v000001bb648b61c0_0, 0, 1;
    %end;
    .thread T_1;
# The file index is used to find the file name in the following table.
:file_names 4;
    "N/A";
    "<interactive>";
    "mux_2x1_tb.v";
    "./mux_2x1.v";
