#! /c/Source/iverilog-install/bin/vvp
:ivl_version "12.0 (devel)" "(s20150603-1110-g18392a46)";
:ivl_delay_selection "TYPICAL";
:vpi_time_precision + 0;
:vpi_module "C:\iverilog\lib\ivl\system.vpi";
:vpi_module "C:\iverilog\lib\ivl\vhdl_sys.vpi";
:vpi_module "C:\iverilog\lib\ivl\vhdl_textio.vpi";
:vpi_module "C:\iverilog\lib\ivl\v2005_math.vpi";
:vpi_module "C:\iverilog\lib\ivl\va_math.vpi";
S_000001c7176a2db0 .scope module, "mux_4x1" "mux_4x1" 2 1;
 .timescale 0 0;
    .port_info 0 /OUTPUT 1 "out";
    .port_info 1 /INPUT 4 "i";
    .port_info 2 /INPUT 2 "s";
o000001c7176d6f98 .functor BUFZ 4, C4<zzzz>; HiZ drive
v000001c7176a3290_0 .net "i", 3 0, o000001c7176d6f98;  0 drivers
v000001c7176a3620_0 .var "out", 0 0;
o000001c7176d6ff8 .functor BUFZ 2, C4<zz>; HiZ drive
v000001c7176a2f40_0 .net "s", 1 0, o000001c7176d6ff8;  0 drivers
E_000001c7177b8160 .event anyedge, v000001c7176a2f40_0, v000001c7176a3290_0;
    .scope S_000001c7176a2db0;
T_0 ;
    %wait E_000001c7177b8160;
    %load/vec4 v000001c7176a2f40_0;
    %dup/vec4;
    %pushi/vec4 0, 0, 2;
    %cmp/u;
    %jmp/1 T_0.0, 6;
    %dup/vec4;
    %pushi/vec4 1, 0, 2;
    %cmp/u;
    %jmp/1 T_0.1, 6;
    %dup/vec4;
    %pushi/vec4 2, 0, 2;
    %cmp/u;
    %jmp/1 T_0.2, 6;
    %dup/vec4;
    %pushi/vec4 3, 0, 2;
    %cmp/u;
    %jmp/1 T_0.3, 6;
    %load/vec4 v000001c7176a3290_0;
    %parti/s 1, 0, 2;
    %store/vec4 v000001c7176a3620_0, 0, 1;
    %jmp T_0.5;
T_0.0 ;
    %load/vec4 v000001c7176a3290_0;
    %parti/s 1, 0, 2;
    %store/vec4 v000001c7176a3620_0, 0, 1;
    %jmp T_0.5;
T_0.1 ;
    %load/vec4 v000001c7176a3290_0;
    %parti/s 1, 1, 2;
    %store/vec4 v000001c7176a3620_0, 0, 1;
    %jmp T_0.5;
T_0.2 ;
    %load/vec4 v000001c7176a3290_0;
    %parti/s 1, 2, 3;
    %store/vec4 v000001c7176a3620_0, 0, 1;
    %jmp T_0.5;
T_0.3 ;
    %load/vec4 v000001c7176a3290_0;
    %parti/s 1, 3, 3;
    %store/vec4 v000001c7176a3620_0, 0, 1;
    %jmp T_0.5;
T_0.5 ;
    %pop/vec4 1;
    %jmp T_0;
    .thread T_0, $push;
# The file index is used to find the file name in the following table.
:file_names 3;
    "N/A";
    "<interactive>";
    "mux_4x1.v";
