#! /c/Source/iverilog-install/bin/vvp
:ivl_version "12.0 (devel)" "(s20150603-1110-g18392a46)";
:ivl_delay_selection "TYPICAL";
:vpi_time_precision + 0;
:vpi_module "C:\iverilog\lib\ivl\system.vpi";
:vpi_module "C:\iverilog\lib\ivl\vhdl_sys.vpi";
:vpi_module "C:\iverilog\lib\ivl\vhdl_textio.vpi";
:vpi_module "C:\iverilog\lib\ivl\v2005_math.vpi";
:vpi_module "C:\iverilog\lib\ivl\va_math.vpi";
S_00000291b8fb8ed0 .scope module, "tb" "tb" 2 2;
 .timescale 0 0;
v00000291b8fbb6d0_0 .var "a", 0 0;
v00000291b8fbb770_0 .var "b", 0 0;
v00000291b8fbb810_0 .net "carry", 0 0, L_00000291b90431c0;  1 drivers
v00000291b8fbb8b0_0 .net "sum", 0 0, L_00000291b9043830;  1 drivers
S_00000291b8fb9060 .scope module, "h0" "half_adder" 2 7, 3 1 0, S_00000291b8fb8ed0;
 .timescale 0 0;
    .port_info 0 /OUTPUT 1 "cout";
    .port_info 1 /OUTPUT 1 "s";
    .port_info 2 /INPUT 1 "a";
    .port_info 3 /INPUT 1 "b";
L_00000291b90431c0 .functor AND 1, v00000291b8fbb6d0_0, v00000291b8fbb770_0, C4<1>, C4<1>;
L_00000291b9043830 .functor XOR 1, v00000291b8fbb6d0_0, v00000291b8fbb770_0, C4<0>, C4<0>;
v00000291b90433f0_0 .net "a", 0 0, v00000291b8fbb6d0_0;  1 drivers
v00000291b9043610_0 .net "b", 0 0, v00000291b8fbb770_0;  1 drivers
v00000291b9076330_0 .net "cout", 0 0, L_00000291b90431c0;  alias, 1 drivers
v00000291b9043120_0 .net "s", 0 0, L_00000291b9043830;  alias, 1 drivers
    .scope S_00000291b8fb8ed0;
T_0 ;
    %vpi_call 2 11 "$dumpfile", "tb.vcd" {0 0 0};
    %vpi_call 2 12 "$dumpvars", 32'sb00000000000000000000000000000000, S_00000291b8fb8ed0 {0 0 0};
    %vpi_call 2 13 "$monitor", "T= %00t, a=%b,b=%b, sum=%b,carry=%b", $time, v00000291b8fbb6d0_0, v00000291b8fbb770_0, v00000291b8fbb8b0_0, v00000291b8fbb810_0 {0 0 0};
    %pushi/vec4 0, 0, 2;
    %split/vec4 1;
    %store/vec4 v00000291b8fbb770_0, 0, 1;
    %store/vec4 v00000291b8fbb6d0_0, 0, 1;
    %delay 10, 0;
    %pushi/vec4 1, 0, 2;
    %split/vec4 1;
    %store/vec4 v00000291b8fbb770_0, 0, 1;
    %store/vec4 v00000291b8fbb6d0_0, 0, 1;
    %delay 10, 0;
    %pushi/vec4 2, 0, 2;
    %split/vec4 1;
    %store/vec4 v00000291b8fbb770_0, 0, 1;
    %store/vec4 v00000291b8fbb6d0_0, 0, 1;
    %delay 10, 0;
    %pushi/vec4 3, 0, 2;
    %split/vec4 1;
    %store/vec4 v00000291b8fbb770_0, 0, 1;
    %store/vec4 v00000291b8fbb6d0_0, 0, 1;
    %delay 10, 0;
    %vpi_call 2 20 "$finish" {0 0 0};
    %end;
    .thread T_0;
# The file index is used to find the file name in the following table.
:file_names 4;
    "N/A";
    "<interactive>";
    "tb.v";
    "./half_adder.v";
