#! /c/Source/iverilog-install/bin/vvp
:ivl_version "12.0 (devel)" "(s20150603-1110-g18392a46)";
:ivl_delay_selection "TYPICAL";
:vpi_time_precision + 0;
:vpi_module "C:\iverilog\lib\ivl\system.vpi";
:vpi_module "C:\iverilog\lib\ivl\vhdl_sys.vpi";
:vpi_module "C:\iverilog\lib\ivl\vhdl_textio.vpi";
:vpi_module "C:\iverilog\lib\ivl\v2005_math.vpi";
:vpi_module "C:\iverilog\lib\ivl\va_math.vpi";
S_000002bfa0fdb8e0 .scope module, "mux_2x1_tb" "mux_2x1_tb" 2 3;
 .timescale 0 0;
v000002bfa1025b90_0 .var "a", 0 0;
v000002bfa1025c30_0 .var "b", 0 0;
v000002bfa1025cd0_0 .var "sel", 0 0;
v000002bfa1025d70_0 .net "y", 0 0, L_000002bfa1025e10;  1 drivers
S_000002bfa0fdba70 .scope module, "DUT" "mux_2x1" 2 8, 3 2 0, S_000002bfa0fdb8e0;
 .timescale 0 0;
    .port_info 0 /OUTPUT 1 "y";
    .port_info 1 /INPUT 1 "a";
    .port_info 2 /INPUT 1 "b";
    .port_info 3 /INPUT 1 "sel";
v000002bfa0ff35f0_0 .net "a", 0 0, v000002bfa1025b90_0;  1 drivers
v000002bfa106cf20_0 .net "b", 0 0, v000002bfa1025c30_0;  1 drivers
v000002bfa1025a50_0 .net "sel", 0 0, v000002bfa1025cd0_0;  1 drivers
v000002bfa1025af0_0 .net "y", 0 0, L_000002bfa1025e10;  alias, 1 drivers
L_000002bfa1025e10 .functor MUXZ 1, v000002bfa1025c30_0, v000002bfa1025b90_0, v000002bfa1025cd0_0, C4<>;
    .scope S_000002bfa0fdb8e0;
T_0 ;
    %vpi_call 2 12 "$monitor", "T=%0t, a=%0b, b=%0b, sel=%0b, y=%0b", $time, v000002bfa1025b90_0, v000002bfa1025c30_0, v000002bfa1025cd0_0, v000002bfa1025d70_0 {0 0 0};
    %pushi/vec4 0, 0, 1;
    %store/vec4 v000002bfa1025b90_0, 0, 1;
    %pushi/vec4 0, 0, 1;
    %store/vec4 v000002bfa1025c30_0, 0, 1;
    %pushi/vec4 0, 0, 1;
    %store/vec4 v000002bfa1025cd0_0, 0, 1;
    %delay 10, 0;
    %pushi/vec4 0, 0, 1;
    %store/vec4 v000002bfa1025b90_0, 0, 1;
    %pushi/vec4 0, 0, 1;
    %store/vec4 v000002bfa1025c30_0, 0, 1;
    %pushi/vec4 1, 0, 1;
    %store/vec4 v000002bfa1025cd0_0, 0, 1;
    %delay 10, 0;
    %pushi/vec4 0, 0, 1;
    %store/vec4 v000002bfa1025b90_0, 0, 1;
    %pushi/vec4 1, 0, 1;
    %store/vec4 v000002bfa1025c30_0, 0, 1;
    %pushi/vec4 0, 0, 1;
    %store/vec4 v000002bfa1025cd0_0, 0, 1;
    %delay 10, 0;
    %pushi/vec4 0, 0, 1;
    %store/vec4 v000002bfa1025b90_0, 0, 1;
    %pushi/vec4 1, 0, 1;
    %store/vec4 v000002bfa1025c30_0, 0, 1;
    %pushi/vec4 1, 0, 1;
    %store/vec4 v000002bfa1025cd0_0, 0, 1;
    %delay 10, 0;
    %pushi/vec4 1, 0, 1;
    %store/vec4 v000002bfa1025b90_0, 0, 1;
    %pushi/vec4 0, 0, 1;
    %store/vec4 v000002bfa1025c30_0, 0, 1;
    %pushi/vec4 0, 0, 1;
    %store/vec4 v000002bfa1025cd0_0, 0, 1;
    %delay 10, 0;
    %pushi/vec4 1, 0, 1;
    %store/vec4 v000002bfa1025b90_0, 0, 1;
    %pushi/vec4 0, 0, 1;
    %store/vec4 v000002bfa1025c30_0, 0, 1;
    %pushi/vec4 1, 0, 1;
    %store/vec4 v000002bfa1025cd0_0, 0, 1;
    %delay 10, 0;
    %pushi/vec4 1, 0, 1;
    %store/vec4 v000002bfa1025b90_0, 0, 1;
    %pushi/vec4 1, 0, 1;
    %store/vec4 v000002bfa1025c30_0, 0, 1;
    %pushi/vec4 0, 0, 1;
    %store/vec4 v000002bfa1025cd0_0, 0, 1;
    %delay 10, 0;
    %pushi/vec4 1, 0, 1;
    %store/vec4 v000002bfa1025b90_0, 0, 1;
    %pushi/vec4 1, 0, 1;
    %store/vec4 v000002bfa1025c30_0, 0, 1;
    %pushi/vec4 1, 0, 1;
    %store/vec4 v000002bfa1025cd0_0, 0, 1;
    %end;
    .thread T_0;
# The file index is used to find the file name in the following table.
:file_names 4;
    "N/A";
    "<interactive>";
    "mux_2x1_tb.v";
    "./mux_2x1.v";
