#! /c/Source/iverilog-install/bin/vvp
:ivl_version "12.0 (devel)" "(s20150603-1110-g18392a46)";
:ivl_delay_selection "TYPICAL";
:vpi_time_precision + 0;
:vpi_module "C:\iverilog\lib\ivl\system.vpi";
:vpi_module "C:\iverilog\lib\ivl\vhdl_sys.vpi";
:vpi_module "C:\iverilog\lib\ivl\vhdl_textio.vpi";
:vpi_module "C:\iverilog\lib\ivl\v2005_math.vpi";
:vpi_module "C:\iverilog\lib\ivl\va_math.vpi";
S_000002b14b6f2df0 .scope module, "mux_2x1" "mux_2x1" 2 2;
 .timescale 0 0;
    .port_info 0 /OUTPUT 1 "y";
    .port_info 1 /INPUT 1 "a";
    .port_info 2 /INPUT 1 "b";
    .port_info 3 /INPUT 1 "sel";
o000002b14b727098 .functor BUFZ 1, C4<z>; HiZ drive
L_000002b14b6f3160 .functor NOT 1, o000002b14b727098, C4<0>, C4<0>, C4<0>;
o000002b14b726fd8 .functor BUFZ 1, C4<z>; HiZ drive
L_000002b14b6f37d0 .functor AND 1, o000002b14b726fd8, o000002b14b727098, C4<1>, C4<1>;
o000002b14b727008 .functor BUFZ 1, C4<z>; HiZ drive
L_000002b14b66e440 .functor AND 1, o000002b14b727008, L_000002b14b6f3160, C4<1>, C4<1>;
L_000002b14b66e4b0 .functor OR 1, L_000002b14b6f37d0, L_000002b14b66e440, C4<0>, C4<0>;
v000002b14b6f35b0_0 .net "a", 0 0, o000002b14b726fd8;  0 drivers
v000002b14b6f3390_0 .net "b", 0 0, o000002b14b727008;  0 drivers
v000002b14b6f2f80_0 .net "out1", 0 0, L_000002b14b6f37d0;  1 drivers
v000002b14b6f3020_0 .net "out2", 0 0, L_000002b14b66e440;  1 drivers
v000002b14b6f30c0_0 .net "sel", 0 0, o000002b14b727098;  0 drivers
v000002b14b66e300_0 .net "selb", 0 0, L_000002b14b6f3160;  1 drivers
v000002b14b66e3a0_0 .net "y", 0 0, L_000002b14b66e4b0;  1 drivers
# The file index is used to find the file name in the following table.
:file_names 3;
    "N/A";
    "<interactive>";
    "mux_2x1.v";
