#! /c/Source/iverilog-install/bin/vvp
:ivl_version "12.0 (devel)" "(s20150603-1110-g18392a46)";
:ivl_delay_selection "TYPICAL";
:vpi_time_precision + 0;
:vpi_module "C:\iverilog\lib\ivl\system.vpi";
:vpi_module "C:\iverilog\lib\ivl\vhdl_sys.vpi";
:vpi_module "C:\iverilog\lib\ivl\vhdl_textio.vpi";
:vpi_module "C:\iverilog\lib\ivl\v2005_math.vpi";
:vpi_module "C:\iverilog\lib\ivl\va_math.vpi";
S_00000292fd437030 .scope module, "tb" "tb" 2 3;
 .timescale 0 0;
v00000292fd4329f0_0 .var "a", 0 0;
v00000292fd4330d0_0 .var "b", 0 0;
v00000292fd433170_0 .net "out", 0 0, L_00000292fd483150;  1 drivers
v00000292fd433210_0 .var "s0", 0 0;
v00000292fd4332b0_0 .var "s1", 0 0;
S_00000292fd4371c0 .scope module, "m0" "multigate" 2 11, 3 1 0, S_00000292fd437030;
 .timescale 0 0;
    .port_info 0 /OUTPUT 1 "out";
    .port_info 1 /INPUT 1 "a";
    .port_info 2 /INPUT 1 "b";
    .port_info 3 /INPUT 1 "s0";
    .port_info 4 /INPUT 1 "s1";
L_00000292fd4392b0 .functor AND 1, v00000292fd4329f0_0, v00000292fd4330d0_0, C4<1>, C4<1>;
L_00000292fd4394e0 .functor OR 1, v00000292fd4329f0_0, v00000292fd4330d0_0, C4<0>, C4<0>;
L_00000292fd439550 .functor NOR 1, v00000292fd4329f0_0, v00000292fd4330d0_0, C4<0>, C4<0>;
L_00000292fd439780 .functor NAND 1, v00000292fd4329f0_0, v00000292fd4330d0_0, C4<1>, C4<1>;
L_00000292fd4395c0 .functor NOT 1, v00000292fd433210_0, C4<0>, C4<0>, C4<0>;
L_00000292fd439240 .functor NOT 1, v00000292fd4332b0_0, C4<0>, C4<0>, C4<0>;
L_00000292fd439390 .functor AND 1, L_00000292fd4392b0, L_00000292fd439240, L_00000292fd4395c0, C4<1>;
L_00000292fd439630 .functor AND 1, L_00000292fd4394e0, L_00000292fd439240, v00000292fd433210_0, C4<1>;
L_00000292fd483310 .functor AND 1, L_00000292fd439550, v00000292fd4332b0_0, L_00000292fd4395c0, C4<1>;
L_00000292fd483690 .functor AND 1, L_00000292fd439780, v00000292fd4332b0_0, v00000292fd433210_0, C4<1>;
L_00000292fd483150 .functor OR 1, L_00000292fd4333f0, L_00000292fd484980, L_00000292fd4852e0, L_00000292fd4843e0;
v00000292fd437350_0 .net *"_ivl_10", 0 0, L_00000292fd439630;  1 drivers
v00000292fd427870_0 .net *"_ivl_13", 0 0, L_00000292fd483310;  1 drivers
v00000292fd432c70_0 .net *"_ivl_16", 0 0, L_00000292fd483690;  1 drivers
v00000292fd433490_0 .net *"_ivl_21", 0 0, L_00000292fd4333f0;  1 drivers
v00000292fd432b30_0 .net *"_ivl_23", 0 0, L_00000292fd484980;  1 drivers
v00000292fd432d10_0 .net *"_ivl_25", 0 0, L_00000292fd4852e0;  1 drivers
v00000292fd4328b0_0 .net *"_ivl_27", 0 0, L_00000292fd4843e0;  1 drivers
v00000292fd432810_0 .net *"_ivl_7", 0 0, L_00000292fd439390;  1 drivers
v00000292fd432bd0_0 .net "a", 0 0, v00000292fd4329f0_0;  1 drivers
v00000292fd432db0_0 .net "andw", 0 0, L_00000292fd4392b0;  1 drivers
v00000292fd432e50_0 .net "b", 0 0, v00000292fd4330d0_0;  1 drivers
v00000292fd432a90_0 .net "nandw", 0 0, L_00000292fd439780;  1 drivers
v00000292fd433530_0 .net "norw", 0 0, L_00000292fd439550;  1 drivers
v00000292fd432630_0 .net "nots0", 0 0, L_00000292fd4395c0;  1 drivers
v00000292fd4326d0_0 .net "nots1", 0 0, L_00000292fd439240;  1 drivers
v00000292fd432ef0_0 .net "orw", 0 0, L_00000292fd4394e0;  1 drivers
v00000292fd432770_0 .net "out", 0 0, L_00000292fd483150;  alias, 1 drivers
v00000292fd432f90_0 .net "s0", 0 0, v00000292fd433210_0;  1 drivers
v00000292fd433030_0 .net "s1", 0 0, v00000292fd4332b0_0;  1 drivers
v00000292fd432950_0 .net "w", 3 0, L_00000292fd433350;  1 drivers
L_00000292fd433350 .concat8 [ 1 1 1 1], L_00000292fd439390, L_00000292fd439630, L_00000292fd483310, L_00000292fd483690;
L_00000292fd4333f0 .part L_00000292fd433350, 0, 1;
L_00000292fd484980 .part L_00000292fd433350, 1, 1;
L_00000292fd4852e0 .part L_00000292fd433350, 2, 1;
L_00000292fd4843e0 .part L_00000292fd433350, 3, 1;
    .scope S_00000292fd437030;
T_0 ;
    %vpi_call 2 15 "$dumpfile", "tb.vcd" {0 0 0};
    %vpi_call 2 16 "$dumpvars", 32'sb00000000000000000000000000000000, S_00000292fd437030 {0 0 0};
    %vpi_call 2 17 "$monitor", "T=%0t, a=%0b, b=%0b, s0=%0b, s1=%0b, out=%0b", $time, v00000292fd4329f0_0, v00000292fd4330d0_0, v00000292fd433210_0, v00000292fd4332b0_0, v00000292fd433170_0 {0 0 0};
    %pushi/vec4 0, 0, 1;
    %store/vec4 v00000292fd4329f0_0, 0, 1;
    %pushi/vec4 1, 0, 1;
    %store/vec4 v00000292fd4330d0_0, 0, 1;
    %pushi/vec4 0, 0, 2;
    %split/vec4 1;
    %store/vec4 v00000292fd433210_0, 0, 1;
    %store/vec4 v00000292fd4332b0_0, 0, 1;
    %delay 10, 0;
    %pushi/vec4 1, 0, 2;
    %split/vec4 1;
    %store/vec4 v00000292fd433210_0, 0, 1;
    %store/vec4 v00000292fd4332b0_0, 0, 1;
    %delay 10, 0;
    %pushi/vec4 2, 0, 2;
    %split/vec4 1;
    %store/vec4 v00000292fd433210_0, 0, 1;
    %store/vec4 v00000292fd4332b0_0, 0, 1;
    %delay 10, 0;
    %pushi/vec4 3, 0, 2;
    %split/vec4 1;
    %store/vec4 v00000292fd433210_0, 0, 1;
    %store/vec4 v00000292fd4332b0_0, 0, 1;
    %delay 10, 0;
    %vpi_call 2 26 "$finish" {0 0 0};
    %end;
    .thread T_0;
# The file index is used to find the file name in the following table.
:file_names 4;
    "N/A";
    "<interactive>";
    "tb.v";
    "./multi_gate.v";
