#! /c/Source/iverilog-install/bin/vvp
:ivl_version "12.0 (devel)" "(s20150603-1110-g18392a46)";
:ivl_delay_selection "TYPICAL";
:vpi_time_precision + 0;
:vpi_module "C:\iverilog\lib\ivl\system.vpi";
:vpi_module "C:\iverilog\lib\ivl\vhdl_sys.vpi";
:vpi_module "C:\iverilog\lib\ivl\vhdl_textio.vpi";
:vpi_module "C:\iverilog\lib\ivl\v2005_math.vpi";
:vpi_module "C:\iverilog\lib\ivl\va_math.vpi";
S_000001955f4edb20 .scope module, "shift_register_8bit_tb" "shift_register_8bit_tb" 2 2;
 .timescale 0 0;
v000001955f4eba70_0 .var "Clk", 0 0;
v000001955f4ebb10_0 .net "Q", 7 0, v000001955f5037b0_0;  1 drivers
v000001955f533ff0_0 .var "in", 0 0;
v000001955f534090_0 .var "reset", 0 0;
v000001955f534130_0 .var "right", 0 0;
S_000001955f4edcb0 .scope module, "DUT" "shift_register_8bit" 2 6, 3 1 0, S_000001955f4edb20;
 .timescale 0 0;
    .port_info 0 /OUTPUT 8 "Q";
    .port_info 1 /INPUT 1 "in";
    .port_info 2 /INPUT 1 "Clk";
    .port_info 3 /INPUT 1 "right";
    .port_info 4 /INPUT 1 "reset";
v000001955f4ede40_0 .net "Clk", 0 0, v000001955f4eba70_0;  1 drivers
v000001955f5037b0_0 .var "Q", 7 0;
v000001955f5039d0_0 .net "in", 0 0, v000001955f533ff0_0;  1 drivers
v000001955f4eb0c0_0 .net "reset", 0 0, v000001955f534090_0;  1 drivers
v000001955f503370_0 .net "right", 0 0, v000001955f534130_0;  1 drivers
E_000001955f525470 .event posedge, v000001955f4ede40_0;
    .scope S_000001955f4edcb0;
T_0 ;
    %pushi/vec4 0, 0, 8;
    %store/vec4 v000001955f5037b0_0, 0, 8;
    %end;
    .thread T_0;
    .scope S_000001955f4edcb0;
T_1 ;
    %wait E_000001955f525470;
    %load/vec4 v000001955f4eb0c0_0;
    %pad/u 32;
    %cmpi/e 1, 0, 32;
    %jmp/0xz  T_1.0, 4;
    %pushi/vec4 0, 0, 8;
    %store/vec4 v000001955f5037b0_0, 0, 8;
    %jmp T_1.1;
T_1.0 ;
    %load/vec4 v000001955f503370_0;
    %pad/u 32;
    %cmpi/e 1, 0, 32;
    %jmp/0xz  T_1.2, 4;
    %load/vec4 v000001955f5037b0_0;
    %ix/load 4, 1, 0;
    %flag_set/imm 4, 0;
    %shiftr 4;
    %store/vec4 v000001955f5037b0_0, 0, 8;
    %load/vec4 v000001955f5039d0_0;
    %ix/load 4, 7, 0;
    %flag_set/imm 4, 0;
    %store/vec4 v000001955f5037b0_0, 4, 1;
    %jmp T_1.3;
T_1.2 ;
    %load/vec4 v000001955f503370_0;
    %pad/u 32;
    %cmpi/e 0, 0, 32;
    %jmp/0xz  T_1.4, 4;
    %load/vec4 v000001955f5037b0_0;
    %ix/load 4, 1, 0;
    %flag_set/imm 4, 0;
    %shiftl 4;
    %store/vec4 v000001955f5037b0_0, 0, 8;
    %load/vec4 v000001955f5039d0_0;
    %ix/load 4, 0, 0;
    %flag_set/imm 4, 0;
    %store/vec4 v000001955f5037b0_0, 4, 1;
T_1.4 ;
T_1.3 ;
T_1.1 ;
    %jmp T_1;
    .thread T_1;
    .scope S_000001955f4edb20;
T_2 ;
    %pushi/vec4 0, 0, 1;
    %store/vec4 v000001955f4eba70_0, 0, 1;
    %end;
    .thread T_2;
    .scope S_000001955f4edb20;
T_3 ;
    %delay 5, 0;
    %load/vec4 v000001955f4eba70_0;
    %inv;
    %store/vec4 v000001955f4eba70_0, 0, 1;
    %jmp T_3;
    .thread T_3;
    .scope S_000001955f4edb20;
T_4 ;
    %vpi_call 2 12 "$dumpfile", "tb.vcd" {0 0 0};
    %vpi_call 2 13 "$dumpvars", 32'sb00000000000000000000000000000000, S_000001955f4edb20 {0 0 0};
    %end;
    .thread T_4;
    .scope S_000001955f4edb20;
T_5 ;
    %pushi/vec4 0, 0, 1;
    %store/vec4 v000001955f534130_0, 0, 1;
    %pushi/vec4 1, 0, 1;
    %store/vec4 v000001955f533ff0_0, 0, 1;
    %delay 10, 0;
    %pushi/vec4 0, 0, 1;
    %store/vec4 v000001955f534130_0, 0, 1;
    %pushi/vec4 0, 0, 1;
    %store/vec4 v000001955f533ff0_0, 0, 1;
    %delay 10, 0;
    %pushi/vec4 0, 0, 1;
    %store/vec4 v000001955f534130_0, 0, 1;
    %pushi/vec4 0, 0, 1;
    %store/vec4 v000001955f533ff0_0, 0, 1;
    %delay 10, 0;
    %pushi/vec4 0, 0, 1;
    %store/vec4 v000001955f534130_0, 0, 1;
    %pushi/vec4 0, 0, 1;
    %store/vec4 v000001955f533ff0_0, 0, 1;
    %delay 10, 0;
    %pushi/vec4 0, 0, 1;
    %store/vec4 v000001955f534130_0, 0, 1;
    %pushi/vec4 0, 0, 1;
    %store/vec4 v000001955f533ff0_0, 0, 1;
    %delay 10, 0;
    %pushi/vec4 0, 0, 1;
    %store/vec4 v000001955f534130_0, 0, 1;
    %pushi/vec4 0, 0, 1;
    %store/vec4 v000001955f533ff0_0, 0, 1;
    %delay 10, 0;
    %pushi/vec4 0, 0, 1;
    %store/vec4 v000001955f534130_0, 0, 1;
    %pushi/vec4 0, 0, 1;
    %store/vec4 v000001955f533ff0_0, 0, 1;
    %delay 10, 0;
    %pushi/vec4 0, 0, 1;
    %store/vec4 v000001955f534130_0, 0, 1;
    %pushi/vec4 0, 0, 1;
    %store/vec4 v000001955f533ff0_0, 0, 1;
    %delay 10, 0;
    %pushi/vec4 0, 0, 1;
    %store/vec4 v000001955f534130_0, 0, 1;
    %pushi/vec4 0, 0, 1;
    %store/vec4 v000001955f533ff0_0, 0, 1;
    %delay 10, 0;
    %pushi/vec4 0, 0, 1;
    %store/vec4 v000001955f534130_0, 0, 1;
    %pushi/vec4 0, 0, 1;
    %store/vec4 v000001955f533ff0_0, 0, 1;
    %delay 100, 0;
    %vpi_call 2 27 "$finish" {0 0 0};
    %end;
    .thread T_5;
# The file index is used to find the file name in the following table.
:file_names 4;
    "N/A";
    "<interactive>";
    "tb.v";
    "./a.v";
