#! /c/Source/iverilog-install/bin/vvp
:ivl_version "12.0 (devel)" "(s20150603-1110-g18392a46)";
:ivl_delay_selection "TYPICAL";
:vpi_time_precision + 0;
:vpi_module "C:\iverilog\lib\ivl\system.vpi";
:vpi_module "C:\iverilog\lib\ivl\vhdl_sys.vpi";
:vpi_module "C:\iverilog\lib\ivl\vhdl_textio.vpi";
:vpi_module "C:\iverilog\lib\ivl\v2005_math.vpi";
:vpi_module "C:\iverilog\lib\ivl\va_math.vpi";
S_00000159ebf94ff0 .scope module, "ripple" "ripple" 2 3;
 .timescale 0 0;
    .port_info 0 /INPUT 4 "a";
    .port_info 1 /INPUT 4 "b";
    .port_info 2 /OUTPUT 4 "c";
    .port_info 3 /INPUT 4 "s";
o00000159ebf9bfa8 .functor BUFZ 4, C4<zzzz>; HiZ drive
v00000159ebff70b0_0 .net "a", 3 0, o00000159ebf9bfa8;  0 drivers
o00000159ebf9bfd8 .functor BUFZ 4, C4<zzzz>; HiZ drive
v00000159ebff69d0_0 .net "b", 3 0, o00000159ebf9bfd8;  0 drivers
v00000159ebff6610_0 .net "c", 3 0, L_00000159ebff58f0;  1 drivers
v00000159ebff66b0_0 .net "s", 3 0, L_00000159ebff53f0;  1 drivers
L_00000159ebff7010 .part o00000159ebf9bfa8, 0, 1;
L_00000159ebff5490 .part o00000159ebf9bfd8, 0, 1;
L_00000159ebff5710 .part o00000159ebf9bfa8, 1, 1;
L_00000159ebff6750 .part o00000159ebf9bfd8, 1, 1;
L_00000159ebff5b70 .part L_00000159ebff58f0, 0, 1;
L_00000159ebff6bb0 .part o00000159ebf9bfa8, 2, 1;
L_00000159ebff6ed0 .part o00000159ebf9bfd8, 2, 1;
L_00000159ebff6390 .part L_00000159ebff58f0, 1, 1;
L_00000159ebff58f0 .concat8 [ 1 1 1 1], L_00000159ebf91150, L_00000159ec03f3b0, L_00000159ec03fb90, L_00000159ec03f2d0;
L_00000159ebff53f0 .concat8 [ 1 1 1 1], L_00000159ebf91460, L_00000159ebf91620, L_00000159ec03fe30, L_00000159ec03f960;
L_00000159ebff5530 .part o00000159ebf9bfa8, 3, 1;
L_00000159ebff6110 .part o00000159ebf9bfd8, 3, 1;
L_00000159ebff5fd0 .part L_00000159ebff58f0, 2, 1;
S_00000159ec0cd4d0 .scope module, "f0" "full_adder" 2 5, 3 3 0, S_00000159ebf94ff0;
 .timescale 0 0;
    .port_info 0 /OUTPUT 1 "cout";
    .port_info 1 /OUTPUT 1 "s";
    .port_info 2 /INPUT 1 "a";
    .port_info 3 /INPUT 1 "b";
    .port_info 4 /INPUT 1 "c";
L_00000159ebf91150 .functor OR 1, L_00000159ebf91700, L_00000159ebf913f0, C4<0>, C4<0>;
v00000159ebfeb720_0 .net "a", 0 0, L_00000159ebff7010;  1 drivers
v00000159ebfeb4a0_0 .net "b", 0 0, L_00000159ebff5490;  1 drivers
L_00000159ebff7278 .functor BUFT 1, C4<0>, C4<0>, C4<0>, C4<0>;
v00000159ebfeb0e0_0 .net "c", 0 0, L_00000159ebff7278;  1 drivers
v00000159ebfe9b00_0 .net "cout", 0 0, L_00000159ebf91150;  1 drivers
v00000159ebfeb5e0_0 .net "cout1", 0 0, L_00000159ebf91700;  1 drivers
v00000159ebfeabe0_0 .net "cout2", 0 0, L_00000159ebf913f0;  1 drivers
v00000159ebfeab40_0 .net "s", 0 0, L_00000159ebf91460;  1 drivers
v00000159ebfea8c0_0 .net "sum1", 0 0, L_00000159ebf91310;  1 drivers
S_00000159ec0cd660 .scope module, "h0" "half_adder" 3 7, 4 1 0, S_00000159ec0cd4d0;
 .timescale 0 0;
    .port_info 0 /OUTPUT 1 "cout";
    .port_info 1 /OUTPUT 1 "s";
    .port_info 2 /INPUT 1 "a";
    .port_info 3 /INPUT 1 "b";
L_00000159ebf91700 .functor AND 1, L_00000159ebff7010, L_00000159ebff5490, C4<1>, C4<1>;
L_00000159ebf91310 .functor XOR 1, L_00000159ebff7010, L_00000159ebff5490, C4<0>, C4<0>;
v00000159ebf90560_0 .net "a", 0 0, L_00000159ebff7010;  alias, 1 drivers
v00000159ebf90740_0 .net "b", 0 0, L_00000159ebff5490;  alias, 1 drivers
v00000159ebf909c0_0 .net "cout", 0 0, L_00000159ebf91700;  alias, 1 drivers
v00000159ebf8fd40_0 .net "s", 0 0, L_00000159ebf91310;  alias, 1 drivers
S_00000159ec0cd7f0 .scope module, "h1" "half_adder" 3 8, 4 1 0, S_00000159ec0cd4d0;
 .timescale 0 0;
    .port_info 0 /OUTPUT 1 "cout";
    .port_info 1 /OUTPUT 1 "s";
    .port_info 2 /INPUT 1 "a";
    .port_info 3 /INPUT 1 "b";
L_00000159ebf913f0 .functor AND 1, L_00000159ebf91310, L_00000159ebff7278, C4<1>, C4<1>;
L_00000159ebf91460 .functor XOR 1, L_00000159ebf91310, L_00000159ebff7278, C4<0>, C4<0>;
v00000159ebf90880_0 .net "a", 0 0, L_00000159ebf91310;  alias, 1 drivers
v00000159ebf8ff20_0 .net "b", 0 0, L_00000159ebff7278;  alias, 1 drivers
v00000159ebfea280_0 .net "cout", 0 0, L_00000159ebf913f0;  alias, 1 drivers
v00000159ebfeac80_0 .net "s", 0 0, L_00000159ebf91460;  alias, 1 drivers
S_00000159ebf62d60 .scope module, "f1" "full_adder" 2 6, 3 3 0, S_00000159ebf94ff0;
 .timescale 0 0;
    .port_info 0 /OUTPUT 1 "cout";
    .port_info 1 /OUTPUT 1 "s";
    .port_info 2 /INPUT 1 "a";
    .port_info 3 /INPUT 1 "b";
    .port_info 4 /INPUT 1 "c";
L_00000159ec03f3b0 .functor OR 1, L_00000159ebf914d0, L_00000159ebf91540, C4<0>, C4<0>;
v00000159ebfeadc0_0 .net "a", 0 0, L_00000159ebff5710;  1 drivers
v00000159ebfeafa0_0 .net "b", 0 0, L_00000159ebff6750;  1 drivers
v00000159ebfe9920_0 .net "c", 0 0, L_00000159ebff5b70;  1 drivers
v00000159ebfe9d80_0 .net "cout", 0 0, L_00000159ec03f3b0;  1 drivers
v00000159ebfeb360_0 .net "cout1", 0 0, L_00000159ebf914d0;  1 drivers
v00000159ebfeae60_0 .net "cout2", 0 0, L_00000159ebf91540;  1 drivers
v00000159ebfea820_0 .net "s", 0 0, L_00000159ebf91620;  1 drivers
v00000159ebfe9a60_0 .net "sum1", 0 0, L_00000159ebf91230;  1 drivers
S_00000159ebf62ef0 .scope module, "h0" "half_adder" 3 7, 4 1 0, S_00000159ebf62d60;
 .timescale 0 0;
    .port_info 0 /OUTPUT 1 "cout";
    .port_info 1 /OUTPUT 1 "s";
    .port_info 2 /INPUT 1 "a";
    .port_info 3 /INPUT 1 "b";
L_00000159ebf914d0 .functor AND 1, L_00000159ebff5710, L_00000159ebff6750, C4<1>, C4<1>;
L_00000159ebf91230 .functor XOR 1, L_00000159ebff5710, L_00000159ebff6750, C4<0>, C4<0>;
v00000159ebfe9ba0_0 .net "a", 0 0, L_00000159ebff5710;  alias, 1 drivers
v00000159ebfeb540_0 .net "b", 0 0, L_00000159ebff6750;  alias, 1 drivers
v00000159ebfeb680_0 .net "cout", 0 0, L_00000159ebf914d0;  alias, 1 drivers
v00000159ebfeaaa0_0 .net "s", 0 0, L_00000159ebf91230;  alias, 1 drivers
S_00000159ebf63080 .scope module, "h1" "half_adder" 3 8, 4 1 0, S_00000159ebf62d60;
 .timescale 0 0;
    .port_info 0 /OUTPUT 1 "cout";
    .port_info 1 /OUTPUT 1 "s";
    .port_info 2 /INPUT 1 "a";
    .port_info 3 /INPUT 1 "b";
L_00000159ebf91540 .functor AND 1, L_00000159ebf91230, L_00000159ebff5b70, C4<1>, C4<1>;
L_00000159ebf91620 .functor XOR 1, L_00000159ebf91230, L_00000159ebff5b70, C4<0>, C4<0>;
v00000159ebfea780_0 .net "a", 0 0, L_00000159ebf91230;  alias, 1 drivers
v00000159ebfea500_0 .net "b", 0 0, L_00000159ebff5b70;  alias, 1 drivers
v00000159ebfeb7c0_0 .net "cout", 0 0, L_00000159ebf91540;  alias, 1 drivers
v00000159ebfead20_0 .net "s", 0 0, L_00000159ebf91620;  alias, 1 drivers
S_00000159ebfeb8e0 .scope module, "f2" "full_adder" 2 7, 3 3 0, S_00000159ebf94ff0;
 .timescale 0 0;
    .port_info 0 /OUTPUT 1 "cout";
    .port_info 1 /OUTPUT 1 "s";
    .port_info 2 /INPUT 1 "a";
    .port_info 3 /INPUT 1 "b";
    .port_info 4 /INPUT 1 "c";
L_00000159ec03fb90 .functor OR 1, L_00000159ec03f420, L_00000159ec03f570, C4<0>, C4<0>;
v00000159ebfeb040_0 .net "a", 0 0, L_00000159ebff6bb0;  1 drivers
v00000159ebfe9e20_0 .net "b", 0 0, L_00000159ebff6ed0;  1 drivers
v00000159ebfe9ec0_0 .net "c", 0 0, L_00000159ebff6390;  1 drivers
v00000159ebfeb180_0 .net "cout", 0 0, L_00000159ec03fb90;  1 drivers
v00000159ebfeb220_0 .net "cout1", 0 0, L_00000159ec03f420;  1 drivers
v00000159ebfeb2c0_0 .net "cout2", 0 0, L_00000159ec03f570;  1 drivers
v00000159ebfe9f60_0 .net "s", 0 0, L_00000159ec03fe30;  1 drivers
v00000159ebfeb400_0 .net "sum1", 0 0, L_00000159ec03fb20;  1 drivers
S_00000159ebfeba70 .scope module, "h0" "half_adder" 3 7, 4 1 0, S_00000159ebfeb8e0;
 .timescale 0 0;
    .port_info 0 /OUTPUT 1 "cout";
    .port_info 1 /OUTPUT 1 "s";
    .port_info 2 /INPUT 1 "a";
    .port_info 3 /INPUT 1 "b";
L_00000159ec03f420 .functor AND 1, L_00000159ebff6bb0, L_00000159ebff6ed0, C4<1>, C4<1>;
L_00000159ec03fb20 .functor XOR 1, L_00000159ebff6bb0, L_00000159ebff6ed0, C4<0>, C4<0>;
v00000159ebfe99c0_0 .net "a", 0 0, L_00000159ebff6bb0;  alias, 1 drivers
v00000159ebfeaf00_0 .net "b", 0 0, L_00000159ebff6ed0;  alias, 1 drivers
v00000159ebfe9c40_0 .net "cout", 0 0, L_00000159ec03f420;  alias, 1 drivers
v00000159ebfea960_0 .net "s", 0 0, L_00000159ec03fb20;  alias, 1 drivers
S_00000159ebff3c10 .scope module, "h1" "half_adder" 3 8, 4 1 0, S_00000159ebfeb8e0;
 .timescale 0 0;
    .port_info 0 /OUTPUT 1 "cout";
    .port_info 1 /OUTPUT 1 "s";
    .port_info 2 /INPUT 1 "a";
    .port_info 3 /INPUT 1 "b";
L_00000159ec03f570 .functor AND 1, L_00000159ec03fb20, L_00000159ebff6390, C4<1>, C4<1>;
L_00000159ec03fe30 .functor XOR 1, L_00000159ec03fb20, L_00000159ebff6390, C4<0>, C4<0>;
v00000159ebfea000_0 .net "a", 0 0, L_00000159ec03fb20;  alias, 1 drivers
v00000159ebfe9ce0_0 .net "b", 0 0, L_00000159ebff6390;  alias, 1 drivers
v00000159ebfea6e0_0 .net "cout", 0 0, L_00000159ec03f570;  alias, 1 drivers
v00000159ebfeaa00_0 .net "s", 0 0, L_00000159ec03fe30;  alias, 1 drivers
S_00000159ebff3da0 .scope module, "f3" "full_adder" 2 8, 3 3 0, S_00000159ebf94ff0;
 .timescale 0 0;
    .port_info 0 /OUTPUT 1 "cout";
    .port_info 1 /OUTPUT 1 "s";
    .port_info 2 /INPUT 1 "a";
    .port_info 3 /INPUT 1 "b";
    .port_info 4 /INPUT 1 "c";
L_00000159ec03f2d0 .functor OR 1, L_00000159ec03f880, L_00000159ec03f490, C4<0>, C4<0>;
v00000159ebff5e90_0 .net "a", 0 0, L_00000159ebff5530;  1 drivers
v00000159ebff52b0_0 .net "b", 0 0, L_00000159ebff6110;  1 drivers
v00000159ebff6430_0 .net "c", 0 0, L_00000159ebff5fd0;  1 drivers
v00000159ebff5cb0_0 .net "cout", 0 0, L_00000159ec03f2d0;  1 drivers
v00000159ebff55d0_0 .net "cout1", 0 0, L_00000159ec03f880;  1 drivers
v00000159ebff5990_0 .net "cout2", 0 0, L_00000159ec03f490;  1 drivers
v00000159ebff6070_0 .net "s", 0 0, L_00000159ec03f960;  1 drivers
v00000159ebff5350_0 .net "sum1", 0 0, L_00000159ec03fc00;  1 drivers
S_00000159ebff3f30 .scope module, "h0" "half_adder" 3 7, 4 1 0, S_00000159ebff3da0;
 .timescale 0 0;
    .port_info 0 /OUTPUT 1 "cout";
    .port_info 1 /OUTPUT 1 "s";
    .port_info 2 /INPUT 1 "a";
    .port_info 3 /INPUT 1 "b";
L_00000159ec03f880 .functor AND 1, L_00000159ebff5530, L_00000159ebff6110, C4<1>, C4<1>;
L_00000159ec03fc00 .functor XOR 1, L_00000159ebff5530, L_00000159ebff6110, C4<0>, C4<0>;
v00000159ebfea640_0 .net "a", 0 0, L_00000159ebff5530;  alias, 1 drivers
v00000159ebfea0a0_0 .net "b", 0 0, L_00000159ebff6110;  alias, 1 drivers
v00000159ebfea140_0 .net "cout", 0 0, L_00000159ec03f880;  alias, 1 drivers
v00000159ebfea1e0_0 .net "s", 0 0, L_00000159ec03fc00;  alias, 1 drivers
S_00000159ebff50d0 .scope module, "h1" "half_adder" 3 8, 4 1 0, S_00000159ebff3da0;
 .timescale 0 0;
    .port_info 0 /OUTPUT 1 "cout";
    .port_info 1 /OUTPUT 1 "s";
    .port_info 2 /INPUT 1 "a";
    .port_info 3 /INPUT 1 "b";
L_00000159ec03f490 .functor AND 1, L_00000159ec03fc00, L_00000159ebff5fd0, C4<1>, C4<1>;
L_00000159ec03f960 .functor XOR 1, L_00000159ec03fc00, L_00000159ebff5fd0, C4<0>, C4<0>;
v00000159ebfea320_0 .net "a", 0 0, L_00000159ec03fc00;  alias, 1 drivers
v00000159ebfea3c0_0 .net "b", 0 0, L_00000159ebff5fd0;  alias, 1 drivers
v00000159ebfea460_0 .net "cout", 0 0, L_00000159ec03f490;  alias, 1 drivers
v00000159ebfea5a0_0 .net "s", 0 0, L_00000159ec03f960;  alias, 1 drivers
# The file index is used to find the file name in the following table.
:file_names 5;
    "N/A";
    "<interactive>";
    "ripple_adder.v";
    "./full_adder.v";
    "./half_adder.v";
