#! /c/Source/iverilog-install/bin/vvp
:ivl_version "12.0 (devel)" "(s20150603-1110-g18392a46)";
:ivl_delay_selection "TYPICAL";
:vpi_time_precision + 0;
:vpi_module "C:\iverilog\lib\ivl\system.vpi";
:vpi_module "C:\iverilog\lib\ivl\vhdl_sys.vpi";
:vpi_module "C:\iverilog\lib\ivl\vhdl_textio.vpi";
:vpi_module "C:\iverilog\lib\ivl\v2005_math.vpi";
:vpi_module "C:\iverilog\lib\ivl\va_math.vpi";
S_000001bbdda09880 .scope module, "tb" "tb" 2 3;
 .timescale 0 0;
v000001bbdda68f70_0 .var "a", 3 0;
v000001bbdda68bb0_0 .var "b", 3 0;
v000001bbdda68070_0 .net "c", 3 0, L_000001bbdda67cb0;  1 drivers
v000001bbdda672b0_0 .net "s", 3 0, L_000001bbdda68d90;  1 drivers
S_000001bbdda09a10 .scope module, "r0" "ripple" 2 11, 3 3 0, S_000001bbdda09880;
 .timescale 0 0;
    .port_info 0 /INPUT 4 "a";
    .port_info 1 /INPUT 4 "b";
    .port_info 2 /OUTPUT 4 "c";
    .port_info 3 /OUTPUT 4 "s";
v000001bbdda67210_0 .net "a", 3 0, v000001bbdda68f70_0;  1 drivers
v000001bbdda67e90_0 .net "b", 3 0, v000001bbdda68bb0_0;  1 drivers
v000001bbdda686b0_0 .net "c", 3 0, L_000001bbdda67cb0;  alias, 1 drivers
v000001bbdda68b10_0 .net "s", 3 0, L_000001bbdda68d90;  alias, 1 drivers
L_000001bbdda68250 .part v000001bbdda68f70_0, 0, 1;
L_000001bbdda67350 .part v000001bbdda68bb0_0, 0, 1;
L_000001bbdda68610 .part v000001bbdda68f70_0, 1, 1;
L_000001bbdda68430 .part v000001bbdda68bb0_0, 1, 1;
L_000001bbdda678f0 .part L_000001bbdda67cb0, 0, 1;
L_000001bbdda67fd0 .part v000001bbdda68f70_0, 2, 1;
L_000001bbdda68c50 .part v000001bbdda68bb0_0, 2, 1;
L_000001bbdda68cf0 .part L_000001bbdda67cb0, 1, 1;
L_000001bbdda67cb0 .concat8 [ 1 1 1 1], L_000001bbdda00d30, L_000001bbddab1fd0, L_000001bbddab1630, L_000001bbddab1240;
L_000001bbdda68d90 .concat8 [ 1 1 1 1], L_000001bbdda00b00, L_000001bbddab1e10, L_000001bbddab1160, L_000001bbddab1940;
L_000001bbdda68750 .part v000001bbdda68f70_0, 3, 1;
L_000001bbdda675d0 .part v000001bbdda68bb0_0, 3, 1;
L_000001bbdda68110 .part L_000001bbdda67cb0, 2, 1;
S_000001bbdda09ba0 .scope module, "f0" "full_adder" 3 5, 4 3 0, S_000001bbdda09a10;
 .timescale 0 0;
    .port_info 0 /OUTPUT 1 "cout";
    .port_info 1 /OUTPUT 1 "s";
    .port_info 2 /INPUT 1 "a";
    .port_info 3 /INPUT 1 "b";
    .port_info 4 /INPUT 1 "c";
L_000001bbdda00d30 .functor OR 1, L_000001bbdda00780, L_000001bbdda00a20, C4<0>, C4<0>;
v000001bbdda64b00_0 .net "a", 0 0, L_000001bbdda68250;  1 drivers
v000001bbdda64920_0 .net "b", 0 0, L_000001bbdda67350;  1 drivers
L_000001bbdda69098 .functor BUFT 1, C4<0>, C4<0>, C4<0>, C4<0>;
v000001bbdda63e80_0 .net "c", 0 0, L_000001bbdda69098;  1 drivers
v000001bbdda65500_0 .net "cout", 0 0, L_000001bbdda00d30;  1 drivers
v000001bbdda65280_0 .net "cout1", 0 0, L_000001bbdda00780;  1 drivers
v000001bbdda63ac0_0 .net "cout2", 0 0, L_000001bbdda00a20;  1 drivers
v000001bbdda64060_0 .net "s", 0 0, L_000001bbdda00b00;  1 drivers
v000001bbdda64ec0_0 .net "sum1", 0 0, L_000001bbdda008d0;  1 drivers
S_000001bbddb2d4d0 .scope module, "h0" "half_adder" 4 7, 5 1 0, S_000001bbdda09ba0;
 .timescale 0 0;
    .port_info 0 /OUTPUT 1 "cout";
    .port_info 1 /OUTPUT 1 "s";
    .port_info 2 /INPUT 1 "a";
    .port_info 3 /INPUT 1 "b";
L_000001bbdda00780 .functor AND 1, L_000001bbdda68250, L_000001bbdda67350, C4<1>, C4<1>;
L_000001bbdda008d0 .functor XOR 1, L_000001bbdda68250, L_000001bbdda67350, C4<0>, C4<0>;
v000001bbdda01650_0 .net "a", 0 0, L_000001bbdda68250;  alias, 1 drivers
v000001bbdda013d0_0 .net "b", 0 0, L_000001bbdda67350;  alias, 1 drivers
v000001bbdda01470_0 .net "cout", 0 0, L_000001bbdda00780;  alias, 1 drivers
v000001bbdda018d0_0 .net "s", 0 0, L_000001bbdda008d0;  alias, 1 drivers
S_000001bbddb2d660 .scope module, "h1" "half_adder" 4 8, 5 1 0, S_000001bbdda09ba0;
 .timescale 0 0;
    .port_info 0 /OUTPUT 1 "cout";
    .port_info 1 /OUTPUT 1 "s";
    .port_info 2 /INPUT 1 "a";
    .port_info 3 /INPUT 1 "b";
L_000001bbdda00a20 .functor AND 1, L_000001bbdda008d0, L_000001bbdda69098, C4<1>, C4<1>;
L_000001bbdda00b00 .functor XOR 1, L_000001bbdda008d0, L_000001bbdda69098, C4<0>, C4<0>;
v000001bbdda01a10_0 .net "a", 0 0, L_000001bbdda008d0;  alias, 1 drivers
v000001bbdda01bf0_0 .net "b", 0 0, L_000001bbdda69098;  alias, 1 drivers
v000001bbdda63de0_0 .net "cout", 0 0, L_000001bbdda00a20;  alias, 1 drivers
v000001bbdda63ca0_0 .net "s", 0 0, L_000001bbdda00b00;  alias, 1 drivers
S_000001bbddb2d7f0 .scope module, "f1" "full_adder" 3 6, 4 3 0, S_000001bbdda09a10;
 .timescale 0 0;
    .port_info 0 /OUTPUT 1 "cout";
    .port_info 1 /OUTPUT 1 "s";
    .port_info 2 /INPUT 1 "a";
    .port_info 3 /INPUT 1 "b";
    .port_info 4 /INPUT 1 "c";
L_000001bbddab1fd0 .functor OR 1, L_000001bbddab10f0, L_000001bbddab1be0, C4<0>, C4<0>;
v000001bbdda64f60_0 .net "a", 0 0, L_000001bbdda68610;  1 drivers
v000001bbdda653c0_0 .net "b", 0 0, L_000001bbdda68430;  1 drivers
v000001bbdda65460_0 .net "c", 0 0, L_000001bbdda678f0;  1 drivers
v000001bbdda64420_0 .net "cout", 0 0, L_000001bbddab1fd0;  1 drivers
v000001bbdda655a0_0 .net "cout1", 0 0, L_000001bbddab10f0;  1 drivers
v000001bbdda65640_0 .net "cout2", 0 0, L_000001bbddab1be0;  1 drivers
v000001bbdda656e0_0 .net "s", 0 0, L_000001bbddab1e10;  1 drivers
v000001bbdda65320_0 .net "sum1", 0 0, L_000001bbddab1da0;  1 drivers
S_000001bbdd9d2da0 .scope module, "h0" "half_adder" 4 7, 5 1 0, S_000001bbddb2d7f0;
 .timescale 0 0;
    .port_info 0 /OUTPUT 1 "cout";
    .port_info 1 /OUTPUT 1 "s";
    .port_info 2 /INPUT 1 "a";
    .port_info 3 /INPUT 1 "b";
L_000001bbddab10f0 .functor AND 1, L_000001bbdda68610, L_000001bbdda68430, C4<1>, C4<1>;
L_000001bbddab1da0 .functor XOR 1, L_000001bbdda68610, L_000001bbdda68430, C4<0>, C4<0>;
v000001bbdda63980_0 .net "a", 0 0, L_000001bbdda68610;  alias, 1 drivers
v000001bbdda650a0_0 .net "b", 0 0, L_000001bbdda68430;  alias, 1 drivers
v000001bbdda63c00_0 .net "cout", 0 0, L_000001bbddab10f0;  alias, 1 drivers
v000001bbdda64600_0 .net "s", 0 0, L_000001bbddab1da0;  alias, 1 drivers
S_000001bbdd9d2f30 .scope module, "h1" "half_adder" 4 8, 5 1 0, S_000001bbddb2d7f0;
 .timescale 0 0;
    .port_info 0 /OUTPUT 1 "cout";
    .port_info 1 /OUTPUT 1 "s";
    .port_info 2 /INPUT 1 "a";
    .port_info 3 /INPUT 1 "b";
L_000001bbddab1be0 .functor AND 1, L_000001bbddab1da0, L_000001bbdda678f0, C4<1>, C4<1>;
L_000001bbddab1e10 .functor XOR 1, L_000001bbddab1da0, L_000001bbdda678f0, C4<0>, C4<0>;
v000001bbdda63f20_0 .net "a", 0 0, L_000001bbddab1da0;  alias, 1 drivers
v000001bbdda641a0_0 .net "b", 0 0, L_000001bbdda678f0;  alias, 1 drivers
v000001bbdda644c0_0 .net "cout", 0 0, L_000001bbddab1be0;  alias, 1 drivers
v000001bbdda64100_0 .net "s", 0 0, L_000001bbddab1e10;  alias, 1 drivers
S_000001bbdd9d30c0 .scope module, "f2" "full_adder" 3 7, 4 3 0, S_000001bbdda09a10;
 .timescale 0 0;
    .port_info 0 /OUTPUT 1 "cout";
    .port_info 1 /OUTPUT 1 "s";
    .port_info 2 /INPUT 1 "a";
    .port_info 3 /INPUT 1 "b";
    .port_info 4 /INPUT 1 "c";
L_000001bbddab1630 .functor OR 1, L_000001bbddab18d0, L_000001bbddab11d0, C4<0>, C4<0>;
v000001bbdda65780_0 .net "a", 0 0, L_000001bbdda67fd0;  1 drivers
v000001bbdda638e0_0 .net "b", 0 0, L_000001bbdda68c50;  1 drivers
v000001bbdda642e0_0 .net "c", 0 0, L_000001bbdda68cf0;  1 drivers
v000001bbdda63b60_0 .net "cout", 0 0, L_000001bbddab1630;  1 drivers
v000001bbdda64740_0 .net "cout1", 0 0, L_000001bbddab18d0;  1 drivers
v000001bbdda647e0_0 .net "cout2", 0 0, L_000001bbddab11d0;  1 drivers
v000001bbdda64880_0 .net "s", 0 0, L_000001bbddab1160;  1 drivers
v000001bbdda649c0_0 .net "sum1", 0 0, L_000001bbddab1550;  1 drivers
S_000001bbdda668b0 .scope module, "h0" "half_adder" 4 7, 5 1 0, S_000001bbdd9d30c0;
 .timescale 0 0;
    .port_info 0 /OUTPUT 1 "cout";
    .port_info 1 /OUTPUT 1 "s";
    .port_info 2 /INPUT 1 "a";
    .port_info 3 /INPUT 1 "b";
L_000001bbddab18d0 .functor AND 1, L_000001bbdda67fd0, L_000001bbdda68c50, C4<1>, C4<1>;
L_000001bbddab1550 .functor XOR 1, L_000001bbdda67fd0, L_000001bbdda68c50, C4<0>, C4<0>;
v000001bbdda64240_0 .net "a", 0 0, L_000001bbdda67fd0;  alias, 1 drivers
v000001bbdda64380_0 .net "b", 0 0, L_000001bbdda68c50;  alias, 1 drivers
v000001bbdda64560_0 .net "cout", 0 0, L_000001bbddab18d0;  alias, 1 drivers
v000001bbdda63d40_0 .net "s", 0 0, L_000001bbddab1550;  alias, 1 drivers
S_000001bbdda66a40 .scope module, "h1" "half_adder" 4 8, 5 1 0, S_000001bbdd9d30c0;
 .timescale 0 0;
    .port_info 0 /OUTPUT 1 "cout";
    .port_info 1 /OUTPUT 1 "s";
    .port_info 2 /INPUT 1 "a";
    .port_info 3 /INPUT 1 "b";
L_000001bbddab11d0 .functor AND 1, L_000001bbddab1550, L_000001bbdda68cf0, C4<1>, C4<1>;
L_000001bbddab1160 .functor XOR 1, L_000001bbddab1550, L_000001bbdda68cf0, C4<0>, C4<0>;
v000001bbdda646a0_0 .net "a", 0 0, L_000001bbddab1550;  alias, 1 drivers
v000001bbdda65000_0 .net "b", 0 0, L_000001bbdda68cf0;  alias, 1 drivers
v000001bbdda63fc0_0 .net "cout", 0 0, L_000001bbddab11d0;  alias, 1 drivers
v000001bbdda63a20_0 .net "s", 0 0, L_000001bbddab1160;  alias, 1 drivers
S_000001bbdda66bd0 .scope module, "f3" "full_adder" 3 8, 4 3 0, S_000001bbdda09a10;
 .timescale 0 0;
    .port_info 0 /OUTPUT 1 "cout";
    .port_info 1 /OUTPUT 1 "s";
    .port_info 2 /INPUT 1 "a";
    .port_info 3 /INPUT 1 "b";
    .port_info 4 /INPUT 1 "c";
L_000001bbddab1240 .functor OR 1, L_000001bbddab1d30, L_000001bbddab15c0, C4<0>, C4<0>;
v000001bbdda670d0_0 .net "a", 0 0, L_000001bbdda68750;  1 drivers
v000001bbdda689d0_0 .net "b", 0 0, L_000001bbdda675d0;  1 drivers
v000001bbdda67f30_0 .net "c", 0 0, L_000001bbdda68110;  1 drivers
v000001bbdda67170_0 .net "cout", 0 0, L_000001bbddab1240;  1 drivers
v000001bbdda68930_0 .net "cout1", 0 0, L_000001bbddab1d30;  1 drivers
v000001bbdda687f0_0 .net "cout2", 0 0, L_000001bbddab15c0;  1 drivers
v000001bbdda68a70_0 .net "s", 0 0, L_000001bbddab1940;  1 drivers
v000001bbdda68ed0_0 .net "sum1", 0 0, L_000001bbddab1e80;  1 drivers
S_000001bbdda66d60 .scope module, "h0" "half_adder" 4 7, 5 1 0, S_000001bbdda66bd0;
 .timescale 0 0;
    .port_info 0 /OUTPUT 1 "cout";
    .port_info 1 /OUTPUT 1 "s";
    .port_info 2 /INPUT 1 "a";
    .port_info 3 /INPUT 1 "b";
L_000001bbddab1d30 .functor AND 1, L_000001bbdda68750, L_000001bbdda675d0, C4<1>, C4<1>;
L_000001bbddab1e80 .functor XOR 1, L_000001bbdda68750, L_000001bbdda675d0, C4<0>, C4<0>;
v000001bbdda64a60_0 .net "a", 0 0, L_000001bbdda68750;  alias, 1 drivers
v000001bbdda65140_0 .net "b", 0 0, L_000001bbdda675d0;  alias, 1 drivers
v000001bbdda64ba0_0 .net "cout", 0 0, L_000001bbddab1d30;  alias, 1 drivers
v000001bbdda64c40_0 .net "s", 0 0, L_000001bbddab1e80;  alias, 1 drivers
S_000001bbdda66ef0 .scope module, "h1" "half_adder" 4 8, 5 1 0, S_000001bbdda66bd0;
 .timescale 0 0;
    .port_info 0 /OUTPUT 1 "cout";
    .port_info 1 /OUTPUT 1 "s";
    .port_info 2 /INPUT 1 "a";
    .port_info 3 /INPUT 1 "b";
L_000001bbddab15c0 .functor AND 1, L_000001bbddab1e80, L_000001bbdda68110, C4<1>, C4<1>;
L_000001bbddab1940 .functor XOR 1, L_000001bbddab1e80, L_000001bbdda68110, C4<0>, C4<0>;
v000001bbdda64ce0_0 .net "a", 0 0, L_000001bbddab1e80;  alias, 1 drivers
v000001bbdda651e0_0 .net "b", 0 0, L_000001bbdda68110;  alias, 1 drivers
v000001bbdda64d80_0 .net "cout", 0 0, L_000001bbddab15c0;  alias, 1 drivers
v000001bbdda64e20_0 .net "s", 0 0, L_000001bbddab1940;  alias, 1 drivers
    .scope S_000001bbdda09880;
T_0 ;
    %pushi/vec4 3, 0, 4;
    %store/vec4 v000001bbdda68f70_0, 0, 4;
    %pushi/vec4 11, 0, 4;
    %store/vec4 v000001bbdda68bb0_0, 0, 4;
    %vpi_call 2 18 "$dumpfile", "tb.vcd" {0 0 0};
    %vpi_call 2 19 "$dumpvars", 32'sb00000000000000000000000000000000, S_000001bbdda09880 {0 0 0};
    %vpi_call 2 21 "$monitor", "sum =%0b%4b", &PV<v000001bbdda68070_0, 3, 1>, v000001bbdda672b0_0 {0 0 0};
    %vpi_call 2 23 "$finish" {0 0 0};
    %end;
    .thread T_0;
# The file index is used to find the file name in the following table.
:file_names 6;
    "N/A";
    "<interactive>";
    "tb.v";
    "./ripple_adder.v";
    "./full_adder.v";
    "./half_adder.v";
