#! /c/Source/iverilog-install/bin/vvp
:ivl_version "12.0 (devel)" "(s20150603-1110-g18392a46)";
:ivl_delay_selection "TYPICAL";
:vpi_time_precision + 0;
:vpi_module "C:\iverilog\lib\ivl\system.vpi";
:vpi_module "C:\iverilog\lib\ivl\vhdl_sys.vpi";
:vpi_module "C:\iverilog\lib\ivl\vhdl_textio.vpi";
:vpi_module "C:\iverilog\lib\ivl\v2005_math.vpi";
:vpi_module "C:\iverilog\lib\ivl\va_math.vpi";
S_0000017c9854bac0 .scope module, "test" "test" 2 2;
 .timescale 0 0;
v0000017c98466510_0 .var "clk", 0 0;
v0000017c98442d20_0 .var "d", 0 0;
v0000017c98442dc0_0 .net "q", 0 0, v0000017c984663d0_0;  1 drivers
v0000017c98442e60_0 .var "rst", 0 0;
S_0000017c98466240 .scope module, "d0" "dff" 2 9, 3 1 0, S_0000017c9854bac0;
 .timescale 0 0;
    .port_info 0 /INPUT 1 "d";
    .port_info 1 /INPUT 1 "rst";
    .port_info 2 /INPUT 1 "clk";
    .port_info 3 /OUTPUT 1 "q";
v0000017c9854b7c0_0 .net "clk", 0 0, v0000017c98466510_0;  1 drivers
v0000017c98475e50_0 .net "d", 0 0, v0000017c98442d20_0;  1 drivers
v0000017c984663d0_0 .var "q", 0 0;
v0000017c98466470_0 .net "rst", 0 0, v0000017c98442e60_0;  1 drivers
E_0000017c9854c980 .event posedge, v0000017c9854b7c0_0;
    .scope S_0000017c98466240;
T_0 ;
    %wait E_0000017c9854c980;
    %load/vec4 v0000017c98466470_0;
    %nor/r;
    %flag_set/vec4 8;
    %jmp/0xz  T_0.0, 8;
    %pushi/vec4 0, 0, 1;
    %assign/vec4 v0000017c984663d0_0, 0;
    %jmp T_0.1;
T_0.0 ;
    %load/vec4 v0000017c98475e50_0;
    %assign/vec4 v0000017c984663d0_0, 0;
T_0.1 ;
    %jmp T_0;
    .thread T_0;
    .scope S_0000017c9854bac0;
T_1 ;
    %delay 10, 0;
    %load/vec4 v0000017c98466510_0;
    %inv;
    %store/vec4 v0000017c98466510_0, 0, 1;
    %jmp T_1;
    .thread T_1;
    .scope S_0000017c9854bac0;
T_2 ;
    %vpi_call 2 17 "$dumpfile", "test1.vcd" {0 0 0};
    %vpi_call 2 18 "$dumpvars", 32'sb00000000000000000000000000000000, S_0000017c9854bac0 {0 0 0};
    %end;
    .thread T_2;
    .scope S_0000017c9854bac0;
T_3 ;
    %vpi_call 2 23 "$monitor", "T=%0t, q=%0b, d=%0b, rst=%0b", $time, v0000017c98442dc0_0, v0000017c98442d20_0, v0000017c98442e60_0 {0 0 0};
    %end;
    .thread T_3;
    .scope S_0000017c9854bac0;
T_4 ;
    %pushi/vec4 0, 0, 1;
    %assign/vec4 v0000017c98466510_0, 0;
    %pushi/vec4 0, 0, 1;
    %assign/vec4 v0000017c98442d20_0, 0;
    %pushi/vec4 0, 0, 1;
    %assign/vec4 v0000017c98442e60_0, 0;
    %end;
    .thread T_4;
    .scope S_0000017c9854bac0;
T_5 ;
    %delay 15, 0;
    %pushi/vec4 1, 0, 1;
    %assign/vec4 v0000017c98442d20_0, 0;
    %delay 10, 0;
    %pushi/vec4 1, 0, 1;
    %assign/vec4 v0000017c98442e60_0, 0;
    %pushi/vec4 0, 0, 1;
    %assign/vec4 v0000017c98442d20_0, 0;
    %delay 10, 0;
    %pushi/vec4 0, 0, 1;
    %assign/vec4 v0000017c98442e60_0, 0;
    %pushi/vec4 1, 0, 1;
    %assign/vec4 v0000017c98442d20_0, 0;
    %end;
    .thread T_5;
    .scope S_0000017c9854bac0;
T_6 ;
    %delay 100, 0;
    %vpi_call 2 42 "$finish" {0 0 0};
    %end;
    .thread T_6;
# The file index is used to find the file name in the following table.
:file_names 4;
    "N/A";
    "<interactive>";
    "tb.v";
    "./dflip.v";
