#! /c/Source/iverilog-install/bin/vvp
:ivl_version "12.0 (devel)" "(s20150603-1110-g18392a46)";
:ivl_delay_selection "TYPICAL";
:vpi_time_precision + 0;
:vpi_module "C:\iverilog\lib\ivl\system.vpi";
:vpi_module "C:\iverilog\lib\ivl\vhdl_sys.vpi";
:vpi_module "C:\iverilog\lib\ivl\vhdl_textio.vpi";
:vpi_module "C:\iverilog\lib\ivl\v2005_math.vpi";
:vpi_module "C:\iverilog\lib\ivl\va_math.vpi";
S_0000015cb8d42d20 .scope module, "tb" "tb" 2 3;
 .timescale 0 0;
v0000015cb8d736b0_0 .var "clk", 0 0;
v0000015cb8d73750_0 .net "out", 3 0, v0000015cb8cbbff0_0;  1 drivers
v0000015cb8d737f0_0 .var "rst", 0 0;
S_0000015cb8d42eb0 .scope module, "j0" "johnson" 2 9, 3 1 0, S_0000015cb8d42d20;
 .timescale 0 0;
    .port_info 0 /OUTPUT 4 "out";
    .port_info 1 /INPUT 1 "rst";
    .port_info 2 /INPUT 1 "right";
    .port_info 3 /INPUT 1 "data";
    .port_info 4 /INPUT 1 "clk";
v0000015cb8d43540_0 .net "clk", 0 0, v0000015cb8d736b0_0;  1 drivers
o0000015cb8d77fc8 .functor BUFZ 1, C4<z>; HiZ drive
v0000015cb8d43760_0 .net "data", 0 0, o0000015cb8d77fc8;  0 drivers
v0000015cb8cbbff0_0 .var "out", 3 0;
o0000015cb8d78028 .functor BUFZ 1, C4<z>; HiZ drive
v0000015cb8cbc090_0 .net "right", 0 0, o0000015cb8d78028;  0 drivers
v0000015cb8d43040_0 .net "rst", 0 0, v0000015cb8d737f0_0;  1 drivers
v0000015cb8d430e0_0 .var "temp", 0 0;
E_0000015cb8cbceb0 .event posedge, v0000015cb8d43540_0;
    .scope S_0000015cb8d42eb0;
T_0 ;
    %pushi/vec4 15, 0, 4;
    %store/vec4 v0000015cb8cbbff0_0, 0, 4;
    %end;
    .thread T_0;
    .scope S_0000015cb8d42eb0;
T_1 ;
    %wait E_0000015cb8cbceb0;
    %load/vec4 v0000015cb8d43040_0;
    %flag_set/vec4 8;
    %jmp/0xz  T_1.0, 8;
    %pushi/vec4 0, 0, 4;
    %store/vec4 v0000015cb8cbbff0_0, 0, 4;
    %jmp T_1.1;
T_1.0 ;
    %load/vec4 v0000015cb8cbbff0_0;
    %parti/s 1, 0, 2;
    %store/vec4 v0000015cb8d430e0_0, 0, 1;
    %load/vec4 v0000015cb8cbbff0_0;
    %ix/load 4, 1, 0;
    %flag_set/imm 4, 0;
    %shiftr 4;
    %store/vec4 v0000015cb8cbbff0_0, 0, 4;
    %load/vec4 v0000015cb8d430e0_0;
    %inv;
    %ix/load 4, 3, 0;
    %flag_set/imm 4, 0;
    %store/vec4 v0000015cb8cbbff0_0, 4, 1;
T_1.1 ;
    %jmp T_1;
    .thread T_1;
    .scope S_0000015cb8d42d20;
T_2 ;
    %delay 5, 0;
    %load/vec4 v0000015cb8d736b0_0;
    %inv;
    %store/vec4 v0000015cb8d736b0_0, 0, 1;
    %jmp T_2;
    .thread T_2;
    .scope S_0000015cb8d42d20;
T_3 ;
    %vpi_call 2 14 "$monitor", "T=%0t, out=%4b", $time, v0000015cb8d73750_0 {0 0 0};
    %end;
    .thread T_3;
    .scope S_0000015cb8d42d20;
T_4 ;
    %vpi_call 2 17 "$dumpfile", "tb.vcd" {0 0 0};
    %vpi_call 2 18 "$dumpvars", 32'sb00000000000000000000000000000000, S_0000015cb8d42d20 {0 0 0};
    %end;
    .thread T_4;
    .scope S_0000015cb8d42d20;
T_5 ;
    %pushi/vec4 0, 0, 1;
    %assign/vec4 v0000015cb8d736b0_0, 0;
    %pushi/vec4 0, 0, 1;
    %assign/vec4 v0000015cb8d737f0_0, 0;
    %delay 80, 0;
    %vpi_call 2 25 "$finish" {0 0 0};
    %end;
    .thread T_5;
# The file index is used to find the file name in the following table.
:file_names 4;
    "N/A";
    "<interactive>";
    "tb.v";
    "./d.v";
