#! /c/Source/iverilog-install/bin/vvp
:ivl_version "12.0 (devel)" "(s20150603-1110-g18392a46)";
:ivl_delay_selection "TYPICAL";
:vpi_time_precision + 0;
:vpi_module "C:\iverilog\lib\ivl\system.vpi";
:vpi_module "C:\iverilog\lib\ivl\vhdl_sys.vpi";
:vpi_module "C:\iverilog\lib\ivl\vhdl_textio.vpi";
:vpi_module "C:\iverilog\lib\ivl\v2005_math.vpi";
:vpi_module "C:\iverilog\lib\ivl\va_math.vpi";
S_0000024936da2ce0 .scope module, "tb" "tb" 2 1;
 .timescale 0 0;
v0000024936dd6ed0_0 .var "clock", 0 0;
    .scope S_0000024936da2ce0;
T_0 ;
    %pushi/vec4 0, 0, 1;
    %store/vec4 v0000024936dd6ed0_0, 0, 1;
    %end;
    .thread T_0;
    .scope S_0000024936da2ce0;
T_1 ;
T_1.0 ;
    %delay 10, 0;
    %load/vec4 v0000024936dd6ed0_0;
    %inv;
    %store/vec4 v0000024936dd6ed0_0, 0, 1;
    %jmp T_1.0;
    %end;
    .thread T_1;
    .scope S_0000024936da2ce0;
T_2 ;
    %delay 30, 0;
    %vpi_call 2 13 "$finish" {0 0 0};
    %end;
    .thread T_2;
    .scope S_0000024936da2ce0;
T_3 ;
    %vpi_call 2 16 "$dumpfile", "a.vcd" {0 0 0};
    %vpi_call 2 17 "$dumpvars", 32'sb00000000000000000000000000000000, S_0000024936da2ce0 {0 0 0};
    %end;
    .thread T_3;
# The file index is used to find the file name in the following table.
:file_names 3;
    "N/A";
    "<interactive>";
    "a.v";
