#! /c/Source/iverilog-install/bin/vvp
:ivl_version "12.0 (devel)" "(s20150603-1110-g18392a46)";
:ivl_delay_selection "TYPICAL";
:vpi_time_precision + 0;
:vpi_module "C:\iverilog\lib\ivl\system.vpi";
:vpi_module "C:\iverilog\lib\ivl\vhdl_sys.vpi";
:vpi_module "C:\iverilog\lib\ivl\vhdl_textio.vpi";
:vpi_module "C:\iverilog\lib\ivl\v2005_math.vpi";
:vpi_module "C:\iverilog\lib\ivl\va_math.vpi";
S_000002a265bcc3b0 .scope module, "tb" "tb" 2 2;
 .timescale 0 0;
v000002a265c27a60_0 .var "a", 3 0;
v000002a265c27740_0 .var "b", 3 0;
v000002a265c271a0_0 .net "c", 3 0, L_000002a265c28000;  1 drivers
v000002a265c27d80_0 .net "s", 3 0, L_000002a265c27560;  1 drivers
L_000002a265c27c40 .part v000002a265c27a60_0, 0, 1;
L_000002a265c28500 .part v000002a265c27740_0, 0, 1;
L_000002a265c285a0 .part v000002a265c27a60_0, 1, 1;
L_000002a265c277e0 .part v000002a265c27740_0, 1, 1;
L_000002a265c27f60 .part L_000002a265c28000, 0, 1;
L_000002a265c27880 .part v000002a265c27a60_0, 2, 1;
L_000002a265c27ec0 .part v000002a265c27740_0, 2, 1;
L_000002a265c27380 .part L_000002a265c28000, 1, 1;
L_000002a265c28000 .concat8 [ 1 1 1 1], L_000002a265bbfff0, L_000002a265c71510, L_000002a265c71580, L_000002a265c719e0;
L_000002a265c27560 .concat8 [ 1 1 1 1], L_000002a265bbff80, L_000002a265c71040, L_000002a265c71ba0, L_000002a265c715f0;
L_000002a265c28780 .part v000002a265c27a60_0, 3, 1;
L_000002a265c26d40 .part v000002a265c27740_0, 3, 1;
L_000002a265c27920 .part L_000002a265c28000, 2, 1;
S_000002a265b7d5b0 .scope module, "f0" "full_adder" 2 10, 3 3 0, S_000002a265bcc3b0;
 .timescale 0 0;
    .port_info 0 /OUTPUT 1 "cout";
    .port_info 1 /OUTPUT 1 "s";
    .port_info 2 /INPUT 1 "a";
    .port_info 3 /INPUT 1 "b";
    .port_info 4 /INPUT 1 "c";
L_000002a265bbfff0 .functor OR 1, L_000002a265bbfe30, L_000002a265bbff10, C4<0>, C4<0>;
v000002a265c1cdc0_0 .net "a", 0 0, L_000002a265c27c40;  1 drivers
v000002a265c1caa0_0 .net "b", 0 0, L_000002a265c28500;  1 drivers
L_000002a265c28c68 .functor BUFT 1, C4<0>, C4<0>, C4<0>, C4<0>;
v000002a265c1ce60_0 .net "c", 0 0, L_000002a265c28c68;  1 drivers
v000002a265c1c960_0 .net "cout", 0 0, L_000002a265bbfff0;  1 drivers
v000002a265c1d5e0_0 .net "cout1", 0 0, L_000002a265bbfe30;  1 drivers
v000002a265c1df40_0 .net "cout2", 0 0, L_000002a265bbff10;  1 drivers
v000002a265c1ca00_0 .net "s", 0 0, L_000002a265bbff80;  1 drivers
v000002a265c1dae0_0 .net "sum1", 0 0, L_000002a265bbfea0;  1 drivers
S_000002a265b7d740 .scope module, "h0" "half_adder" 3 10, 4 1 0, S_000002a265b7d5b0;
 .timescale 0 0;
    .port_info 0 /OUTPUT 1 "cout";
    .port_info 1 /OUTPUT 1 "s";
    .port_info 2 /INPUT 1 "a";
    .port_info 3 /INPUT 1 "b";
L_000002a265bbfe30 .functor AND 1, L_000002a265c27c40, L_000002a265c28500, C4<1>, C4<1>;
L_000002a265bbfea0 .functor XOR 1, L_000002a265c27c40, L_000002a265c28500, C4<0>, C4<0>;
v000002a265bc1160_0 .net "a", 0 0, L_000002a265c27c40;  alias, 1 drivers
v000002a265bc0f80_0 .net "b", 0 0, L_000002a265c28500;  alias, 1 drivers
v000002a265bc0da0_0 .net "cout", 0 0, L_000002a265bbfe30;  alias, 1 drivers
v000002a265bc1200_0 .net "s", 0 0, L_000002a265bbfea0;  alias, 1 drivers
S_000002a265b7d8d0 .scope module, "h1" "half_adder" 3 11, 4 1 0, S_000002a265b7d5b0;
 .timescale 0 0;
    .port_info 0 /OUTPUT 1 "cout";
    .port_info 1 /OUTPUT 1 "s";
    .port_info 2 /INPUT 1 "a";
    .port_info 3 /INPUT 1 "b";
L_000002a265bbff10 .functor AND 1, L_000002a265bbfea0, L_000002a265c28c68, C4<1>, C4<1>;
L_000002a265bbff80 .functor XOR 1, L_000002a265bbfea0, L_000002a265c28c68, C4<0>, C4<0>;
v000002a265bc1480_0 .net "a", 0 0, L_000002a265bbfea0;  alias, 1 drivers
v000002a265bc15c0_0 .net "b", 0 0, L_000002a265c28c68;  alias, 1 drivers
v000002a265c1d220_0 .net "cout", 0 0, L_000002a265bbff10;  alias, 1 drivers
v000002a265c1e080_0 .net "s", 0 0, L_000002a265bbff80;  alias, 1 drivers
S_000002a265b92d60 .scope module, "f1" "full_adder" 2 11, 3 3 0, S_000002a265bcc3b0;
 .timescale 0 0;
    .port_info 0 /OUTPUT 1 "cout";
    .port_info 1 /OUTPUT 1 "s";
    .port_info 2 /INPUT 1 "a";
    .port_info 3 /INPUT 1 "b";
    .port_info 4 /INPUT 1 "c";
L_000002a265c71510 .functor OR 1, L_000002a265c71740, L_000002a265c714a0, C4<0>, C4<0>;
v000002a265c1d180_0 .net "a", 0 0, L_000002a265c285a0;  1 drivers
v000002a265c1d2c0_0 .net "b", 0 0, L_000002a265c277e0;  1 drivers
v000002a265c1d400_0 .net "c", 0 0, L_000002a265c27f60;  1 drivers
v000002a265c1d4a0_0 .net "cout", 0 0, L_000002a265c71510;  1 drivers
v000002a265c1c8c0_0 .net "cout1", 0 0, L_000002a265c71740;  1 drivers
v000002a265c1c460_0 .net "cout2", 0 0, L_000002a265c714a0;  1 drivers
v000002a265c1c500_0 .net "s", 0 0, L_000002a265c71040;  1 drivers
v000002a265c1cbe0_0 .net "sum1", 0 0, L_000002a265c70cc0;  1 drivers
S_000002a265b92ef0 .scope module, "h0" "half_adder" 3 10, 4 1 0, S_000002a265b92d60;
 .timescale 0 0;
    .port_info 0 /OUTPUT 1 "cout";
    .port_info 1 /OUTPUT 1 "s";
    .port_info 2 /INPUT 1 "a";
    .port_info 3 /INPUT 1 "b";
L_000002a265c71740 .functor AND 1, L_000002a265c285a0, L_000002a265c277e0, C4<1>, C4<1>;
L_000002a265c70cc0 .functor XOR 1, L_000002a265c285a0, L_000002a265c277e0, C4<0>, C4<0>;
v000002a265c1db80_0 .net "a", 0 0, L_000002a265c285a0;  alias, 1 drivers
v000002a265c1dc20_0 .net "b", 0 0, L_000002a265c277e0;  alias, 1 drivers
v000002a265c1cb40_0 .net "cout", 0 0, L_000002a265c71740;  alias, 1 drivers
v000002a265c1d0e0_0 .net "s", 0 0, L_000002a265c70cc0;  alias, 1 drivers
S_000002a265b93080 .scope module, "h1" "half_adder" 3 11, 4 1 0, S_000002a265b92d60;
 .timescale 0 0;
    .port_info 0 /OUTPUT 1 "cout";
    .port_info 1 /OUTPUT 1 "s";
    .port_info 2 /INPUT 1 "a";
    .port_info 3 /INPUT 1 "b";
L_000002a265c714a0 .functor AND 1, L_000002a265c70cc0, L_000002a265c27f60, C4<1>, C4<1>;
L_000002a265c71040 .functor XOR 1, L_000002a265c70cc0, L_000002a265c27f60, C4<0>, C4<0>;
v000002a265c1d360_0 .net "a", 0 0, L_000002a265c70cc0;  alias, 1 drivers
v000002a265c1c320_0 .net "b", 0 0, L_000002a265c27f60;  alias, 1 drivers
v000002a265c1c3c0_0 .net "cout", 0 0, L_000002a265c714a0;  alias, 1 drivers
v000002a265c1dcc0_0 .net "s", 0 0, L_000002a265c71040;  alias, 1 drivers
S_000002a265c1e2e0 .scope module, "f2" "full_adder" 2 12, 3 3 0, S_000002a265bcc3b0;
 .timescale 0 0;
    .port_info 0 /OUTPUT 1 "cout";
    .port_info 1 /OUTPUT 1 "s";
    .port_info 2 /INPUT 1 "a";
    .port_info 3 /INPUT 1 "b";
    .port_info 4 /INPUT 1 "c";
L_000002a265c71580 .functor OR 1, L_000002a265c716d0, L_000002a265c71430, C4<0>, C4<0>;
v000002a265c1cd20_0 .net "a", 0 0, L_000002a265c27880;  1 drivers
v000002a265c1c640_0 .net "b", 0 0, L_000002a265c27ec0;  1 drivers
v000002a265c1d720_0 .net "c", 0 0, L_000002a265c27380;  1 drivers
v000002a265c1c6e0_0 .net "cout", 0 0, L_000002a265c71580;  1 drivers
v000002a265c1cfa0_0 .net "cout1", 0 0, L_000002a265c716d0;  1 drivers
v000002a265c1e120_0 .net "cout2", 0 0, L_000002a265c71430;  1 drivers
v000002a265c1c780_0 .net "s", 0 0, L_000002a265c71ba0;  1 drivers
v000002a265c1d7c0_0 .net "sum1", 0 0, L_000002a265c70fd0;  1 drivers
S_000002a265c1e470 .scope module, "h0" "half_adder" 3 10, 4 1 0, S_000002a265c1e2e0;
 .timescale 0 0;
    .port_info 0 /OUTPUT 1 "cout";
    .port_info 1 /OUTPUT 1 "s";
    .port_info 2 /INPUT 1 "a";
    .port_info 3 /INPUT 1 "b";
L_000002a265c716d0 .functor AND 1, L_000002a265c27880, L_000002a265c27ec0, C4<1>, C4<1>;
L_000002a265c70fd0 .functor XOR 1, L_000002a265c27880, L_000002a265c27ec0, C4<0>, C4<0>;
v000002a265c1cc80_0 .net "a", 0 0, L_000002a265c27880;  alias, 1 drivers
v000002a265c1dd60_0 .net "b", 0 0, L_000002a265c27ec0;  alias, 1 drivers
v000002a265c1d540_0 .net "cout", 0 0, L_000002a265c716d0;  alias, 1 drivers
v000002a265c1d680_0 .net "s", 0 0, L_000002a265c70fd0;  alias, 1 drivers
S_000002a265c26610 .scope module, "h1" "half_adder" 3 11, 4 1 0, S_000002a265c1e2e0;
 .timescale 0 0;
    .port_info 0 /OUTPUT 1 "cout";
    .port_info 1 /OUTPUT 1 "s";
    .port_info 2 /INPUT 1 "a";
    .port_info 3 /INPUT 1 "b";
L_000002a265c71430 .functor AND 1, L_000002a265c70fd0, L_000002a265c27380, C4<1>, C4<1>;
L_000002a265c71ba0 .functor XOR 1, L_000002a265c70fd0, L_000002a265c27380, C4<0>, C4<0>;
v000002a265c1cf00_0 .net "a", 0 0, L_000002a265c70fd0;  alias, 1 drivers
v000002a265c1c5a0_0 .net "b", 0 0, L_000002a265c27380;  alias, 1 drivers
v000002a265c1d040_0 .net "cout", 0 0, L_000002a265c71430;  alias, 1 drivers
v000002a265c1d900_0 .net "s", 0 0, L_000002a265c71ba0;  alias, 1 drivers
S_000002a265c267a0 .scope module, "f3" "full_adder" 2 13, 3 3 0, S_000002a265bcc3b0;
 .timescale 0 0;
    .port_info 0 /OUTPUT 1 "cout";
    .port_info 1 /OUTPUT 1 "s";
    .port_info 2 /INPUT 1 "a";
    .port_info 3 /INPUT 1 "b";
    .port_info 4 /INPUT 1 "c";
L_000002a265c719e0 .functor OR 1, L_000002a265c70ef0, L_000002a265c70e10, C4<0>, C4<0>;
v000002a265c26fc0_0 .net "a", 0 0, L_000002a265c28780;  1 drivers
v000002a265c26de0_0 .net "b", 0 0, L_000002a265c26d40;  1 drivers
v000002a265c286e0_0 .net "c", 0 0, L_000002a265c27920;  1 drivers
v000002a265c276a0_0 .net "cout", 0 0, L_000002a265c719e0;  1 drivers
v000002a265c280a0_0 .net "cout1", 0 0, L_000002a265c70ef0;  1 drivers
v000002a265c27e20_0 .net "cout2", 0 0, L_000002a265c70e10;  1 drivers
v000002a265c26ca0_0 .net "s", 0 0, L_000002a265c715f0;  1 drivers
v000002a265c27240_0 .net "sum1", 0 0, L_000002a265c70d30;  1 drivers
S_000002a265c26930 .scope module, "h0" "half_adder" 3 10, 4 1 0, S_000002a265c267a0;
 .timescale 0 0;
    .port_info 0 /OUTPUT 1 "cout";
    .port_info 1 /OUTPUT 1 "s";
    .port_info 2 /INPUT 1 "a";
    .port_info 3 /INPUT 1 "b";
L_000002a265c70ef0 .functor AND 1, L_000002a265c28780, L_000002a265c26d40, C4<1>, C4<1>;
L_000002a265c70d30 .functor XOR 1, L_000002a265c28780, L_000002a265c26d40, C4<0>, C4<0>;
v000002a265c1c820_0 .net "a", 0 0, L_000002a265c28780;  alias, 1 drivers
v000002a265c1e1c0_0 .net "b", 0 0, L_000002a265c26d40;  alias, 1 drivers
v000002a265c1d860_0 .net "cout", 0 0, L_000002a265c70ef0;  alias, 1 drivers
v000002a265c1d9a0_0 .net "s", 0 0, L_000002a265c70d30;  alias, 1 drivers
S_000002a265c26ac0 .scope module, "h1" "half_adder" 3 11, 4 1 0, S_000002a265c267a0;
 .timescale 0 0;
    .port_info 0 /OUTPUT 1 "cout";
    .port_info 1 /OUTPUT 1 "s";
    .port_info 2 /INPUT 1 "a";
    .port_info 3 /INPUT 1 "b";
L_000002a265c70e10 .functor AND 1, L_000002a265c70d30, L_000002a265c27920, C4<1>, C4<1>;
L_000002a265c715f0 .functor XOR 1, L_000002a265c70d30, L_000002a265c27920, C4<0>, C4<0>;
v000002a265c1da40_0 .net "a", 0 0, L_000002a265c70d30;  alias, 1 drivers
v000002a265c1de00_0 .net "b", 0 0, L_000002a265c27920;  alias, 1 drivers
v000002a265c1dea0_0 .net "cout", 0 0, L_000002a265c70e10;  alias, 1 drivers
v000002a265c1dfe0_0 .net "s", 0 0, L_000002a265c715f0;  alias, 1 drivers
    .scope S_000002a265bcc3b0;
T_0 ;
    %vpi_call 2 17 "$monitor", "%0t, sum = %4b ,carr=%4b", $time, v000002a265c27d80_0, v000002a265c271a0_0 {0 0 0};
    %pushi/vec4 11, 0, 4;
    %store/vec4 v000002a265c27a60_0, 0, 4;
    %pushi/vec4 10, 0, 4;
    %store/vec4 v000002a265c27740_0, 0, 4;
    %vpi_call 2 22 "$finish" {0 0 0};
    %end;
    .thread T_0;
# The file index is used to find the file name in the following table.
:file_names 5;
    "N/A";
    "<interactive>";
    "tb.v";
    "./full_adder.v";
    "./half_adder.v";
