#! /c/Source/iverilog-install/bin/vvp
:ivl_version "12.0 (devel)" "(s20150603-1110-g18392a46)";
:ivl_delay_selection "TYPICAL";
:vpi_time_precision + 0;
:vpi_module "C:\iverilog\lib\ivl\system.vpi";
:vpi_module "C:\iverilog\lib\ivl\vhdl_sys.vpi";
:vpi_module "C:\iverilog\lib\ivl\vhdl_textio.vpi";
:vpi_module "C:\iverilog\lib\ivl\v2005_math.vpi";
:vpi_module "C:\iverilog\lib\ivl\va_math.vpi";
S_0000027074b9d6c0 .scope module, "tb" "tb" 2 2;
 .timescale 0 0;
v0000027074c54410_0 .var "a", 0 0;
v0000027074c53fb0_0 .var "b", 0 0;
v0000027074c544b0_0 .var "c", 0 0;
v0000027074c53790_0 .net "carr", 0 0, L_0000027074ca01d0;  1 drivers
v0000027074c54550_0 .net "s", 0 0, L_0000027074ca0780;  1 drivers
S_0000027074b9d850 .scope module, "f0" "full_adder" 2 11, 3 3 0, S_0000027074b9d6c0;
 .timescale 0 0;
    .port_info 0 /OUTPUT 1 "cout";
    .port_info 1 /OUTPUT 1 "s";
    .port_info 2 /INPUT 1 "a";
    .port_info 3 /INPUT 1 "b";
    .port_info 4 /INPUT 1 "c";
L_0000027074ca01d0 .functor OR 1, L_0000027074c597b0, L_0000027074c59820, C4<0>, C4<0>;
v0000027074b9b5f0_0 .net "a", 0 0, v0000027074c54410_0;  1 drivers
v0000027074b9b690_0 .net "b", 0 0, v0000027074c53fb0_0;  1 drivers
v0000027074b9b730_0 .net "c", 0 0, v0000027074c544b0_0;  1 drivers
v0000027074b9b7d0_0 .net "cout", 0 0, L_0000027074ca01d0;  alias, 1 drivers
v0000027074c54370_0 .net "cout1", 0 0, L_0000027074c597b0;  1 drivers
v0000027074c538d0_0 .net "cout2", 0 0, L_0000027074c59820;  1 drivers
v0000027074c53bf0_0 .net "s", 0 0, L_0000027074ca0780;  alias, 1 drivers
v0000027074c53e70_0 .net "sum1", 0 0, L_0000027074c59510;  1 drivers
S_0000027074c55f20 .scope module, "h0" "half_adder" 3 10, 4 1 0, S_0000027074b9d850;
 .timescale 0 0;
    .port_info 0 /OUTPUT 1 "cout";
    .port_info 1 /OUTPUT 1 "s";
    .port_info 2 /INPUT 1 "a";
    .port_info 3 /INPUT 1 "b";
L_0000027074c597b0 .functor AND 1, v0000027074c54410_0, v0000027074c53fb0_0, C4<1>, C4<1>;
L_0000027074c59510 .functor XOR 1, v0000027074c54410_0, v0000027074c53fb0_0, C4<0>, C4<0>;
v0000027074b9d9e0_0 .net "a", 0 0, v0000027074c54410_0;  alias, 1 drivers
v0000027074c23430_0 .net "b", 0 0, v0000027074c53fb0_0;  alias, 1 drivers
v0000027074c23650_0 .net "cout", 0 0, L_0000027074c597b0;  alias, 1 drivers
v0000027074c23160_0 .net "s", 0 0, L_0000027074c59510;  alias, 1 drivers
S_0000027074c560b0 .scope module, "h1" "half_adder" 3 11, 4 1 0, S_0000027074b9d850;
 .timescale 0 0;
    .port_info 0 /OUTPUT 1 "cout";
    .port_info 1 /OUTPUT 1 "s";
    .port_info 2 /INPUT 1 "a";
    .port_info 3 /INPUT 1 "b";
L_0000027074c59820 .functor AND 1, L_0000027074c59510, v0000027074c544b0_0, C4<1>, C4<1>;
L_0000027074ca0780 .functor XOR 1, L_0000027074c59510, v0000027074c544b0_0, C4<0>, C4<0>;
v0000027074c56240_0 .net "a", 0 0, L_0000027074c59510;  alias, 1 drivers
v0000027074c562e0_0 .net "b", 0 0, v0000027074c544b0_0;  alias, 1 drivers
v0000027074b9b4b0_0 .net "cout", 0 0, L_0000027074c59820;  alias, 1 drivers
v0000027074b9b550_0 .net "s", 0 0, L_0000027074ca0780;  alias, 1 drivers
    .scope S_0000027074b9d6c0;
T_0 ;
    %vpi_call 2 15 "$monitor", "%0t, a=%0b,b=%0b,c=%0b, s=%0b,c=%0b", $time, v0000027074c54410_0, v0000027074c53fb0_0, v0000027074c544b0_0, v0000027074c54550_0, v0000027074c53790_0 {0 0 0};
    %pushi/vec4 0, 0, 3;
    %split/vec4 1;
    %store/vec4 v0000027074c544b0_0, 0, 1;
    %split/vec4 1;
    %store/vec4 v0000027074c53fb0_0, 0, 1;
    %store/vec4 v0000027074c54410_0, 0, 1;
    %delay 10, 0;
    %pushi/vec4 1, 0, 3;
    %split/vec4 1;
    %store/vec4 v0000027074c544b0_0, 0, 1;
    %split/vec4 1;
    %store/vec4 v0000027074c53fb0_0, 0, 1;
    %store/vec4 v0000027074c54410_0, 0, 1;
    %delay 10, 0;
    %pushi/vec4 2, 0, 3;
    %split/vec4 1;
    %store/vec4 v0000027074c544b0_0, 0, 1;
    %split/vec4 1;
    %store/vec4 v0000027074c53fb0_0, 0, 1;
    %store/vec4 v0000027074c54410_0, 0, 1;
    %delay 10, 0;
    %pushi/vec4 3, 0, 3;
    %split/vec4 1;
    %store/vec4 v0000027074c544b0_0, 0, 1;
    %split/vec4 1;
    %store/vec4 v0000027074c53fb0_0, 0, 1;
    %store/vec4 v0000027074c54410_0, 0, 1;
    %delay 10, 0;
    %pushi/vec4 4, 0, 3;
    %split/vec4 1;
    %store/vec4 v0000027074c544b0_0, 0, 1;
    %split/vec4 1;
    %store/vec4 v0000027074c53fb0_0, 0, 1;
    %store/vec4 v0000027074c54410_0, 0, 1;
    %delay 10, 0;
    %pushi/vec4 5, 0, 3;
    %split/vec4 1;
    %store/vec4 v0000027074c544b0_0, 0, 1;
    %split/vec4 1;
    %store/vec4 v0000027074c53fb0_0, 0, 1;
    %store/vec4 v0000027074c54410_0, 0, 1;
    %delay 10, 0;
    %pushi/vec4 6, 0, 3;
    %split/vec4 1;
    %store/vec4 v0000027074c544b0_0, 0, 1;
    %split/vec4 1;
    %store/vec4 v0000027074c53fb0_0, 0, 1;
    %store/vec4 v0000027074c54410_0, 0, 1;
    %delay 10, 0;
    %pushi/vec4 7, 0, 3;
    %split/vec4 1;
    %store/vec4 v0000027074c544b0_0, 0, 1;
    %split/vec4 1;
    %store/vec4 v0000027074c53fb0_0, 0, 1;
    %store/vec4 v0000027074c54410_0, 0, 1;
    %delay 10, 0;
    %vpi_call 2 26 "$finish" {0 0 0};
    %end;
    .thread T_0;
# The file index is used to find the file name in the following table.
:file_names 5;
    "N/A";
    "<interactive>";
    "tb_new.v";
    "./full_adder.v";
    "./half_adder.v";
